<?xml version="1.0" encoding="UTF-8"?>
<coverage generated="1600136665756" clover="3.2.0">
  <project timestamp="1600136665757" name="All files">
    <metrics statements="594" coveredstatements="222" conditionals="116" coveredconditionals="17" methods="159" coveredmethods="87" elements="869" coveredelements="326" complexity="0" loc="594" ncloc="594" packages="1" files="16" classes="16"/>
    <file name="answers.js" path="/home/sikhanyiso/Link-Website/Link Website/js/answers.js">
      <metrics statements="79" coveredstatements="23" conditionals="2" coveredconditionals="0" methods="22" coveredmethods="7"/>
      <line num="2" count="1" type="stmt"/>
      <line num="4" count="1" type="stmt"/>
      <line num="11" count="0" type="stmt"/>
      <line num="12" count="0" type="stmt"/>
      <line num="13" count="0" type="stmt"/>
      <line num="14" count="0" type="stmt"/>
      <line num="19" count="1" type="stmt"/>
      <line num="24" count="1" type="stmt"/>
      <line num="26" count="1" type="stmt"/>
      <line num="33" count="0" type="stmt"/>
      <line num="34" count="0" type="stmt"/>
      <line num="35" count="0" type="stmt"/>
      <line num="40" count="1" type="stmt"/>
      <line num="45" count="1" type="stmt"/>
      <line num="47" count="1" type="stmt"/>
      <line num="54" count="0" type="stmt"/>
      <line num="55" count="0" type="stmt"/>
      <line num="59" count="1" type="stmt"/>
      <line num="65" count="1" type="stmt"/>
      <line num="67" count="1" type="stmt"/>
      <line num="74" count="0" type="stmt"/>
      <line num="75" count="0" type="stmt"/>
      <line num="79" count="1" type="stmt"/>
      <line num="83" count="1" type="stmt"/>
      <line num="85" count="1" type="stmt"/>
      <line num="92" count="0" type="stmt"/>
      <line num="95" count="1" type="stmt"/>
      <line num="99" count="1" type="stmt"/>
      <line num="101" count="1" type="stmt"/>
      <line num="108" count="0" type="stmt"/>
      <line num="111" count="1" type="stmt"/>
      <line num="116" count="1" type="stmt"/>
      <line num="119" count="1" type="stmt"/>
      <line num="125" count="0" type="stmt"/>
      <line num="126" count="0" type="stmt"/>
      <line num="127" count="0" type="stmt"/>
      <line num="128" count="0" type="stmt"/>
      <line num="129" count="0" type="stmt"/>
      <line num="132" count="0" type="stmt"/>
      <line num="133" count="0" type="stmt"/>
      <line num="135" count="0" type="stmt"/>
      <line num="139" count="1" type="stmt"/>
      <line num="143" count="1" type="stmt"/>
      <line num="144" count="0" type="stmt"/>
      <line num="145" count="0" type="stmt"/>
      <line num="146" count="0" type="stmt"/>
      <line num="147" count="0" type="stmt"/>
      <line num="148" count="0" type="stmt"/>
      <line num="149" count="0" type="stmt"/>
      <line num="150" count="0" type="stmt"/>
      <line num="151" count="0" type="stmt"/>
      <line num="153" count="0" type="stmt"/>
      <line num="154" count="0" type="stmt"/>
      <line num="155" count="0" type="stmt"/>
      <line num="156" count="0" type="stmt"/>
      <line num="159" count="0" type="stmt"/>
      <line num="161" count="0" type="stmt"/>
      <line num="164" count="0" type="stmt"/>
      <line num="165" count="0" type="stmt"/>
      <line num="169" count="0" type="stmt"/>
      <line num="171" count="0" type="stmt"/>
      <line num="172" count="0" type="stmt"/>
      <line num="176" count="0" type="stmt"/>
      <line num="177" count="0" type="stmt"/>
      <line num="179" count="0" type="stmt"/>
      <line num="180" count="0" type="cond" truecount="0" falsecount="2"/>
      <line num="181" count="0" type="stmt"/>
      <line num="185" count="0" type="stmt"/>
      <line num="191" count="0" type="stmt"/>
      <line num="192" count="0" type="stmt"/>
      <line num="193" count="0" type="stmt"/>
      <line num="194" count="0" type="stmt"/>
      <line num="195" count="0" type="stmt"/>
      <line num="196" count="0" type="stmt"/>
      <line num="200" count="0" type="stmt"/>
      <line num="201" count="0" type="stmt"/>
      <line num="202" count="0" type="stmt"/>
      <line num="203" count="0" type="stmt"/>
      <line num="208" count="1" type="stmt"/>
    </file>
    <file name="calendar.js" path="/home/sikhanyiso/Link-Website/Link Website/js/calendar.js">
      <metrics statements="89" coveredstatements="65" conditionals="26" coveredconditionals="17" methods="13" coveredmethods="9"/>
      <line num="4" count="1" type="stmt"/>
      <line num="6" count="12" type="stmt"/>
      <line num="7" count="12" type="stmt"/>
      <line num="8" count="12" type="stmt"/>
      <line num="9" count="12" type="stmt"/>
      <line num="13" count="1" type="stmt"/>
      <line num="14" count="1" type="stmt"/>
      <line num="15" count="1" type="stmt"/>
      <line num="16" count="1" type="stmt"/>
      <line num="18" count="1" type="stmt"/>
      <line num="19" count="1" type="stmt"/>
      <line num="20" count="13" type="cond" truecount="2" falsecount="0"/>
      <line num="21" count="5" type="stmt"/>
      <line num="22" count="5" type="cond" truecount="3" falsecount="1"/>
      <line num="23" count="5" type="stmt"/>
      <line num="25" count="8" type="stmt"/>
      <line num="26" count="8" type="cond" truecount="4" falsecount="0"/>
      <line num="28" count="8" type="stmt"/>
      <line num="32" count="1" type="stmt"/>
      <line num="33" count="1" type="stmt"/>
      <line num="34" count="1" type="stmt"/>
      <line num="45" count="1" type="stmt"/>
      <line num="46" count="12" type="stmt"/>
      <line num="47" count="12" type="stmt"/>
      <line num="48" count="12" type="stmt"/>
      <line num="49" count="12" type="stmt"/>
      <line num="54" count="12" type="stmt"/>
      <line num="55" count="12" type="stmt"/>
      <line num="58" count="12" type="stmt"/>
      <line num="59" count="84" type="stmt"/>
      <line num="61" count="12" type="stmt"/>
      <line num="64" count="12" type="stmt"/>
      <line num="65" count="12" type="stmt"/>
      <line num="68" count="12" type="stmt"/>
      <line num="69" count="63" type="stmt"/>
      <line num="70" count="63" type="stmt"/>
      <line num="71" count="63" type="stmt"/>
      <line num="72" count="63" type="stmt"/>
      <line num="73" count="441" type="cond" truecount="2" falsecount="0"/>
      <line num="74" count="441" type="cond" truecount="2" falsecount="0"/>
      <line num="75" count="49" type="cond" truecount="2" falsecount="0"/>
      <line num="76" count="12" type="stmt"/>
      <line num="77" count="12" type="stmt"/>
      <line num="79" count="37" type="stmt"/>
      <line num="81" count="392" type="cond" truecount="2" falsecount="0"/>
      <line num="82" count="38" type="stmt"/>
      <line num="84" count="354" type="stmt"/>
      <line num="85" count="354" type="stmt"/>
      <line num="88" count="63" type="stmt"/>
      <line num="91" count="12" type="stmt"/>
      <line num="92" count="12" type="stmt"/>
      <line num="93" count="12" type="stmt"/>
      <line num="95" count="1" type="stmt"/>
      <line num="99" count="0" type="stmt"/>
      <line num="101" count="0" type="stmt"/>
      <line num="102" count="0" type="stmt"/>
      <line num="103" count="0" type="stmt"/>
      <line num="105" count="0" type="stmt"/>
      <line num="112" count="0" type="stmt"/>
      <line num="113" count="0" type="stmt"/>
      <line num="114" count="0" type="stmt"/>
      <line num="115" count="0" type="cond" truecount="0" falsecount="2"/>
      <line num="116" count="0" type="stmt"/>
      <line num="117" count="0" type="stmt"/>
      <line num="119" count="0" type="stmt"/>
      <line num="120" count="0" type="cond" truecount="0" falsecount="2"/>
      <line num="121" count="0" type="stmt"/>
      <line num="130" count="0" type="stmt"/>
      <line num="131" count="0" type="stmt"/>
      <line num="132" count="0" type="stmt"/>
      <line num="133" count="0" type="cond" truecount="0" falsecount="2"/>
      <line num="134" count="0" type="stmt"/>
      <line num="135" count="0" type="stmt"/>
      <line num="137" count="0" type="stmt"/>
      <line num="138" count="0" type="cond" truecount="0" falsecount="2"/>
      <line num="139" count="0" type="stmt"/>
      <line num="144" count="1" type="stmt"/>
      <line num="145" count="1" type="stmt"/>
      <line num="146" count="0" type="stmt"/>
      <line num="150" count="1" type="stmt"/>
      <line num="152" count="1" type="stmt"/>
      <line num="154" count="1" type="stmt"/>
      <line num="155" count="6" type="stmt"/>
      <line num="158" count="1" type="stmt"/>
      <line num="161" count="1" type="stmt"/>
      <line num="163" count="6" type="stmt"/>
      <line num="166" count="1" type="stmt"/>
      <line num="168" count="6" type="stmt"/>
      <line num="170" count="1" type="stmt"/>
    </file>
    <file name="eventUsers.js" path="/home/sikhanyiso/Link-Website/Link Website/js/eventUsers.js">
      <metrics statements="62" coveredstatements="11" conditionals="26" coveredconditionals="0" methods="13" coveredmethods="6"/>
      <line num="1" count="1" type="stmt"/>
      <line num="3" count="0" type="stmt"/>
      <line num="4" count="0" type="stmt"/>
      <line num="9" count="0" type="stmt"/>
      <line num="12" count="0" type="stmt"/>
      <line num="14" count="0" type="stmt"/>
      <line num="16" count="0" type="stmt"/>
      <line num="18" count="0" type="stmt"/>
      <line num="20" count="0" type="stmt"/>
      <line num="21" count="0" type="stmt"/>
      <line num="25" count="0" type="stmt"/>
      <line num="28" count="0" type="stmt"/>
      <line num="32" count="0" type="stmt"/>
      <line num="34" count="0" type="stmt"/>
      <line num="35" count="0" type="stmt"/>
      <line num="36" count="0" type="stmt"/>
      <line num="38" count="0" type="stmt"/>
      <line num="39" count="0" type="stmt"/>
      <line num="47" count="0" type="stmt"/>
      <line num="55" count="0" type="stmt"/>
      <line num="57" count="0" type="stmt"/>
      <line num="58" count="0" type="cond" truecount="0" falsecount="2"/>
      <line num="60" count="0" type="stmt"/>
      <line num="64" count="0" type="stmt"/>
      <line num="65" count="0" type="cond" truecount="0" falsecount="2"/>
      <line num="66" count="0" type="stmt"/>
      <line num="68" count="0" type="cond" truecount="0" falsecount="2"/>
      <line num="69" count="0" type="stmt"/>
      <line num="71" count="0" type="cond" truecount="0" falsecount="2"/>
      <line num="72" count="0" type="stmt"/>
      <line num="74" count="0" type="cond" truecount="0" falsecount="2"/>
      <line num="75" count="0" type="stmt"/>
      <line num="77" count="0" type="cond" truecount="0" falsecount="2"/>
      <line num="78" count="0" type="stmt"/>
      <line num="80" count="0" type="cond" truecount="0" falsecount="2"/>
      <line num="81" count="0" type="stmt"/>
      <line num="83" count="0" type="cond" truecount="0" falsecount="2"/>
      <line num="84" count="0" type="stmt"/>
      <line num="86" count="0" type="cond" truecount="0" falsecount="2"/>
      <line num="87" count="0" type="stmt"/>
      <line num="89" count="0" type="cond" truecount="0" falsecount="2"/>
      <line num="90" count="0" type="stmt"/>
      <line num="92" count="0" type="cond" truecount="0" falsecount="2"/>
      <line num="93" count="0" type="stmt"/>
      <line num="95" count="0" type="cond" truecount="0" falsecount="2"/>
      <line num="96" count="0" type="stmt"/>
      <line num="98" count="0" type="cond" truecount="0" falsecount="2"/>
      <line num="99" count="0" type="stmt"/>
      <line num="103" count="0" type="stmt"/>
      <line num="104" count="0" type="stmt"/>
      <line num="105" count="0" type="stmt"/>
      <line num="106" count="0" type="stmt"/>
      <line num="114" count="1" type="stmt"/>
      <line num="116" count="1" type="stmt"/>
      <line num="118" count="1" type="stmt"/>
      <line num="119" count="6" type="stmt"/>
      <line num="122" count="1" type="stmt"/>
      <line num="125" count="1" type="stmt"/>
      <line num="127" count="6" type="stmt"/>
      <line num="130" count="1" type="stmt"/>
      <line num="132" count="6" type="stmt"/>
      <line num="134" count="1" type="stmt"/>
    </file>
    <file name="fetchMessage.js" path="/home/sikhanyiso/Link-Website/Link Website/js/fetchMessage.js">
      <metrics statements="15" coveredstatements="10" conditionals="0" coveredconditionals="0" methods="8" coveredmethods="6"/>
      <line num="2" count="0" type="stmt"/>
      <line num="14" count="0" type="stmt"/>
      <line num="15" count="0" type="stmt"/>
      <line num="16" count="0" type="stmt"/>
      <line num="17" count="0" type="stmt"/>
      <line num="28" count="1" type="stmt"/>
      <line num="30" count="1" type="stmt"/>
      <line num="32" count="1" type="stmt"/>
      <line num="33" count="6" type="stmt"/>
      <line num="36" count="1" type="stmt"/>
      <line num="39" count="1" type="stmt"/>
      <line num="41" count="6" type="stmt"/>
      <line num="44" count="1" type="stmt"/>
      <line num="46" count="6" type="stmt"/>
      <line num="48" count="1" type="stmt"/>
    </file>
    <file name="getUsers.js" path="/home/sikhanyiso/Link-Website/Link Website/js/getUsers.js">
      <metrics statements="0" coveredstatements="0" conditionals="0" coveredconditionals="0" methods="0" coveredmethods="0"/>
    </file>
    <file name="logevent.js" path="/home/sikhanyiso/Link-Website/Link Website/js/logevent.js">
      <metrics statements="66" coveredstatements="2" conditionals="24" coveredconditionals="0" methods="12" coveredmethods="0"/>
      <line num="1" count="1" type="stmt"/>
      <line num="99" count="1" type="stmt"/>
      <line num="103" count="0" type="cond" truecount="0" falsecount="2"/>
      <line num="104" count="0" type="stmt"/>
      <line num="106" count="0" type="cond" truecount="0" falsecount="2"/>
      <line num="107" count="0" type="stmt"/>
      <line num="109" count="0" type="cond" truecount="0" falsecount="2"/>
      <line num="110" count="0" type="stmt"/>
      <line num="112" count="0" type="cond" truecount="0" falsecount="2"/>
      <line num="113" count="0" type="stmt"/>
      <line num="115" count="0" type="cond" truecount="0" falsecount="2"/>
      <line num="116" count="0" type="stmt"/>
      <line num="118" count="0" type="cond" truecount="0" falsecount="2"/>
      <line num="119" count="0" type="stmt"/>
      <line num="121" count="0" type="cond" truecount="0" falsecount="2"/>
      <line num="122" count="0" type="stmt"/>
      <line num="124" count="0" type="cond" truecount="0" falsecount="2"/>
      <line num="125" count="0" type="stmt"/>
      <line num="127" count="0" type="cond" truecount="0" falsecount="2"/>
      <line num="128" count="0" type="stmt"/>
      <line num="130" count="0" type="cond" truecount="0" falsecount="2"/>
      <line num="131" count="0" type="stmt"/>
      <line num="133" count="0" type="cond" truecount="0" falsecount="2"/>
      <line num="134" count="0" type="stmt"/>
      <line num="136" count="0" type="cond" truecount="0" falsecount="2"/>
      <line num="137" count="0" type="stmt"/>
      <line num="141" count="0" type="stmt"/>
      <line num="142" count="0" type="stmt"/>
      <line num="143" count="0" type="stmt"/>
      <line num="144" count="0" type="stmt"/>
      <line num="145" count="0" type="stmt"/>
      <line num="148" count="0" type="stmt"/>
      <line num="153" count="0" type="stmt"/>
      <line num="154" count="0" type="stmt"/>
      <line num="155" count="0" type="stmt"/>
      <line num="158" count="0" type="stmt"/>
      <line num="159" count="0" type="stmt"/>
      <line num="160" count="0" type="stmt"/>
      <line num="161" count="0" type="stmt"/>
      <line num="162" count="0" type="stmt"/>
      <line num="163" count="0" type="stmt"/>
      <line num="166" count="0" type="stmt"/>
      <line num="167" count="0" type="stmt"/>
      <line num="168" count="0" type="stmt"/>
      <line num="171" count="0" type="stmt"/>
      <line num="172" count="0" type="stmt"/>
      <line num="177" count="0" type="stmt"/>
      <line num="178" count="0" type="stmt"/>
      <line num="179" count="0" type="stmt"/>
      <line num="180" count="0" type="stmt"/>
      <line num="182" count="0" type="stmt"/>
      <line num="183" count="0" type="stmt"/>
      <line num="185" count="0" type="stmt"/>
      <line num="196" count="0" type="stmt"/>
      <line num="211" count="0" type="stmt"/>
      <line num="212" count="0" type="stmt"/>
      <line num="223" count="0" type="stmt"/>
      <line num="225" count="0" type="stmt"/>
      <line num="227" count="0" type="stmt"/>
      <line num="228" count="0" type="stmt"/>
      <line num="231" count="0" type="stmt"/>
      <line num="234" count="0" type="stmt"/>
      <line num="236" count="0" type="stmt"/>
      <line num="239" count="0" type="stmt"/>
      <line num="241" count="0" type="stmt"/>
      <line num="243" count="0" type="stmt"/>
    </file>
    <file name="login.js" path="/home/sikhanyiso/Link-Website/Link Website/js/login.js">
      <metrics statements="31" coveredstatements="11" conditionals="8" coveredconditionals="0" methods="9" coveredmethods="6"/>
      <line num="1" count="1" type="stmt"/>
      <line num="2" count="0" type="stmt"/>
      <line num="3" count="0" type="stmt"/>
      <line num="6" count="0" type="stmt"/>
      <line num="7" count="0" type="stmt"/>
      <line num="11" count="0" type="stmt"/>
      <line num="14" count="0" type="cond" truecount="0" falsecount="2"/>
      <line num="15" count="0" type="stmt"/>
      <line num="17" count="0" type="cond" truecount="0" falsecount="2"/>
      <line num="18" count="0" type="stmt"/>
      <line num="23" count="0" type="stmt"/>
      <line num="40" count="0" type="stmt"/>
      <line num="41" count="0" type="stmt"/>
      <line num="42" count="0" type="stmt"/>
      <line num="43" count="0" type="stmt"/>
      <line num="46" count="0" type="stmt"/>
      <line num="47" count="0" type="cond" truecount="0" falsecount="2"/>
      <line num="48" count="0" type="stmt"/>
      <line num="49" count="0" type="stmt"/>
      <line num="51" count="0" type="cond" truecount="0" falsecount="2"/>
      <line num="52" count="0" type="stmt"/>
      <line num="61" count="1" type="stmt"/>
      <line num="63" count="1" type="stmt"/>
      <line num="65" count="1" type="stmt"/>
      <line num="66" count="6" type="stmt"/>
      <line num="69" count="1" type="stmt"/>
      <line num="72" count="1" type="stmt"/>
      <line num="74" count="6" type="stmt"/>
      <line num="77" count="1" type="stmt"/>
      <line num="79" count="6" type="stmt"/>
      <line num="81" count="1" type="stmt"/>
    </file>
    <file name="main.js" path="/home/sikhanyiso/Link-Website/Link Website/js/main.js">
      <metrics statements="8" coveredstatements="7" conditionals="0" coveredconditionals="0" methods="4" coveredmethods="3"/>
      <line num="3" count="0" type="stmt"/>
      <line num="5" count="1" type="stmt"/>
      <line num="7" count="6" type="stmt"/>
      <line num="8" count="1" type="stmt"/>
      <line num="9" count="3" type="stmt"/>
      <line num="10" count="6" type="stmt"/>
      <line num="13" count="3" type="stmt"/>
      <line num="16" count="1" type="stmt"/>
    </file>
    <file name="post.js" path="/home/sikhanyiso/Link-Website/Link Website/js/post.js">
      <metrics statements="27" coveredstatements="11" conditionals="6" coveredconditionals="0" methods="9" coveredmethods="6"/>
      <line num="1" count="1" type="stmt"/>
      <line num="2" count="0" type="stmt"/>
      <line num="3" count="0" type="stmt"/>
      <line num="5" count="0" type="stmt"/>
      <line num="6" count="0" type="stmt"/>
      <line num="7" count="0" type="stmt"/>
      <line num="9" count="0" type="stmt"/>
      <line num="12" count="0" type="cond" truecount="0" falsecount="2"/>
      <line num="13" count="0" type="stmt"/>
      <line num="15" count="0" type="cond" truecount="0" falsecount="2"/>
      <line num="16" count="0" type="stmt"/>
      <line num="21" count="0" type="stmt"/>
      <line num="33" count="0" type="stmt"/>
      <line num="34" count="0" type="cond" truecount="0" falsecount="2"/>
      <line num="35" count="0" type="stmt"/>
      <line num="36" count="0" type="stmt"/>
      <line num="37" count="0" type="stmt"/>
      <line num="52" count="1" type="stmt"/>
      <line num="54" count="1" type="stmt"/>
      <line num="56" count="1" type="stmt"/>
      <line num="57" count="6" type="stmt"/>
      <line num="60" count="1" type="stmt"/>
      <line num="63" count="1" type="stmt"/>
      <line num="65" count="6" type="stmt"/>
      <line num="68" count="1" type="stmt"/>
      <line num="70" count="6" type="stmt"/>
      <line num="72" count="1" type="stmt"/>
    </file>
    <file name="profile.js" path="/home/sikhanyiso/Link-Website/Link Website/js/profile.js">
      <metrics statements="25" coveredstatements="11" conditionals="0" coveredconditionals="0" methods="8" coveredmethods="6"/>
      <line num="1" count="1" type="stmt"/>
      <line num="3" count="0" type="stmt"/>
      <line num="6" count="0" type="stmt"/>
      <line num="7" count="0" type="stmt"/>
      <line num="10" count="0" type="stmt"/>
      <line num="19" count="0" type="stmt"/>
      <line num="20" count="0" type="stmt"/>
      <line num="21" count="0" type="stmt"/>
      <line num="22" count="0" type="stmt"/>
      <line num="23" count="0" type="stmt"/>
      <line num="24" count="0" type="stmt"/>
      <line num="26" count="0" type="stmt"/>
      <line num="27" count="0" type="stmt"/>
      <line num="28" count="0" type="stmt"/>
      <line num="29" count="0" type="stmt"/>
      <line num="39" count="1" type="stmt"/>
      <line num="41" count="1" type="stmt"/>
      <line num="43" count="1" type="stmt"/>
      <line num="44" count="6" type="stmt"/>
      <line num="47" count="1" type="stmt"/>
      <line num="50" count="1" type="stmt"/>
      <line num="52" count="6" type="stmt"/>
      <line num="55" count="1" type="stmt"/>
      <line num="57" count="6" type="stmt"/>
      <line num="59" count="1" type="stmt"/>
    </file>
    <file name="questions.js" path="/home/sikhanyiso/Link-Website/Link Website/js/questions.js">
      <metrics statements="60" coveredstatements="17" conditionals="4" coveredconditionals="0" methods="17" coveredmethods="8"/>
      <line num="1" count="1" type="stmt"/>
      <line num="3" count="1" type="stmt"/>
      <line num="5" count="1" type="stmt"/>
      <line num="6" count="6" type="stmt"/>
      <line num="9" count="1" type="stmt"/>
      <line num="12" count="1" type="stmt"/>
      <line num="14" count="6" type="stmt"/>
      <line num="17" count="1" type="stmt"/>
      <line num="19" count="6" type="stmt"/>
      <line num="23" count="1" type="stmt"/>
      <line num="25" count="1" type="stmt"/>
      <line num="32" count="0" type="stmt"/>
      <line num="33" count="0" type="stmt"/>
      <line num="34" count="0" type="stmt"/>
      <line num="35" count="0" type="stmt"/>
      <line num="36" count="0" type="stmt"/>
      <line num="40" count="1" type="stmt"/>
      <line num="45" count="1" type="stmt"/>
      <line num="47" count="1" type="stmt"/>
      <line num="55" count="0" type="stmt"/>
      <line num="56" count="0" type="stmt"/>
      <line num="57" count="0" type="stmt"/>
      <line num="58" count="0" type="stmt"/>
      <line num="59" count="0" type="stmt"/>
      <line num="63" count="0" type="stmt"/>
      <line num="64" count="0" type="stmt"/>
      <line num="69" count="1" type="stmt"/>
      <line num="72" count="1" type="stmt"/>
      <line num="73" count="0" type="stmt"/>
      <line num="75" count="0" type="stmt"/>
      <line num="78" count="0" type="stmt"/>
      <line num="81" count="0" type="stmt"/>
      <line num="82" count="0" type="stmt"/>
      <line num="83" count="0" type="cond" truecount="0" falsecount="2"/>
      <line num="84" count="0" type="stmt"/>
      <line num="90" count="0" type="stmt"/>
      <line num="91" count="0" type="stmt"/>
      <line num="92" count="0" type="stmt"/>
      <line num="93" count="0" type="stmt"/>
      <line num="94" count="0" type="stmt"/>
      <line num="99" count="0" type="stmt"/>
      <line num="101" count="0" type="stmt"/>
      <line num="102" count="0" type="stmt"/>
      <line num="103" count="0" type="stmt"/>
      <line num="105" count="0" type="stmt"/>
      <line num="106" count="0" type="cond" truecount="0" falsecount="2"/>
      <line num="107" count="0" type="stmt"/>
      <line num="111" count="0" type="stmt"/>
      <line num="112" count="0" type="stmt"/>
      <line num="116" count="0" type="stmt"/>
      <line num="118" count="0" type="stmt"/>
      <line num="119" count="0" type="stmt"/>
      <line num="120" count="0" type="stmt"/>
      <line num="121" count="0" type="stmt"/>
      <line num="122" count="0" type="stmt"/>
      <line num="123" count="0" type="stmt"/>
      <line num="124" count="0" type="stmt"/>
      <line num="125" count="0" type="stmt"/>
      <line num="126" count="0" type="stmt"/>
      <line num="130" count="1" type="stmt"/>
    </file>
    <file name="register.js" path="/home/sikhanyiso/Link-Website/Link Website/js/register.js">
      <metrics statements="42" coveredstatements="11" conditionals="18" coveredconditionals="0" methods="9" coveredmethods="6"/>
      <line num="1" count="1" type="stmt"/>
      <line num="2" count="0" type="stmt"/>
      <line num="3" count="0" type="stmt"/>
      <line num="5" count="0" type="stmt"/>
      <line num="6" count="0" type="stmt"/>
      <line num="7" count="0" type="stmt"/>
      <line num="8" count="0" type="stmt"/>
      <line num="9" count="0" type="stmt"/>
      <line num="10" count="0" type="stmt"/>
      <line num="14" count="0" type="stmt"/>
      <line num="18" count="0" type="cond" truecount="0" falsecount="2"/>
      <line num="19" count="0" type="stmt"/>
      <line num="22" count="0" type="cond" truecount="0" falsecount="2"/>
      <line num="23" count="0" type="stmt"/>
      <line num="25" count="0" type="cond" truecount="0" falsecount="2"/>
      <line num="26" count="0" type="stmt"/>
      <line num="28" count="0" type="cond" truecount="0" falsecount="2"/>
      <line num="29" count="0" type="stmt"/>
      <line num="31" count="0" type="stmt"/>
      <line num="32" count="0" type="stmt"/>
      <line num="33" count="0" type="cond" truecount="0" falsecount="2"/>
      <line num="34" count="0" type="stmt"/>
      <line num="38" count="0" type="cond" truecount="0" falsecount="2"/>
      <line num="39" count="0" type="stmt"/>
      <line num="41" count="0" type="cond" truecount="0" falsecount="2"/>
      <line num="42" count="0" type="stmt"/>
      <line num="46" count="0" type="stmt"/>
      <line num="61" count="0" type="stmt"/>
      <line num="62" count="0" type="cond" truecount="0" falsecount="2"/>
      <line num="63" count="0" type="stmt"/>
      <line num="65" count="0" type="cond" truecount="0" falsecount="2"/>
      <line num="66" count="0" type="stmt"/>
      <line num="76" count="1" type="stmt"/>
      <line num="78" count="1" type="stmt"/>
      <line num="80" count="1" type="stmt"/>
      <line num="81" count="6" type="stmt"/>
      <line num="84" count="1" type="stmt"/>
      <line num="87" count="1" type="stmt"/>
      <line num="89" count="6" type="stmt"/>
      <line num="92" count="1" type="stmt"/>
      <line num="94" count="6" type="stmt"/>
      <line num="96" count="1" type="stmt"/>
    </file>
    <file name="sendMessages.js" path="/home/sikhanyiso/Link-Website/Link Website/js/sendMessages.js">
      <metrics statements="42" coveredstatements="11" conditionals="2" coveredconditionals="0" methods="12" coveredmethods="6"/>
      <line num="1" count="1" type="stmt"/>
      <line num="6" count="0" type="stmt"/>
      <line num="9" count="0" type="stmt"/>
      <line num="11" count="0" type="stmt"/>
      <line num="14" count="0" type="stmt"/>
      <line num="16" count="0" type="stmt"/>
      <line num="18" count="0" type="stmt"/>
      <line num="19" count="0" type="stmt"/>
      <line num="20" count="0" type="stmt"/>
      <line num="24" count="0" type="stmt"/>
      <line num="27" count="0" type="stmt"/>
      <line num="29" count="0" type="stmt"/>
      <line num="30" count="0" type="stmt"/>
      <line num="31" count="0" type="stmt"/>
      <line num="32" count="0" type="stmt"/>
      <line num="34" count="0" type="stmt"/>
      <line num="35" count="0" type="stmt"/>
      <line num="36" count="0" type="stmt"/>
      <line num="39" count="0" type="stmt"/>
      <line num="40" count="0" type="stmt"/>
      <line num="41" count="0" type="stmt"/>
      <line num="49" count="0" type="stmt"/>
      <line num="50" count="0" type="stmt"/>
      <line num="55" count="0" type="stmt"/>
      <line num="56" count="0" type="stmt"/>
      <line num="57" count="0" type="stmt"/>
      <line num="58" count="0" type="stmt"/>
      <line num="59" count="0" type="stmt"/>
      <line num="67" count="0" type="cond" truecount="0" falsecount="2"/>
      <line num="68" count="0" type="stmt"/>
      <line num="73" count="0" type="stmt"/>
      <line num="86" count="0" type="stmt"/>
      <line num="94" count="1" type="stmt"/>
      <line num="96" count="1" type="stmt"/>
      <line num="98" count="1" type="stmt"/>
      <line num="99" count="6" type="stmt"/>
      <line num="102" count="1" type="stmt"/>
      <line num="105" count="1" type="stmt"/>
      <line num="107" count="6" type="stmt"/>
      <line num="110" count="1" type="stmt"/>
      <line num="112" count="6" type="stmt"/>
      <line num="114" count="1" type="stmt"/>
    </file>
    <file name="uploadPic.js" path="/home/sikhanyiso/Link-Website/Link Website/js/uploadPic.js">
      <metrics statements="14" coveredstatements="11" conditionals="0" coveredconditionals="0" methods="9" coveredmethods="6"/>
      <line num="3" count="1" type="stmt"/>
      <line num="5" count="0" type="stmt"/>
      <line num="10" count="0" type="stmt"/>
      <line num="27" count="0" type="stmt"/>
      <line num="34" count="1" type="stmt"/>
      <line num="36" count="1" type="stmt"/>
      <line num="38" count="1" type="stmt"/>
      <line num="39" count="6" type="stmt"/>
      <line num="42" count="1" type="stmt"/>
      <line num="45" count="1" type="stmt"/>
      <line num="47" count="6" type="stmt"/>
      <line num="50" count="1" type="stmt"/>
      <line num="52" count="6" type="stmt"/>
      <line num="54" count="1" type="stmt"/>
    </file>
    <file name="user_profile.js" path="/home/sikhanyiso/Link-Website/Link Website/js/user_profile.js">
      <metrics statements="24" coveredstatements="11" conditionals="0" coveredconditionals="0" methods="8" coveredmethods="6"/>
      <line num="1" count="1" type="stmt"/>
      <line num="4" count="0" type="stmt"/>
      <line num="5" count="0" type="stmt"/>
      <line num="6" count="0" type="stmt"/>
      <line num="15" count="0" type="stmt"/>
      <line num="16" count="0" type="stmt"/>
      <line num="17" count="0" type="stmt"/>
      <line num="18" count="0" type="stmt"/>
      <line num="19" count="0" type="stmt"/>
      <line num="22" count="0" type="stmt"/>
      <line num="23" count="0" type="stmt"/>
      <line num="24" count="0" type="stmt"/>
      <line num="25" count="0" type="stmt"/>
      <line num="26" count="0" type="stmt"/>
      <line num="36" count="1" type="stmt"/>
      <line num="38" count="1" type="stmt"/>
      <line num="40" count="1" type="stmt"/>
      <line num="41" count="6" type="stmt"/>
      <line num="44" count="1" type="stmt"/>
      <line num="47" count="1" type="stmt"/>
      <line num="49" count="6" type="stmt"/>
      <line num="52" count="1" type="stmt"/>
      <line num="54" count="6" type="stmt"/>
      <line num="56" count="1" type="stmt"/>
    </file>
    <file name="users.js" path="/home/sikhanyiso/Link-Website/Link Website/js/users.js">
      <metrics statements="10" coveredstatements="10" conditionals="0" coveredconditionals="0" methods="6" coveredmethods="6"/>
      <line num="1" count="1" type="stmt"/>
      <line num="3" count="1" type="stmt"/>
      <line num="5" count="1" type="stmt"/>
      <line num="6" count="6" type="stmt"/>
      <line num="9" count="1" type="stmt"/>
      <line num="12" count="1" type="stmt"/>
      <line num="14" count="6" type="stmt"/>
      <line num="17" count="1" type="stmt"/>
      <line num="19" count="6" type="stmt"/>
      <line num="22" count="1" type="stmt"/>
    </file>
  </project>
</coverage>
