{"/home/sikhanyiso/Link-Website/Link Website/js/answers.js": {"path":"/home/sikhanyiso/Link-Website/Link Website/js/answers.js","statementMap":{"0":{"start":{"line":1,"column":0},"end":{"line":153,"column":3}},"1":{"start":{"line":2,"column":18},"end":{"line":2,"column":50}},"2":{"start":{"line":3,"column":17},"end":{"line":3,"column":48}},"3":{"start":{"line":4,"column":16},"end":{"line":4,"column":46}},"4":{"start":{"line":5,"column":18},"end":{"line":5,"column":50}},"5":{"start":{"line":6,"column":14},"end":{"line":6,"column":42}},"6":{"start":{"line":7,"column":15},"end":{"line":7,"column":44}},"7":{"start":{"line":8,"column":16},"end":{"line":8,"column":46}},"8":{"start":{"line":9,"column":18},"end":{"line":9,"column":26}},"9":{"start":{"line":11,"column":3},"end":{"line":11,"column":29}},"10":{"start":{"line":12,"column":3},"end":{"line":12,"column":41}},"11":{"start":{"line":13,"column":3},"end":{"line":13,"column":25}},"12":{"start":{"line":14,"column":3},"end":{"line":14,"column":33}},"13":{"start":{"line":17,"column":3},"end":{"line":30,"column":3}},"14":{"start":{"line":24,"column":19},"end":{"line":24,"column":41}},"15":{"start":{"line":25,"column":21},"end":{"line":25,"column":50}},"16":{"start":{"line":26,"column":23},"end":{"line":26,"column":49}},"17":{"start":{"line":27,"column":8},"end":{"line":27,"column":41}},"18":{"start":{"line":32,"column":0},"end":{"line":45,"column":3}},"19":{"start":{"line":39,"column":6},"end":{"line":39,"column":36}},"20":{"start":{"line":40,"column":6},"end":{"line":42,"column":6}},"21":{"start":{"line":41,"column":7},"end":{"line":41,"column":33}},"22":{"start":{"line":48,"column":0},"end":{"line":61,"column":3}},"23":{"start":{"line":49,"column":2},"end":{"line":60,"column":8}},"24":{"start":{"line":56,"column":8},"end":{"line":56,"column":32}},"25":{"start":{"line":57,"column":8},"end":{"line":57,"column":37}},"26":{"start":{"line":64,"column":0},"end":{"line":80,"column":3}},"27":{"start":{"line":66,"column":2},"end":{"line":66,"column":32}},"28":{"start":{"line":67,"column":2},"end":{"line":78,"column":8}},"29":{"start":{"line":74,"column":8},"end":{"line":74,"column":32}},"30":{"start":{"line":75,"column":8},"end":{"line":75,"column":37}},"31":{"start":{"line":83,"column":0},"end":{"line":114,"column":3}},"32":{"start":{"line":84,"column":21},"end":{"line":84,"column":44}},"33":{"start":{"line":86,"column":14},"end":{"line":86,"column":34}},"34":{"start":{"line":87,"column":4},"end":{"line":112,"column":4}},"35":{"start":{"line":88,"column":6},"end":{"line":107,"column":9}},"36":{"start":{"line":94,"column":12},"end":{"line":94,"column":42}},"37":{"start":{"line":95,"column":23},"end":{"line":95,"column":48}},"38":{"start":{"line":96,"column":10},"end":{"line":99,"column":19}},"39":{"start":{"line":97,"column":13},"end":{"line":97,"column":55}},"40":{"start":{"line":98,"column":13},"end":{"line":98,"column":68}},"41":{"start":{"line":101,"column":10},"end":{"line":101,"column":29}},"42":{"start":{"line":102,"column":10},"end":{"line":102,"column":54}},"43":{"start":{"line":104,"column":10},"end":{"line":104,"column":59}},"44":{"start":{"line":111,"column":5},"end":{"line":111,"column":51}},"45":{"start":{"line":117,"column":0},"end":{"line":133,"column":3}},"46":{"start":{"line":118,"column":4},"end":{"line":118,"column":30}},"47":{"start":{"line":119,"column":4},"end":{"line":119,"column":31}},"48":{"start":{"line":120,"column":4},"end":{"line":120,"column":55}},"49":{"start":{"line":121,"column":4},"end":{"line":121,"column":49}},"50":{"start":{"line":122,"column":4},"end":{"line":132,"column":10}},"51":{"start":{"line":129,"column":10},"end":{"line":129,"column":39}},"52":{"start":{"line":136,"column":0},"end":{"line":151,"column":3}},"53":{"start":{"line":137,"column":4},"end":{"line":137,"column":34}},"54":{"start":{"line":138,"column":4},"end":{"line":138,"column":58}},"55":{"start":{"line":139,"column":4},"end":{"line":139,"column":18}},"56":{"start":{"line":140,"column":4},"end":{"line":150,"column":10}},"57":{"start":{"line":147,"column":10},"end":{"line":147,"column":39}}},"fnMap":{"0":{"name":"(anonymous_0)","decl":{"start":{"line":1,"column":18},"end":{"line":1,"column":19}},"loc":{"start":{"line":1,"column":28},"end":{"line":153,"column":1}},"line":1},"1":{"name":"(anonymous_1)","decl":{"start":{"line":23,"column":14},"end":{"line":23,"column":15}},"loc":{"start":{"line":23,"column":37},"end":{"line":29,"column":1}},"line":23},"2":{"name":"(anonymous_2)","decl":{"start":{"line":38,"column":11},"end":{"line":38,"column":12}},"loc":{"start":{"line":38,"column":34},"end":{"line":44,"column":1}},"line":38},"3":{"name":"(anonymous_3)","decl":{"start":{"line":40,"column":19},"end":{"line":40,"column":20}},"loc":{"start":{"line":40,"column":39},"end":{"line":42,"column":4}},"line":40},"4":{"name":"(anonymous_4)","decl":{"start":{"line":48,"column":37},"end":{"line":48,"column":38}},"loc":{"start":{"line":48,"column":49},"end":{"line":61,"column":1}},"line":48},"5":{"name":"(anonymous_5)","decl":{"start":{"line":55,"column":13},"end":{"line":55,"column":14}},"loc":{"start":{"line":55,"column":37},"end":{"line":59,"column":8}},"line":55},"6":{"name":"(anonymous_6)","decl":{"start":{"line":64,"column":37},"end":{"line":64,"column":38}},"loc":{"start":{"line":64,"column":49},"end":{"line":80,"column":1}},"line":64},"7":{"name":"(anonymous_7)","decl":{"start":{"line":73,"column":13},"end":{"line":73,"column":14}},"loc":{"start":{"line":73,"column":37},"end":{"line":77,"column":8}},"line":73},"8":{"name":"(anonymous_8)","decl":{"start":{"line":83,"column":41},"end":{"line":83,"column":42}},"loc":{"start":{"line":83,"column":51},"end":{"line":114,"column":1}},"line":83},"9":{"name":"(anonymous_9)","decl":{"start":{"line":93,"column":17},"end":{"line":93,"column":18}},"loc":{"start":{"line":93,"column":40},"end":{"line":106,"column":7}},"line":93},"10":{"name":"(anonymous_10)","decl":{"start":{"line":96,"column":23},"end":{"line":96,"column":24}},"loc":{"start":{"line":96,"column":43},"end":{"line":99,"column":17}},"line":96},"11":{"name":"(anonymous_11)","decl":{"start":{"line":117,"column":41},"end":{"line":117,"column":42}},"loc":{"start":{"line":117,"column":52},"end":{"line":133,"column":1}},"line":117},"12":{"name":"(anonymous_12)","decl":{"start":{"line":128,"column":15},"end":{"line":128,"column":16}},"loc":{"start":{"line":128,"column":39},"end":{"line":131,"column":10}},"line":128},"13":{"name":"(anonymous_13)","decl":{"start":{"line":136,"column":40},"end":{"line":136,"column":41}},"loc":{"start":{"line":136,"column":51},"end":{"line":151,"column":1}},"line":136},"14":{"name":"(anonymous_14)","decl":{"start":{"line":146,"column":15},"end":{"line":146,"column":16}},"loc":{"start":{"line":146,"column":39},"end":{"line":149,"column":10}},"line":146}},"branchMap":{"0":{"loc":{"start":{"line":87,"column":4},"end":{"line":112,"column":4}},"type":"if","locations":[{"start":{"line":87,"column":4},"end":{"line":112,"column":4}},{"start":{"line":87,"column":4},"end":{"line":112,"column":4}}],"line":87}},"s":{"0":1,"1":0,"2":0,"3":0,"4":0,"5":0,"6":0,"7":0,"8":0,"9":0,"10":0,"11":0,"12":0,"13":0,"14":0,"15":0,"16":0,"17":0,"18":0,"19":0,"20":0,"21":0,"22":0,"23":0,"24":0,"25":0,"26":0,"27":0,"28":0,"29":0,"30":0,"31":0,"32":0,"33":0,"34":0,"35":0,"36":0,"37":0,"38":0,"39":0,"40":0,"41":0,"42":0,"43":0,"44":0,"45":0,"46":0,"47":0,"48":0,"49":0,"50":0,"51":0,"52":0,"53":0,"54":0,"55":0,"56":0,"57":0},"f":{"0":0,"1":0,"2":0,"3":0,"4":0,"5":0,"6":0,"7":0,"8":0,"9":0,"10":0,"11":0,"12":0,"13":0,"14":0},"b":{"0":[0,0]},"_coverageSchema":"1a1c01bbd47fc00a2c39e90264f33305004495a9","hash":"d58abfd51067295d34f7eed2b0c1f95adf3e03a4"}
,"/home/sikhanyiso/Link-Website/Link Website/js/app-users.js": {"path":"/home/sikhanyiso/Link-Website/Link Website/js/app-users.js","statementMap":{"0":{"start":{"line":1,"column":14},"end":{"line":1,"column":32}},"1":{"start":{"line":4,"column":14},"end":{"line":4,"column":31}},"2":{"start":{"line":5,"column":4},"end":{"line":5,"column":26}},"3":{"start":{"line":8,"column":0},"end":{"line":8,"column":11}},"4":{"start":{"line":9,"column":0},"end":{"line":9,"column":23}}},"fnMap":{"0":{"name":"showData","decl":{"start":{"line":3,"column":15},"end":{"line":3,"column":23}},"loc":{"start":{"line":3,"column":26},"end":{"line":6,"column":1}},"line":3}},"branchMap":{},"s":{"0":0,"1":0,"2":0,"3":0,"4":0},"f":{"0":0},"b":{}}
,"/home/sikhanyiso/Link-Website/Link Website/js/eventUsers.js": {"path":"/home/sikhanyiso/Link-Website/Link Website/js/eventUsers.js","statementMap":{"0":{"start":{"line":1,"column":0},"end":{"line":119,"column":3}},"1":{"start":{"line":3,"column":4},"end":{"line":6,"column":7}},"2":{"start":{"line":4,"column":8},"end":{"line":4,"column":40}},"3":{"start":{"line":9,"column":4},"end":{"line":26,"column":11}},"4":{"start":{"line":12,"column":27},"end":{"line":12,"column":29}},"5":{"start":{"line":14,"column":12},"end":{"line":22,"column":15}},"6":{"start":{"line":16,"column":16},"end":{"line":17,"column":28}},"7":{"start":{"line":18,"column":16},"end":{"line":19,"column":45}},"8":{"start":{"line":20,"column":16},"end":{"line":20,"column":89}},"9":{"start":{"line":21,"column":16},"end":{"line":21,"column":37}},"10":{"start":{"line":25,"column":12},"end":{"line":25,"column":41}},"11":{"start":{"line":28,"column":19},"end":{"line":28,"column":27}},"12":{"start":{"line":32,"column":8},"end":{"line":40,"column":11}},"13":{"start":{"line":34,"column":10},"end":{"line":34,"column":33}},"14":{"start":{"line":35,"column":19},"end":{"line":35,"column":40}},"15":{"start":{"line":36,"column":21},"end":{"line":36,"column":48}},"16":{"start":{"line":38,"column":10},"end":{"line":38,"column":25}},"17":{"start":{"line":39,"column":10},"end":{"line":39,"column":31}},"18":{"start":{"line":47,"column":8},"end":{"line":110,"column":11}},"19":{"start":{"line":55,"column":25},"end":{"line":55,"column":47}},"20":{"start":{"line":57,"column":14},"end":{"line":62,"column":15}},"21":{"start":{"line":57,"column":25},"end":{"line":57,"column":26}},"22":{"start":{"line":58,"column":16},"end":{"line":61,"column":17}},"23":{"start":{"line":60,"column":20},"end":{"line":60,"column":55}},"24":{"start":{"line":64,"column":14},"end":{"line":101,"column":15}},"25":{"start":{"line":64,"column":25},"end":{"line":64,"column":26}},"26":{"start":{"line":65,"column":16},"end":{"line":100,"column":17}},"27":{"start":{"line":66,"column":18},"end":{"line":66,"column":44}},"28":{"start":{"line":68,"column":21},"end":{"line":100,"column":17}},"29":{"start":{"line":69,"column":18},"end":{"line":69,"column":45}},"30":{"start":{"line":71,"column":21},"end":{"line":100,"column":17}},"31":{"start":{"line":72,"column":18},"end":{"line":72,"column":42}},"32":{"start":{"line":74,"column":21},"end":{"line":100,"column":17}},"33":{"start":{"line":75,"column":18},"end":{"line":75,"column":42}},"34":{"start":{"line":77,"column":21},"end":{"line":100,"column":17}},"35":{"start":{"line":78,"column":18},"end":{"line":78,"column":40}},"36":{"start":{"line":80,"column":21},"end":{"line":100,"column":17}},"37":{"start":{"line":81,"column":18},"end":{"line":81,"column":41}},"38":{"start":{"line":83,"column":21},"end":{"line":100,"column":17}},"39":{"start":{"line":84,"column":18},"end":{"line":84,"column":41}},"40":{"start":{"line":86,"column":21},"end":{"line":100,"column":17}},"41":{"start":{"line":87,"column":18},"end":{"line":87,"column":43}},"42":{"start":{"line":89,"column":21},"end":{"line":100,"column":17}},"43":{"start":{"line":90,"column":18},"end":{"line":90,"column":46}},"44":{"start":{"line":92,"column":21},"end":{"line":100,"column":17}},"45":{"start":{"line":93,"column":18},"end":{"line":93,"column":44}},"46":{"start":{"line":95,"column":21},"end":{"line":100,"column":17}},"47":{"start":{"line":96,"column":18},"end":{"line":96,"column":45}},"48":{"start":{"line":98,"column":21},"end":{"line":100,"column":17}},"49":{"start":{"line":99,"column":18},"end":{"line":99,"column":45}},"50":{"start":{"line":103,"column":14},"end":{"line":103,"column":30}},"51":{"start":{"line":104,"column":27},"end":{"line":104,"column":55}},"52":{"start":{"line":105,"column":29},"end":{"line":105,"column":55}},"53":{"start":{"line":106,"column":14},"end":{"line":106,"column":47}}},"fnMap":{"0":{"name":"(anonymous_0)","decl":{"start":{"line":1,"column":18},"end":{"line":1,"column":19}},"loc":{"start":{"line":1,"column":30},"end":{"line":119,"column":1}},"line":1},"1":{"name":"(anonymous_1)","decl":{"start":{"line":3,"column":25},"end":{"line":3,"column":26}},"loc":{"start":{"line":3,"column":36},"end":{"line":6,"column":5}},"line":3},"2":{"name":"(anonymous_2)","decl":{"start":{"line":11,"column":8},"end":{"line":11,"column":9}},"loc":{"start":{"line":11,"column":24},"end":{"line":26,"column":9}},"line":11},"3":{"name":"(anonymous_3)","decl":{"start":{"line":14,"column":25},"end":{"line":14,"column":26}},"loc":{"start":{"line":14,"column":47},"end":{"line":22,"column":13}},"line":14},"4":{"name":"(anonymous_4)","decl":{"start":{"line":32,"column":41},"end":{"line":32,"column":42}},"loc":{"start":{"line":32,"column":51},"end":{"line":40,"column":9}},"line":32},"5":{"name":"getEvent","decl":{"start":{"line":45,"column":17},"end":{"line":45,"column":25}},"loc":{"start":{"line":45,"column":31},"end":{"line":111,"column":7}},"line":45},"6":{"name":"(anonymous_6)","decl":{"start":{"line":53,"column":20},"end":{"line":53,"column":21}},"loc":{"start":{"line":53,"column":43},"end":{"line":108,"column":16}},"line":53}},"branchMap":{"0":{"loc":{"start":{"line":58,"column":16},"end":{"line":61,"column":17}},"type":"if","locations":[{"start":{"line":58,"column":16},"end":{"line":61,"column":17}},{"start":{"line":58,"column":16},"end":{"line":61,"column":17}}],"line":58},"1":{"loc":{"start":{"line":65,"column":16},"end":{"line":100,"column":17}},"type":"if","locations":[{"start":{"line":65,"column":16},"end":{"line":100,"column":17}},{"start":{"line":65,"column":16},"end":{"line":100,"column":17}}],"line":65},"2":{"loc":{"start":{"line":68,"column":21},"end":{"line":100,"column":17}},"type":"if","locations":[{"start":{"line":68,"column":21},"end":{"line":100,"column":17}},{"start":{"line":68,"column":21},"end":{"line":100,"column":17}}],"line":68},"3":{"loc":{"start":{"line":71,"column":21},"end":{"line":100,"column":17}},"type":"if","locations":[{"start":{"line":71,"column":21},"end":{"line":100,"column":17}},{"start":{"line":71,"column":21},"end":{"line":100,"column":17}}],"line":71},"4":{"loc":{"start":{"line":74,"column":21},"end":{"line":100,"column":17}},"type":"if","locations":[{"start":{"line":74,"column":21},"end":{"line":100,"column":17}},{"start":{"line":74,"column":21},"end":{"line":100,"column":17}}],"line":74},"5":{"loc":{"start":{"line":77,"column":21},"end":{"line":100,"column":17}},"type":"if","locations":[{"start":{"line":77,"column":21},"end":{"line":100,"column":17}},{"start":{"line":77,"column":21},"end":{"line":100,"column":17}}],"line":77},"6":{"loc":{"start":{"line":80,"column":21},"end":{"line":100,"column":17}},"type":"if","locations":[{"start":{"line":80,"column":21},"end":{"line":100,"column":17}},{"start":{"line":80,"column":21},"end":{"line":100,"column":17}}],"line":80},"7":{"loc":{"start":{"line":83,"column":21},"end":{"line":100,"column":17}},"type":"if","locations":[{"start":{"line":83,"column":21},"end":{"line":100,"column":17}},{"start":{"line":83,"column":21},"end":{"line":100,"column":17}}],"line":83},"8":{"loc":{"start":{"line":86,"column":21},"end":{"line":100,"column":17}},"type":"if","locations":[{"start":{"line":86,"column":21},"end":{"line":100,"column":17}},{"start":{"line":86,"column":21},"end":{"line":100,"column":17}}],"line":86},"9":{"loc":{"start":{"line":89,"column":21},"end":{"line":100,"column":17}},"type":"if","locations":[{"start":{"line":89,"column":21},"end":{"line":100,"column":17}},{"start":{"line":89,"column":21},"end":{"line":100,"column":17}}],"line":89},"10":{"loc":{"start":{"line":92,"column":21},"end":{"line":100,"column":17}},"type":"if","locations":[{"start":{"line":92,"column":21},"end":{"line":100,"column":17}},{"start":{"line":92,"column":21},"end":{"line":100,"column":17}}],"line":92},"11":{"loc":{"start":{"line":95,"column":21},"end":{"line":100,"column":17}},"type":"if","locations":[{"start":{"line":95,"column":21},"end":{"line":100,"column":17}},{"start":{"line":95,"column":21},"end":{"line":100,"column":17}}],"line":95},"12":{"loc":{"start":{"line":98,"column":21},"end":{"line":100,"column":17}},"type":"if","locations":[{"start":{"line":98,"column":21},"end":{"line":100,"column":17}},{"start":{"line":98,"column":21},"end":{"line":100,"column":17}}],"line":98}},"s":{"0":1,"1":0,"2":0,"3":0,"4":0,"5":0,"6":0,"7":0,"8":0,"9":0,"10":0,"11":0,"12":0,"13":0,"14":0,"15":0,"16":0,"17":0,"18":0,"19":0,"20":0,"21":0,"22":0,"23":0,"24":0,"25":0,"26":0,"27":0,"28":0,"29":0,"30":0,"31":0,"32":0,"33":0,"34":0,"35":0,"36":0,"37":0,"38":0,"39":0,"40":0,"41":0,"42":0,"43":0,"44":0,"45":0,"46":0,"47":0,"48":0,"49":0,"50":0,"51":0,"52":0,"53":0},"f":{"0":0,"1":0,"2":0,"3":0,"4":0,"5":0,"6":0},"b":{"0":[0,0],"1":[0,0],"2":[0,0],"3":[0,0],"4":[0,0],"5":[0,0],"6":[0,0],"7":[0,0],"8":[0,0],"9":[0,0],"10":[0,0],"11":[0,0],"12":[0,0]},"_coverageSchema":"1a1c01bbd47fc00a2c39e90264f33305004495a9","hash":"81752c52fd570d09e20483b5c2ec44a85016975c"}
,"/home/sikhanyiso/Link-Website/Link Website/js/getUsers.js": {"path":"/home/sikhanyiso/Link-Website/Link Website/js/getUsers.js","statementMap":{"0":{"start":{"line":1,"column":0},"end":{"line":26,"column":3}},"1":{"start":{"line":4,"column":20},"end":{"line":4,"column":22}},"2":{"start":{"line":6,"column":4},"end":{"line":25,"column":11}},"3":{"start":{"line":9,"column":27},"end":{"line":9,"column":29}},"4":{"start":{"line":11,"column":12},"end":{"line":21,"column":15}},"5":{"start":{"line":12,"column":16},"end":{"line":12,"column":27}},"6":{"start":{"line":14,"column":16},"end":{"line":14,"column":105}},"7":{"start":{"line":15,"column":16},"end":{"line":16,"column":65}},"8":{"start":{"line":17,"column":16},"end":{"line":17,"column":48}},"9":{"start":{"line":24,"column":12},"end":{"line":24,"column":41}}},"fnMap":{"0":{"name":"(anonymous_0)","decl":{"start":{"line":1,"column":18},"end":{"line":1,"column":19}},"loc":{"start":{"line":1,"column":30},"end":{"line":26,"column":1}},"line":1},"1":{"name":"(anonymous_1)","decl":{"start":{"line":8,"column":8},"end":{"line":8,"column":9}},"loc":{"start":{"line":8,"column":24},"end":{"line":25,"column":9}},"line":8},"2":{"name":"(anonymous_2)","decl":{"start":{"line":11,"column":25},"end":{"line":11,"column":26}},"loc":{"start":{"line":11,"column":47},"end":{"line":21,"column":13}},"line":11}},"branchMap":{},"s":{"0":1,"1":0,"2":0,"3":0,"4":0,"5":0,"6":0,"7":0,"8":0,"9":0},"f":{"0":0,"1":0,"2":0},"b":{},"_coverageSchema":"1a1c01bbd47fc00a2c39e90264f33305004495a9","hash":"26b0280225552a63b70edeab62f2e272d7fb2929"}
,"/home/sikhanyiso/Link-Website/Link Website/js/login.js": {"path":"/home/sikhanyiso/Link-Website/Link Website/js/login.js","statementMap":{"0":{"start":{"line":1,"column":0},"end":{"line":64,"column":3}},"1":{"start":{"line":2,"column":4},"end":{"line":63,"column":7}},"2":{"start":{"line":3,"column":8},"end":{"line":3,"column":27}},"3":{"start":{"line":6,"column":24},"end":{"line":6,"column":47}},"4":{"start":{"line":7,"column":23},"end":{"line":7,"column":49}},"5":{"start":{"line":11,"column":8},"end":{"line":11,"column":29}},"6":{"start":{"line":14,"column":8},"end":{"line":16,"column":9}},"7":{"start":{"line":15,"column":12},"end":{"line":15,"column":89}},"8":{"start":{"line":17,"column":8},"end":{"line":19,"column":9}},"9":{"start":{"line":18,"column":12},"end":{"line":18,"column":113}},"10":{"start":{"line":23,"column":15},"end":{"line":56,"column":15}},"11":{"start":{"line":40,"column":31},"end":{"line":40,"column":46}},"12":{"start":{"line":41,"column":35},"end":{"line":41,"column":41}},"13":{"start":{"line":42,"column":35},"end":{"line":42,"column":52}},"14":{"start":{"line":43,"column":20},"end":{"line":43,"column":63}},"15":{"start":{"line":46,"column":20},"end":{"line":46,"column":36}},"16":{"start":{"line":47,"column":20},"end":{"line":50,"column":21}},"17":{"start":{"line":48,"column":24},"end":{"line":48,"column":94}},"18":{"start":{"line":49,"column":24},"end":{"line":49,"column":63}},"19":{"start":{"line":51,"column":20},"end":{"line":53,"column":21}},"20":{"start":{"line":52,"column":24},"end":{"line":52,"column":52}}},"fnMap":{"0":{"name":"(anonymous_0)","decl":{"start":{"line":1,"column":18},"end":{"line":1,"column":19}},"loc":{"start":{"line":1,"column":30},"end":{"line":64,"column":1}},"line":1},"1":{"name":"(anonymous_1)","decl":{"start":{"line":2,"column":28},"end":{"line":2,"column":29}},"loc":{"start":{"line":2,"column":41},"end":{"line":63,"column":5}},"line":2},"2":{"name":"(anonymous_2)","decl":{"start":{"line":32,"column":25},"end":{"line":32,"column":26}},"loc":{"start":{"line":32,"column":41},"end":{"line":55,"column":17}},"line":32}},"branchMap":{"0":{"loc":{"start":{"line":14,"column":8},"end":{"line":16,"column":9}},"type":"if","locations":[{"start":{"line":14,"column":8},"end":{"line":16,"column":9}},{"start":{"line":14,"column":8},"end":{"line":16,"column":9}}],"line":14},"1":{"loc":{"start":{"line":17,"column":8},"end":{"line":19,"column":9}},"type":"if","locations":[{"start":{"line":17,"column":8},"end":{"line":19,"column":9}},{"start":{"line":17,"column":8},"end":{"line":19,"column":9}}],"line":17},"2":{"loc":{"start":{"line":47,"column":20},"end":{"line":50,"column":21}},"type":"if","locations":[{"start":{"line":47,"column":20},"end":{"line":50,"column":21}},{"start":{"line":47,"column":20},"end":{"line":50,"column":21}}],"line":47},"3":{"loc":{"start":{"line":51,"column":20},"end":{"line":53,"column":21}},"type":"if","locations":[{"start":{"line":51,"column":20},"end":{"line":53,"column":21}},{"start":{"line":51,"column":20},"end":{"line":53,"column":21}}],"line":51}},"s":{"0":1,"1":0,"2":0,"3":0,"4":0,"5":0,"6":0,"7":0,"8":0,"9":0,"10":0,"11":0,"12":0,"13":0,"14":0,"15":0,"16":0,"17":0,"18":0,"19":0,"20":0},"f":{"0":0,"1":0,"2":0},"b":{"0":[0,0],"1":[0,0],"2":[0,0],"3":[0,0]},"_coverageSchema":"1a1c01bbd47fc00a2c39e90264f33305004495a9","hash":"1ab1793137209bb51288227bb6d1ec1370992206"}
,"/home/sikhanyiso/Link-Website/Link Website/js/main.js": {"path":"/home/sikhanyiso/Link-Website/Link Website/js/main.js","statementMap":{"0":{"start":{"line":3,"column":4},"end":{"line":3,"column":17}},"1":{"start":{"line":5,"column":0},"end":{"line":5,"column":21}},"2":{"start":{"line":7,"column":21},"end":{"line":7,"column":78}},"3":{"start":{"line":7,"column":33},"end":{"line":7,"column":78}},"4":{"start":{"line":8,"column":18},"end":{"line":14,"column":1}},"5":{"start":{"line":9,"column":23},"end":{"line":11,"column":5}},"6":{"start":{"line":10,"column":8},"end":{"line":10,"column":67}},"7":{"start":{"line":13,"column":4},"end":{"line":13,"column":45}},"8":{"start":{"line":16,"column":0},"end":{"line":16,"column":43}}},"fnMap":{"0":{"name":"sum","decl":{"start":{"line":2,"column":9},"end":{"line":2,"column":12}},"loc":{"start":{"line":2,"column":19},"end":{"line":4,"column":1}},"line":2},"1":{"name":"(anonymous_1)","decl":{"start":{"line":7,"column":21},"end":{"line":7,"column":22}},"loc":{"start":{"line":7,"column":33},"end":{"line":7,"column":78}},"line":7},"2":{"name":"(anonymous_2)","decl":{"start":{"line":8,"column":18},"end":{"line":8,"column":19}},"loc":{"start":{"line":8,"column":30},"end":{"line":14,"column":1}},"line":8},"3":{"name":"(anonymous_3)","decl":{"start":{"line":9,"column":23},"end":{"line":9,"column":24}},"loc":{"start":{"line":9,"column":33},"end":{"line":11,"column":5}},"line":9}},"branchMap":{},"s":{"0":0,"1":1,"2":1,"3":6,"4":1,"5":3,"6":6,"7":3,"8":1},"f":{"0":0,"1":6,"2":3,"3":6},"b":{},"_coverageSchema":"1a1c01bbd47fc00a2c39e90264f33305004495a9","hash":"904b3e0a3b0f73a6e968349249ef71c10f0ee0e3"}
,"/home/sikhanyiso/Link-Website/Link Website/js/post.js": {"path":"/home/sikhanyiso/Link-Website/Link Website/js/post.js","statementMap":{"0":{"start":{"line":1,"column":0},"end":{"line":55,"column":3}},"1":{"start":{"line":2,"column":4},"end":{"line":52,"column":7}},"2":{"start":{"line":3,"column":8},"end":{"line":3,"column":27}},"3":{"start":{"line":8,"column":21},"end":{"line":8,"column":46}},"4":{"start":{"line":9,"column":23},"end":{"line":9,"column":49}},"5":{"start":{"line":10,"column":19},"end":{"line":10,"column":51}},"6":{"start":{"line":12,"column":8},"end":{"line":12,"column":29}},"7":{"start":{"line":15,"column":8},"end":{"line":49,"column":9}},"8":{"start":{"line":16,"column":12},"end":{"line":16,"column":92}},"9":{"start":{"line":18,"column":13},"end":{"line":49,"column":9}},"10":{"start":{"line":19,"column":12},"end":{"line":19,"column":92}},"11":{"start":{"line":24,"column":12},"end":{"line":46,"column":15}},"12":{"start":{"line":36,"column":20},"end":{"line":36,"column":32}},"13":{"start":{"line":37,"column":20},"end":{"line":42,"column":21}},"14":{"start":{"line":38,"column":24},"end":{"line":38,"column":45}},"15":{"start":{"line":39,"column":24},"end":{"line":39,"column":77}},"16":{"start":{"line":40,"column":24},"end":{"line":40,"column":87}}},"fnMap":{"0":{"name":"(anonymous_0)","decl":{"start":{"line":1,"column":18},"end":{"line":1,"column":19}},"loc":{"start":{"line":1,"column":30},"end":{"line":55,"column":1}},"line":1},"1":{"name":"(anonymous_1)","decl":{"start":{"line":2,"column":30},"end":{"line":2,"column":31}},"loc":{"start":{"line":2,"column":43},"end":{"line":52,"column":5}},"line":2},"2":{"name":"(anonymous_2)","decl":{"start":{"line":34,"column":25},"end":{"line":34,"column":26}},"loc":{"start":{"line":34,"column":41},"end":{"line":45,"column":17}},"line":34}},"branchMap":{"0":{"loc":{"start":{"line":15,"column":8},"end":{"line":49,"column":9}},"type":"if","locations":[{"start":{"line":15,"column":8},"end":{"line":49,"column":9}},{"start":{"line":15,"column":8},"end":{"line":49,"column":9}}],"line":15},"1":{"loc":{"start":{"line":18,"column":13},"end":{"line":49,"column":9}},"type":"if","locations":[{"start":{"line":18,"column":13},"end":{"line":49,"column":9}},{"start":{"line":18,"column":13},"end":{"line":49,"column":9}}],"line":18},"2":{"loc":{"start":{"line":37,"column":20},"end":{"line":42,"column":21}},"type":"if","locations":[{"start":{"line":37,"column":20},"end":{"line":42,"column":21}},{"start":{"line":37,"column":20},"end":{"line":42,"column":21}}],"line":37}},"s":{"0":1,"1":0,"2":0,"3":0,"4":0,"5":0,"6":0,"7":0,"8":0,"9":0,"10":0,"11":0,"12":0,"13":0,"14":0,"15":0,"16":0},"f":{"0":0,"1":0,"2":0},"b":{"0":[0,0],"1":[0,0],"2":[0,0]},"_coverageSchema":"1a1c01bbd47fc00a2c39e90264f33305004495a9","hash":"d92f4e585f70930c649754a5a35cc0c4fd06b555"}
,"/home/sikhanyiso/Link-Website/Link Website/js/profile.js": {"path":"/home/sikhanyiso/Link-Website/Link Website/js/profile.js","statementMap":{"0":{"start":{"line":1,"column":0},"end":{"line":37,"column":1}},"1":{"start":{"line":3,"column":19},"end":{"line":3,"column":21}},"2":{"start":{"line":6,"column":12},"end":{"line":6,"column":39}},"3":{"start":{"line":7,"column":31},"end":{"line":7,"column":32}},"4":{"start":{"line":10,"column":4},"end":{"line":34,"column":7}},"5":{"start":{"line":19,"column":18},"end":{"line":19,"column":36}},"6":{"start":{"line":20,"column":8},"end":{"line":20,"column":34}},"7":{"start":{"line":21,"column":8},"end":{"line":21,"column":31}},"8":{"start":{"line":22,"column":8},"end":{"line":22,"column":32}},"9":{"start":{"line":23,"column":8},"end":{"line":23,"column":27}},"10":{"start":{"line":26,"column":8},"end":{"line":26,"column":54}},"11":{"start":{"line":27,"column":8},"end":{"line":27,"column":56}},"12":{"start":{"line":28,"column":8},"end":{"line":28,"column":57}},"13":{"start":{"line":29,"column":8},"end":{"line":29,"column":52}}},"fnMap":{"0":{"name":"(anonymous_0)","decl":{"start":{"line":1,"column":18},"end":{"line":1,"column":19}},"loc":{"start":{"line":1,"column":29},"end":{"line":36,"column":1}},"line":1},"1":{"name":"(anonymous_1)","decl":{"start":{"line":18,"column":16},"end":{"line":18,"column":17}},"loc":{"start":{"line":18,"column":32},"end":{"line":32,"column":7}},"line":18}},"branchMap":{},"s":{"0":1,"1":0,"2":0,"3":0,"4":0,"5":0,"6":0,"7":0,"8":0,"9":0,"10":0,"11":0,"12":0,"13":0},"f":{"0":0,"1":0},"b":{},"_coverageSchema":"1a1c01bbd47fc00a2c39e90264f33305004495a9","hash":"8e60e248623124a81b80688789020c73af379cb2"}
,"/home/sikhanyiso/Link-Website/Link Website/js/questions.js": {"path":"/home/sikhanyiso/Link-Website/Link Website/js/questions.js","statementMap":{"0":{"start":{"line":1,"column":0},"end":{"line":111,"column":3}},"1":{"start":{"line":2,"column":18},"end":{"line":2,"column":46}},"2":{"start":{"line":4,"column":17},"end":{"line":4,"column":44}},"3":{"start":{"line":7,"column":4},"end":{"line":23,"column":7}},"4":{"start":{"line":15,"column":21},"end":{"line":15,"column":43}},"5":{"start":{"line":16,"column":10},"end":{"line":16,"column":26}},"6":{"start":{"line":17,"column":23},"end":{"line":17,"column":54}},"7":{"start":{"line":18,"column":25},"end":{"line":18,"column":51}},"8":{"start":{"line":19,"column":10},"end":{"line":19,"column":43}},"9":{"start":{"line":26,"column":4},"end":{"line":55,"column":8}},"10":{"start":{"line":27,"column":22},"end":{"line":27,"column":35}},"11":{"start":{"line":28,"column":7},"end":{"line":53,"column":10}},"12":{"start":{"line":30,"column":10},"end":{"line":51,"column":16}},"13":{"start":{"line":38,"column":26},"end":{"line":38,"column":48}},"14":{"start":{"line":39,"column":28},"end":{"line":39,"column":53}},"15":{"start":{"line":40,"column":15},"end":{"line":44,"column":22}},"16":{"start":{"line":41,"column":17},"end":{"line":41,"column":64}},"17":{"start":{"line":42,"column":17},"end":{"line":42,"column":77}},"18":{"start":{"line":46,"column":13},"end":{"line":46,"column":32}},"19":{"start":{"line":47,"column":13},"end":{"line":47,"column":40}},"20":{"start":{"line":58,"column":2},"end":{"line":74,"column":6}},"21":{"start":{"line":59,"column":14},"end":{"line":59,"column":30}},"22":{"start":{"line":60,"column":18},"end":{"line":60,"column":26}},"23":{"start":{"line":61,"column":4},"end":{"line":72,"column":10}},"24":{"start":{"line":68,"column":10},"end":{"line":68,"column":34}},"25":{"start":{"line":69,"column":10},"end":{"line":69,"column":39}},"26":{"start":{"line":78,"column":2},"end":{"line":93,"column":7}},"27":{"start":{"line":80,"column":22},"end":{"line":80,"column":47}},"28":{"start":{"line":81,"column":5},"end":{"line":81,"column":49}},"29":{"start":{"line":82,"column":5},"end":{"line":82,"column":28}},"30":{"start":{"line":84,"column":5},"end":{"line":89,"column":10}},"31":{"start":{"line":85,"column":8},"end":{"line":88,"column":12}},"32":{"start":{"line":86,"column":11},"end":{"line":86,"column":39}},"33":{"start":{"line":91,"column":18},"end":{"line":91,"column":56}},"34":{"start":{"line":92,"column":8},"end":{"line":92,"column":60}},"35":{"start":{"line":96,"column":4},"end":{"line":109,"column":11}},"36":{"start":{"line":98,"column":7},"end":{"line":98,"column":30}},"37":{"start":{"line":99,"column":22},"end":{"line":99,"column":29}},"38":{"start":{"line":100,"column":7},"end":{"line":100,"column":47}},"39":{"start":{"line":101,"column":7},"end":{"line":101,"column":69}},"40":{"start":{"line":102,"column":7},"end":{"line":102,"column":81}},"41":{"start":{"line":103,"column":7},"end":{"line":103,"column":65}},"42":{"start":{"line":104,"column":7},"end":{"line":104,"column":73}},"43":{"start":{"line":105,"column":7},"end":{"line":105,"column":45}},"44":{"start":{"line":106,"column":8},"end":{"line":106,"column":46}}},"fnMap":{"0":{"name":"(anonymous_0)","decl":{"start":{"line":1,"column":18},"end":{"line":1,"column":19}},"loc":{"start":{"line":1,"column":28},"end":{"line":111,"column":1}},"line":1},"1":{"name":"(anonymous_1)","decl":{"start":{"line":13,"column":16},"end":{"line":13,"column":17}},"loc":{"start":{"line":13,"column":39},"end":{"line":21,"column":12}},"line":13},"2":{"name":"(anonymous_2)","decl":{"start":{"line":26,"column":39},"end":{"line":26,"column":40}},"loc":{"start":{"line":26,"column":49},"end":{"line":55,"column":6}},"line":26},"3":{"name":"(anonymous_3)","decl":{"start":{"line":36,"column":62},"end":{"line":36,"column":63}},"loc":{"start":{"line":36,"column":76},"end":{"line":49,"column":17}},"line":36},"4":{"name":"(anonymous_4)","decl":{"start":{"line":40,"column":28},"end":{"line":40,"column":29}},"loc":{"start":{"line":40,"column":48},"end":{"line":44,"column":20}},"line":40},"5":{"name":"(anonymous_5)","decl":{"start":{"line":58,"column":27},"end":{"line":58,"column":28}},"loc":{"start":{"line":58,"column":38},"end":{"line":74,"column":4}},"line":58},"6":{"name":"(anonymous_6)","decl":{"start":{"line":67,"column":15},"end":{"line":67,"column":16}},"loc":{"start":{"line":67,"column":39},"end":{"line":71,"column":10}},"line":67},"7":{"name":"(anonymous_7)","decl":{"start":{"line":78,"column":33},"end":{"line":78,"column":34}},"loc":{"start":{"line":78,"column":44},"end":{"line":93,"column":5}},"line":78},"8":{"name":"(anonymous_8)","decl":{"start":{"line":84,"column":22},"end":{"line":84,"column":23}},"loc":{"start":{"line":84,"column":42},"end":{"line":89,"column":8}},"line":84},"9":{"name":"(anonymous_9)","decl":{"start":{"line":96,"column":44},"end":{"line":96,"column":45}},"loc":{"start":{"line":96,"column":55},"end":{"line":109,"column":9}},"line":96}},"branchMap":{"0":{"loc":{"start":{"line":28,"column":7},"end":{"line":53,"column":10}},"type":"if","locations":[{"start":{"line":28,"column":7},"end":{"line":53,"column":10}},{"start":{"line":28,"column":7},"end":{"line":53,"column":10}}],"line":28},"1":{"loc":{"start":{"line":85,"column":8},"end":{"line":88,"column":12}},"type":"if","locations":[{"start":{"line":85,"column":8},"end":{"line":88,"column":12}},{"start":{"line":85,"column":8},"end":{"line":88,"column":12}}],"line":85}},"s":{"0":1,"1":0,"2":0,"3":0,"4":0,"5":0,"6":0,"7":0,"8":0,"9":0,"10":0,"11":0,"12":0,"13":0,"14":0,"15":0,"16":0,"17":0,"18":0,"19":0,"20":0,"21":0,"22":0,"23":0,"24":0,"25":0,"26":0,"27":0,"28":0,"29":0,"30":0,"31":0,"32":0,"33":0,"34":0,"35":0,"36":0,"37":0,"38":0,"39":0,"40":0,"41":0,"42":0,"43":0,"44":0},"f":{"0":0,"1":0,"2":0,"3":0,"4":0,"5":0,"6":0,"7":0,"8":0,"9":0},"b":{"0":[0,0],"1":[0,0]},"_coverageSchema":"1a1c01bbd47fc00a2c39e90264f33305004495a9","hash":"100c47903ab9d98f9bb62e07e9a87e25547dd7f4"}
,"/home/sikhanyiso/Link-Website/Link Website/js/register.js": {"path":"/home/sikhanyiso/Link-Website/Link Website/js/register.js","statementMap":{"0":{"start":{"line":1,"column":0},"end":{"line":74,"column":3}},"1":{"start":{"line":2,"column":4},"end":{"line":72,"column":7}},"2":{"start":{"line":3,"column":8},"end":{"line":3,"column":27}},"3":{"start":{"line":5,"column":23},"end":{"line":5,"column":43}},"4":{"start":{"line":6,"column":25},"end":{"line":6,"column":47}},"5":{"start":{"line":7,"column":24},"end":{"line":7,"column":45}},"6":{"start":{"line":8,"column":20},"end":{"line":8,"column":37}},"7":{"start":{"line":9,"column":24},"end":{"line":9,"column":52}},"8":{"start":{"line":10,"column":23},"end":{"line":10,"column":50}},"9":{"start":{"line":14,"column":8},"end":{"line":14,"column":29}},"10":{"start":{"line":18,"column":8},"end":{"line":21,"column":9}},"11":{"start":{"line":19,"column":12},"end":{"line":19,"column":86}},"12":{"start":{"line":22,"column":8},"end":{"line":24,"column":9}},"13":{"start":{"line":23,"column":12},"end":{"line":23,"column":88}},"14":{"start":{"line":25,"column":8},"end":{"line":27,"column":9}},"15":{"start":{"line":26,"column":12},"end":{"line":26,"column":87}},"16":{"start":{"line":28,"column":8},"end":{"line":37,"column":9}},"17":{"start":{"line":29,"column":12},"end":{"line":29,"column":83}},"18":{"start":{"line":31,"column":24},"end":{"line":31,"column":84}},"19":{"start":{"line":32,"column":29},"end":{"line":32,"column":46}},"20":{"start":{"line":33,"column":12},"end":{"line":35,"column":13}},"21":{"start":{"line":34,"column":16},"end":{"line":34,"column":84}},"22":{"start":{"line":38,"column":8},"end":{"line":40,"column":9}},"23":{"start":{"line":39,"column":12},"end":{"line":39,"column":94}},"24":{"start":{"line":41,"column":8},"end":{"line":43,"column":9}},"25":{"start":{"line":42,"column":12},"end":{"line":42,"column":114}},"26":{"start":{"line":46,"column":8},"end":{"line":70,"column":11}},"27":{"start":{"line":61,"column":16},"end":{"line":61,"column":28}},"28":{"start":{"line":62,"column":16},"end":{"line":64,"column":17}},"29":{"start":{"line":63,"column":20},"end":{"line":63,"column":51}},"30":{"start":{"line":65,"column":16},"end":{"line":67,"column":17}},"31":{"start":{"line":66,"column":20},"end":{"line":66,"column":49}}},"fnMap":{"0":{"name":"(anonymous_0)","decl":{"start":{"line":1,"column":18},"end":{"line":1,"column":19}},"loc":{"start":{"line":1,"column":29},"end":{"line":74,"column":1}},"line":1},"1":{"name":"(anonymous_1)","decl":{"start":{"line":2,"column":29},"end":{"line":2,"column":30}},"loc":{"start":{"line":2,"column":41},"end":{"line":72,"column":5}},"line":2},"2":{"name":"(anonymous_2)","decl":{"start":{"line":59,"column":21},"end":{"line":59,"column":22}},"loc":{"start":{"line":59,"column":37},"end":{"line":69,"column":13}},"line":59}},"branchMap":{"0":{"loc":{"start":{"line":18,"column":8},"end":{"line":21,"column":9}},"type":"if","locations":[{"start":{"line":18,"column":8},"end":{"line":21,"column":9}},{"start":{"line":18,"column":8},"end":{"line":21,"column":9}}],"line":18},"1":{"loc":{"start":{"line":22,"column":8},"end":{"line":24,"column":9}},"type":"if","locations":[{"start":{"line":22,"column":8},"end":{"line":24,"column":9}},{"start":{"line":22,"column":8},"end":{"line":24,"column":9}}],"line":22},"2":{"loc":{"start":{"line":25,"column":8},"end":{"line":27,"column":9}},"type":"if","locations":[{"start":{"line":25,"column":8},"end":{"line":27,"column":9}},{"start":{"line":25,"column":8},"end":{"line":27,"column":9}}],"line":25},"3":{"loc":{"start":{"line":28,"column":8},"end":{"line":37,"column":9}},"type":"if","locations":[{"start":{"line":28,"column":8},"end":{"line":37,"column":9}},{"start":{"line":28,"column":8},"end":{"line":37,"column":9}}],"line":28},"4":{"loc":{"start":{"line":33,"column":12},"end":{"line":35,"column":13}},"type":"if","locations":[{"start":{"line":33,"column":12},"end":{"line":35,"column":13}},{"start":{"line":33,"column":12},"end":{"line":35,"column":13}}],"line":33},"5":{"loc":{"start":{"line":38,"column":8},"end":{"line":40,"column":9}},"type":"if","locations":[{"start":{"line":38,"column":8},"end":{"line":40,"column":9}},{"start":{"line":38,"column":8},"end":{"line":40,"column":9}}],"line":38},"6":{"loc":{"start":{"line":41,"column":8},"end":{"line":43,"column":9}},"type":"if","locations":[{"start":{"line":41,"column":8},"end":{"line":43,"column":9}},{"start":{"line":41,"column":8},"end":{"line":43,"column":9}}],"line":41},"7":{"loc":{"start":{"line":62,"column":16},"end":{"line":64,"column":17}},"type":"if","locations":[{"start":{"line":62,"column":16},"end":{"line":64,"column":17}},{"start":{"line":62,"column":16},"end":{"line":64,"column":17}}],"line":62},"8":{"loc":{"start":{"line":65,"column":16},"end":{"line":67,"column":17}},"type":"if","locations":[{"start":{"line":65,"column":16},"end":{"line":67,"column":17}},{"start":{"line":65,"column":16},"end":{"line":67,"column":17}}],"line":65}},"s":{"0":1,"1":0,"2":0,"3":0,"4":0,"5":0,"6":0,"7":0,"8":0,"9":0,"10":0,"11":0,"12":0,"13":0,"14":0,"15":0,"16":0,"17":0,"18":0,"19":0,"20":0,"21":0,"22":0,"23":0,"24":0,"25":0,"26":0,"27":0,"28":0,"29":0,"30":0,"31":0},"f":{"0":0,"1":0,"2":0},"b":{"0":[0,0],"1":[0,0],"2":[0,0],"3":[0,0],"4":[0,0],"5":[0,0],"6":[0,0],"7":[0,0],"8":[0,0]},"_coverageSchema":"1a1c01bbd47fc00a2c39e90264f33305004495a9","hash":"a3181d43c51225d52467763f82f004824c7edb87"}
,"/home/sikhanyiso/Link-Website/Link Website/js/sendMessages.js": {"path":"/home/sikhanyiso/Link-Website/Link Website/js/sendMessages.js","statementMap":{"0":{"start":{"line":1,"column":0},"end":{"line":43,"column":3}},"1":{"start":{"line":2,"column":4},"end":{"line":42,"column":7}},"2":{"start":{"line":3,"column":8},"end":{"line":3,"column":27}},"3":{"start":{"line":5,"column":26},"end":{"line":5,"column":58}},"4":{"start":{"line":6,"column":28},"end":{"line":6,"column":30}},"5":{"start":{"line":7,"column":28},"end":{"line":7,"column":30}},"6":{"start":{"line":8,"column":27},"end":{"line":8,"column":54}},"7":{"start":{"line":9,"column":22},"end":{"line":9,"column":68}},"8":{"start":{"line":15,"column":8},"end":{"line":37,"column":9}},"9":{"start":{"line":16,"column":12},"end":{"line":16,"column":52}},"10":{"start":{"line":20,"column":12},"end":{"line":35,"column":15}},"11":{"start":{"line":33,"column":20},"end":{"line":33,"column":48}}},"fnMap":{"0":{"name":"(anonymous_0)","decl":{"start":{"line":1,"column":18},"end":{"line":1,"column":19}},"loc":{"start":{"line":1,"column":30},"end":{"line":43,"column":1}},"line":1},"1":{"name":"(anonymous_1)","decl":{"start":{"line":2,"column":33},"end":{"line":2,"column":34}},"loc":{"start":{"line":2,"column":46},"end":{"line":42,"column":5}},"line":2},"2":{"name":"(anonymous_2)","decl":{"start":{"line":32,"column":25},"end":{"line":32,"column":26}},"loc":{"start":{"line":32,"column":41},"end":{"line":34,"column":17}},"line":32}},"branchMap":{"0":{"loc":{"start":{"line":15,"column":8},"end":{"line":37,"column":9}},"type":"if","locations":[{"start":{"line":15,"column":8},"end":{"line":37,"column":9}},{"start":{"line":15,"column":8},"end":{"line":37,"column":9}}],"line":15}},"s":{"0":0,"1":0,"2":0,"3":0,"4":0,"5":0,"6":0,"7":0,"8":0,"9":0,"10":0,"11":0},"f":{"0":0,"1":0,"2":0},"b":{"0":[0,0]}}
,"/home/sikhanyiso/Link-Website/Link Website/js/users.js": {"path":"/home/sikhanyiso/Link-Website/Link Website/js/users.js","statementMap":{"0":{"start":{"line":1,"column":12},"end":{"line":10,"column":1}},"1":{"start":{"line":3,"column":14},"end":{"line":3,"column":15}},"2":{"start":{"line":5,"column":4},"end":{"line":7,"column":7}},"3":{"start":{"line":6,"column":8},"end":{"line":6,"column":19}},"4":{"start":{"line":9,"column":4},"end":{"line":9,"column":15}},"5":{"start":{"line":12,"column":17},"end":{"line":15,"column":1}},"6":{"start":{"line":14,"column":4},"end":{"line":14,"column":49}},"7":{"start":{"line":14,"column":32},"end":{"line":14,"column":45}},"8":{"start":{"line":17,"column":17},"end":{"line":20,"column":1}},"9":{"start":{"line":19,"column":4},"end":{"line":19,"column":49}},"10":{"start":{"line":19,"column":32},"end":{"line":19,"column":45}},"11":{"start":{"line":22,"column":0},"end":{"line":22,"column":45}}},"fnMap":{"0":{"name":"(anonymous_0)","decl":{"start":{"line":1,"column":12},"end":{"line":1,"column":13}},"loc":{"start":{"line":1,"column":22},"end":{"line":10,"column":1}},"line":1},"1":{"name":"(anonymous_1)","decl":{"start":{"line":5,"column":17},"end":{"line":5,"column":18}},"loc":{"start":{"line":5,"column":26},"end":{"line":7,"column":5}},"line":5},"2":{"name":"(anonymous_2)","decl":{"start":{"line":12,"column":17},"end":{"line":12,"column":18}},"loc":{"start":{"line":12,"column":27},"end":{"line":15,"column":1}},"line":12},"3":{"name":"(anonymous_3)","decl":{"start":{"line":14,"column":23},"end":{"line":14,"column":24}},"loc":{"start":{"line":14,"column":30},"end":{"line":14,"column":47}},"line":14},"4":{"name":"(anonymous_4)","decl":{"start":{"line":17,"column":17},"end":{"line":17,"column":18}},"loc":{"start":{"line":17,"column":27},"end":{"line":20,"column":1}},"line":17},"5":{"name":"(anonymous_5)","decl":{"start":{"line":19,"column":23},"end":{"line":19,"column":24}},"loc":{"start":{"line":19,"column":30},"end":{"line":19,"column":47}},"line":19}},"branchMap":{},"s":{"0":1,"1":1,"2":1,"3":6,"4":1,"5":1,"6":1,"7":6,"8":1,"9":1,"10":6,"11":1},"f":{"0":1,"1":6,"2":1,"3":6,"4":1,"5":6},"b":{},"_coverageSchema":"1a1c01bbd47fc00a2c39e90264f33305004495a9","hash":"7a68becdf000616fa6c97b3d956898970d9a4b4c"}
}
