{"/home/sikhanyiso/Link-Website/Link Website/js/answers.js": {"path":"/home/sikhanyiso/Link-Website/Link Website/js/answers.js","statementMap":{"0":{"start":{"line":2,"column":15},"end":{"line":2,"column":23}},"1":{"start":{"line":4,"column":12},"end":{"line":23,"column":1}},"2":{"start":{"line":6,"column":4},"end":{"line":19,"column":4}},"3":{"start":{"line":13,"column":20},"end":{"line":13,"column":42}},"4":{"start":{"line":14,"column":22},"end":{"line":14,"column":51}},"5":{"start":{"line":15,"column":24},"end":{"line":15,"column":50}},"6":{"start":{"line":16,"column":9},"end":{"line":16,"column":42}},"7":{"start":{"line":21,"column":2},"end":{"line":21,"column":11}},"8":{"start":{"line":26,"column":13},"end":{"line":44,"column":1}},"9":{"start":{"line":28,"column":4},"end":{"line":41,"column":7}},"10":{"start":{"line":35,"column":10},"end":{"line":35,"column":40}},"11":{"start":{"line":36,"column":10},"end":{"line":38,"column":10}},"12":{"start":{"line":37,"column":11},"end":{"line":37,"column":37}},"13":{"start":{"line":42,"column":4},"end":{"line":42,"column":13}},"14":{"start":{"line":47,"column":13},"end":{"line":64,"column":1}},"15":{"start":{"line":49,"column":3},"end":{"line":60,"column":9}},"16":{"start":{"line":56,"column":9},"end":{"line":56,"column":33}},"17":{"start":{"line":57,"column":9},"end":{"line":57,"column":38}},"18":{"start":{"line":61,"column":4},"end":{"line":61,"column":13}},"19":{"start":{"line":67,"column":13},"end":{"line":83,"column":1}},"20":{"start":{"line":69,"column":2},"end":{"line":80,"column":8}},"21":{"start":{"line":76,"column":8},"end":{"line":76,"column":32}},"22":{"start":{"line":77,"column":8},"end":{"line":77,"column":37}},"23":{"start":{"line":81,"column":5},"end":{"line":81,"column":14}},"24":{"start":{"line":85,"column":13},"end":{"line":99,"column":1}},"25":{"start":{"line":87,"column":3},"end":{"line":96,"column":8}},"26":{"start":{"line":94,"column":8},"end":{"line":94,"column":37}},"27":{"start":{"line":97,"column":2},"end":{"line":97,"column":11}},"28":{"start":{"line":101,"column":13},"end":{"line":115,"column":1}},"29":{"start":{"line":103,"column":4},"end":{"line":112,"column":8}},"30":{"start":{"line":110,"column":8},"end":{"line":110,"column":37}},"31":{"start":{"line":113,"column":2},"end":{"line":113,"column":11}},"32":{"start":{"line":118,"column":11},"end":{"line":143,"column":1}},"33":{"start":{"line":121,"column":4},"end":{"line":140,"column":7}},"34":{"start":{"line":127,"column":10},"end":{"line":127,"column":40}},"35":{"start":{"line":128,"column":21},"end":{"line":128,"column":46}},"36":{"start":{"line":129,"column":8},"end":{"line":132,"column":17}},"37":{"start":{"line":130,"column":11},"end":{"line":130,"column":53}},"38":{"start":{"line":131,"column":11},"end":{"line":131,"column":66}},"39":{"start":{"line":134,"column":8},"end":{"line":134,"column":27}},"40":{"start":{"line":135,"column":8},"end":{"line":135,"column":52}},"41":{"start":{"line":137,"column":8},"end":{"line":137,"column":57}},"42":{"start":{"line":141,"column":2},"end":{"line":141,"column":11}},"43":{"start":{"line":145,"column":0},"end":{"line":208,"column":3}},"44":{"start":{"line":146,"column":18},"end":{"line":146,"column":50}},"45":{"start":{"line":147,"column":17},"end":{"line":147,"column":48}},"46":{"start":{"line":148,"column":16},"end":{"line":148,"column":46}},"47":{"start":{"line":149,"column":18},"end":{"line":149,"column":50}},"48":{"start":{"line":150,"column":14},"end":{"line":150,"column":42}},"49":{"start":{"line":151,"column":15},"end":{"line":151,"column":44}},"50":{"start":{"line":152,"column":3},"end":{"line":152,"column":43}},"51":{"start":{"line":154,"column":3},"end":{"line":154,"column":29}},"52":{"start":{"line":155,"column":3},"end":{"line":155,"column":41}},"53":{"start":{"line":156,"column":3},"end":{"line":156,"column":25}},"54":{"start":{"line":157,"column":3},"end":{"line":157,"column":33}},"55":{"start":{"line":160,"column":2},"end":{"line":160,"column":26}},"56":{"start":{"line":162,"column":2},"end":{"line":162,"column":27}},"57":{"start":{"line":165,"column":0},"end":{"line":167,"column":3}},"58":{"start":{"line":166,"column":4},"end":{"line":166,"column":31}},"59":{"start":{"line":170,"column":0},"end":{"line":174,"column":3}},"60":{"start":{"line":172,"column":2},"end":{"line":172,"column":32}},"61":{"start":{"line":173,"column":3},"end":{"line":173,"column":25}},"62":{"start":{"line":177,"column":0},"end":{"line":189,"column":3}},"63":{"start":{"line":178,"column":21},"end":{"line":178,"column":44}},"64":{"start":{"line":180,"column":14},"end":{"line":180,"column":34}},"65":{"start":{"line":181,"column":4},"end":{"line":187,"column":4}},"66":{"start":{"line":182,"column":5},"end":{"line":182,"column":34}},"67":{"start":{"line":186,"column":5},"end":{"line":186,"column":51}},"68":{"start":{"line":192,"column":0},"end":{"line":198,"column":3}},"69":{"start":{"line":193,"column":4},"end":{"line":193,"column":30}},"70":{"start":{"line":194,"column":4},"end":{"line":194,"column":31}},"71":{"start":{"line":195,"column":4},"end":{"line":195,"column":55}},"72":{"start":{"line":196,"column":4},"end":{"line":196,"column":49}},"73":{"start":{"line":197,"column":5},"end":{"line":197,"column":55}},"74":{"start":{"line":201,"column":0},"end":{"line":206,"column":3}},"75":{"start":{"line":202,"column":4},"end":{"line":202,"column":34}},"76":{"start":{"line":203,"column":4},"end":{"line":203,"column":58}},"77":{"start":{"line":204,"column":4},"end":{"line":204,"column":46}},"78":{"start":{"line":209,"column":0},"end":{"line":209,"column":54}}},"fnMap":{"0":{"name":"(anonymous_0)","decl":{"start":{"line":5,"column":2},"end":{"line":5,"column":3}},"loc":{"start":{"line":5,"column":21},"end":{"line":22,"column":1}},"line":5},"1":{"name":"(anonymous_1)","decl":{"start":{"line":12,"column":15},"end":{"line":12,"column":16}},"loc":{"start":{"line":12,"column":38},"end":{"line":18,"column":2}},"line":12},"2":{"name":"(anonymous_2)","decl":{"start":{"line":27,"column":2},"end":{"line":27,"column":3}},"loc":{"start":{"line":27,"column":21},"end":{"line":43,"column":3}},"line":27},"3":{"name":"(anonymous_3)","decl":{"start":{"line":34,"column":15},"end":{"line":34,"column":16}},"loc":{"start":{"line":34,"column":38},"end":{"line":40,"column":5}},"line":34},"4":{"name":"(anonymous_4)","decl":{"start":{"line":36,"column":23},"end":{"line":36,"column":24}},"loc":{"start":{"line":36,"column":43},"end":{"line":38,"column":8}},"line":36},"5":{"name":"(anonymous_5)","decl":{"start":{"line":48,"column":1},"end":{"line":48,"column":2}},"loc":{"start":{"line":48,"column":22},"end":{"line":62,"column":2}},"line":48},"6":{"name":"(anonymous_6)","decl":{"start":{"line":55,"column":14},"end":{"line":55,"column":15}},"loc":{"start":{"line":55,"column":38},"end":{"line":59,"column":9}},"line":55},"7":{"name":"(anonymous_7)","decl":{"start":{"line":68,"column":0},"end":{"line":68,"column":1}},"loc":{"start":{"line":68,"column":16},"end":{"line":82,"column":1}},"line":68},"8":{"name":"(anonymous_8)","decl":{"start":{"line":75,"column":13},"end":{"line":75,"column":14}},"loc":{"start":{"line":75,"column":37},"end":{"line":79,"column":8}},"line":75},"9":{"name":"(anonymous_9)","decl":{"start":{"line":86,"column":0},"end":{"line":86,"column":1}},"loc":{"start":{"line":86,"column":44},"end":{"line":98,"column":1}},"line":86},"10":{"name":"(anonymous_10)","decl":{"start":{"line":93,"column":13},"end":{"line":93,"column":14}},"loc":{"start":{"line":93,"column":37},"end":{"line":95,"column":8}},"line":93},"11":{"name":"(anonymous_11)","decl":{"start":{"line":102,"column":0},"end":{"line":102,"column":1}},"loc":{"start":{"line":102,"column":38},"end":{"line":114,"column":1}},"line":102},"12":{"name":"(anonymous_12)","decl":{"start":{"line":109,"column":13},"end":{"line":109,"column":14}},"loc":{"start":{"line":109,"column":37},"end":{"line":111,"column":8}},"line":109},"13":{"name":"(anonymous_13)","decl":{"start":{"line":120,"column":2},"end":{"line":120,"column":3}},"loc":{"start":{"line":120,"column":26},"end":{"line":142,"column":3}},"line":120},"14":{"name":"(anonymous_14)","decl":{"start":{"line":126,"column":15},"end":{"line":126,"column":16}},"loc":{"start":{"line":126,"column":38},"end":{"line":139,"column":5}},"line":126},"15":{"name":"(anonymous_15)","decl":{"start":{"line":129,"column":21},"end":{"line":129,"column":22}},"loc":{"start":{"line":129,"column":41},"end":{"line":132,"column":15}},"line":129},"16":{"name":"(anonymous_16)","decl":{"start":{"line":145,"column":18},"end":{"line":145,"column":19}},"loc":{"start":{"line":145,"column":28},"end":{"line":208,"column":1}},"line":145},"17":{"name":"(anonymous_17)","decl":{"start":{"line":165,"column":37},"end":{"line":165,"column":38}},"loc":{"start":{"line":165,"column":49},"end":{"line":167,"column":1}},"line":165},"18":{"name":"(anonymous_18)","decl":{"start":{"line":170,"column":37},"end":{"line":170,"column":38}},"loc":{"start":{"line":170,"column":49},"end":{"line":174,"column":1}},"line":170},"19":{"name":"(anonymous_19)","decl":{"start":{"line":177,"column":41},"end":{"line":177,"column":42}},"loc":{"start":{"line":177,"column":51},"end":{"line":189,"column":1}},"line":177},"20":{"name":"(anonymous_20)","decl":{"start":{"line":192,"column":41},"end":{"line":192,"column":42}},"loc":{"start":{"line":192,"column":52},"end":{"line":198,"column":1}},"line":192},"21":{"name":"(anonymous_21)","decl":{"start":{"line":201,"column":40},"end":{"line":201,"column":41}},"loc":{"start":{"line":201,"column":51},"end":{"line":206,"column":1}},"line":201}},"branchMap":{"0":{"loc":{"start":{"line":181,"column":4},"end":{"line":187,"column":4}},"type":"if","locations":[{"start":{"line":181,"column":4},"end":{"line":187,"column":4}},{"start":{"line":181,"column":4},"end":{"line":187,"column":4}}],"line":181}},"s":{"0":1,"1":1,"2":1,"3":0,"4":0,"5":0,"6":0,"7":1,"8":1,"9":1,"10":0,"11":0,"12":0,"13":1,"14":1,"15":1,"16":0,"17":0,"18":1,"19":1,"20":1,"21":0,"22":0,"23":1,"24":1,"25":1,"26":0,"27":1,"28":1,"29":1,"30":0,"31":1,"32":1,"33":1,"34":0,"35":0,"36":0,"37":0,"38":0,"39":0,"40":0,"41":0,"42":1,"43":1,"44":0,"45":0,"46":0,"47":0,"48":0,"49":0,"50":0,"51":0,"52":0,"53":0,"54":0,"55":0,"56":0,"57":0,"58":0,"59":0,"60":0,"61":0,"62":0,"63":0,"64":0,"65":0,"66":0,"67":0,"68":0,"69":0,"70":0,"71":0,"72":0,"73":0,"74":0,"75":0,"76":0,"77":0,"78":1},"f":{"0":1,"1":0,"2":1,"3":0,"4":0,"5":1,"6":0,"7":1,"8":0,"9":1,"10":0,"11":1,"12":0,"13":1,"14":0,"15":0,"16":0,"17":0,"18":0,"19":0,"20":0,"21":0},"b":{"0":[0,0]},"_coverageSchema":"1a1c01bbd47fc00a2c39e90264f33305004495a9","hash":"aad022fa95a177df50da6990ecb74cb1a8db37e7"}
,"/home/sikhanyiso/Link-Website/Link Website/js/calendar.js": {"path":"/home/sikhanyiso/Link-Website/Link Website/js/calendar.js","statementMap":{"0":{"start":{"line":4,"column":21},"end":{"line":4,"column":22}},"1":{"start":{"line":6,"column":2},"end":{"line":6,"column":24}},"2":{"start":{"line":7,"column":2},"end":{"line":7,"column":20}},"3":{"start":{"line":8,"column":2},"end":{"line":8,"column":20}},"4":{"start":{"line":9,"column":2},"end":{"line":9,"column":14}},"5":{"start":{"line":13,"column":15},"end":{"line":13,"column":30}},"6":{"start":{"line":14,"column":15},"end":{"line":14,"column":30}},"7":{"start":{"line":15,"column":2},"end":{"line":15,"column":33}},"8":{"start":{"line":16,"column":2},"end":{"line":16,"column":33}},"9":{"start":{"line":18,"column":14},"end":{"line":18,"column":16}},"10":{"start":{"line":19,"column":2},"end":{"line":30,"column":3}},"11":{"start":{"line":20,"column":4},"end":{"line":29,"column":5}},"12":{"start":{"line":21,"column":6},"end":{"line":21,"column":35}},"13":{"start":{"line":22,"column":6},"end":{"line":22,"column":60}},"14":{"start":{"line":22,"column":43},"end":{"line":22,"column":60}},"15":{"start":{"line":23,"column":6},"end":{"line":23,"column":37}},"16":{"start":{"line":25,"column":6},"end":{"line":25,"column":29}},"17":{"start":{"line":26,"column":6},"end":{"line":26,"column":60}},"18":{"start":{"line":26,"column":43},"end":{"line":26,"column":60}},"19":{"start":{"line":28,"column":6},"end":{"line":28,"column":41}},"20":{"start":{"line":32,"column":2},"end":{"line":32,"column":21}},"21":{"start":{"line":33,"column":16},"end":{"line":33,"column":184}},"22":{"start":{"line":34,"column":17},"end":{"line":42,"column":3}},"23":{"start":{"line":45,"column":2},"end":{"line":94,"column":3}},"24":{"start":{"line":45,"column":14},"end":{"line":45,"column":15}},"25":{"start":{"line":46,"column":4},"end":{"line":46,"column":24}},"26":{"start":{"line":47,"column":4},"end":{"line":47,"column":72}},"27":{"start":{"line":48,"column":4},"end":{"line":48,"column":74}},"28":{"start":{"line":49,"column":4},"end":{"line":53,"column":12}},"29":{"start":{"line":54,"column":4},"end":{"line":54,"column":60}},"30":{"start":{"line":55,"column":4},"end":{"line":55,"column":25}},"31":{"start":{"line":58,"column":4},"end":{"line":60,"column":7}},"32":{"start":{"line":59,"column":6},"end":{"line":59,"column":44}},"33":{"start":{"line":61,"column":4},"end":{"line":61,"column":25}},"34":{"start":{"line":64,"column":4},"end":{"line":64,"column":25}},"35":{"start":{"line":65,"column":11},"end":{"line":65,"column":12}},"36":{"start":{"line":68,"column":4},"end":{"line":90,"column":5}},"37":{"start":{"line":69,"column":21},"end":{"line":69,"column":41}},"38":{"start":{"line":70,"column":20},"end":{"line":70,"column":43}},"39":{"start":{"line":71,"column":6},"end":{"line":71,"column":24}},"40":{"start":{"line":72,"column":6},"end":{"line":87,"column":7}},"41":{"start":{"line":72,"column":17},"end":{"line":72,"column":18}},"42":{"start":{"line":73,"column":8},"end":{"line":73,"column":42}},"43":{"start":{"line":74,"column":8},"end":{"line":86,"column":9}},"44":{"start":{"line":75,"column":10},"end":{"line":80,"column":11}},"45":{"start":{"line":76,"column":14},"end":{"line":76,"column":110}},"46":{"start":{"line":77,"column":14},"end":{"line":77,"column":18}},"47":{"start":{"line":79,"column":14},"end":{"line":79,"column":37}},"48":{"start":{"line":81,"column":15},"end":{"line":86,"column":9}},"49":{"start":{"line":82,"column":10},"end":{"line":82,"column":33}},"50":{"start":{"line":84,"column":10},"end":{"line":84,"column":106}},"51":{"start":{"line":85,"column":10},"end":{"line":85,"column":14}},"52":{"start":{"line":88,"column":6},"end":{"line":88,"column":24}},"53":{"start":{"line":91,"column":4},"end":{"line":91,"column":24}},"54":{"start":{"line":92,"column":4},"end":{"line":92,"column":25}},"55":{"start":{"line":93,"column":4},"end":{"line":93,"column":23}},"56":{"start":{"line":95,"column":2},"end":{"line":95,"column":17}},"57":{"start":{"line":99,"column":18},"end":{"line":99,"column":47}},"58":{"start":{"line":101,"column":4},"end":{"line":101,"column":40}},"59":{"start":{"line":102,"column":4},"end":{"line":102,"column":44}},"60":{"start":{"line":103,"column":4},"end":{"line":103,"column":42}},"61":{"start":{"line":105,"column":4},"end":{"line":105,"column":51}},"62":{"start":{"line":112,"column":17},"end":{"line":112,"column":63}},"63":{"start":{"line":113,"column":2},"end":{"line":113,"column":59}},"64":{"start":{"line":114,"column":2},"end":{"line":114,"column":17}},"65":{"start":{"line":115,"column":2},"end":{"line":123,"column":1}},"66":{"start":{"line":116,"column":2},"end":{"line":118,"column":3}},"67":{"start":{"line":116,"column":12},"end":{"line":116,"column":13}},"68":{"start":{"line":117,"column":4},"end":{"line":117,"column":39}},"69":{"start":{"line":119,"column":2},"end":{"line":119,"column":81}},"70":{"start":{"line":120,"column":2},"end":{"line":122,"column":3}},"71":{"start":{"line":121,"column":4},"end":{"line":121,"column":60}},"72":{"start":{"line":130,"column":19},"end":{"line":130,"column":65}},"73":{"start":{"line":131,"column":4},"end":{"line":131,"column":61}},"74":{"start":{"line":132,"column":4},"end":{"line":132,"column":19}},"75":{"start":{"line":133,"column":4},"end":{"line":141,"column":3}},"76":{"start":{"line":134,"column":4},"end":{"line":136,"column":5}},"77":{"start":{"line":134,"column":14},"end":{"line":134,"column":15}},"78":{"start":{"line":135,"column":6},"end":{"line":135,"column":41}},"79":{"start":{"line":137,"column":4},"end":{"line":137,"column":83}},"80":{"start":{"line":138,"column":4},"end":{"line":140,"column":5}},"81":{"start":{"line":139,"column":6},"end":{"line":139,"column":62}},"82":{"start":{"line":144,"column":14},"end":{"line":144,"column":57}},"83":{"start":{"line":145,"column":0},"end":{"line":147,"column":2}},"84":{"start":{"line":146,"column":0},"end":{"line":146,"column":60}},"85":{"start":{"line":150,"column":12},"end":{"line":159,"column":1}},"86":{"start":{"line":152,"column":14},"end":{"line":152,"column":15}},"87":{"start":{"line":154,"column":4},"end":{"line":156,"column":7}},"88":{"start":{"line":155,"column":8},"end":{"line":155,"column":19}},"89":{"start":{"line":158,"column":4},"end":{"line":158,"column":15}},"90":{"start":{"line":161,"column":17},"end":{"line":164,"column":1}},"91":{"start":{"line":163,"column":4},"end":{"line":163,"column":49}},"92":{"start":{"line":163,"column":32},"end":{"line":163,"column":45}},"93":{"start":{"line":166,"column":17},"end":{"line":169,"column":1}},"94":{"start":{"line":168,"column":4},"end":{"line":168,"column":49}},"95":{"start":{"line":168,"column":32},"end":{"line":168,"column":45}},"96":{"start":{"line":170,"column":0},"end":{"line":170,"column":44}}},"fnMap":{"0":{"name":"settingDate","decl":{"start":{"line":5,"column":9},"end":{"line":5,"column":20}},"loc":{"start":{"line":5,"column":31},"end":{"line":10,"column":1}},"line":5},"1":{"name":"getDatesBetween","decl":{"start":{"line":12,"column":9},"end":{"line":12,"column":24}},"loc":{"start":{"line":12,"column":38},"end":{"line":96,"column":1}},"line":12},"2":{"name":"(anonymous_2)","decl":{"start":{"line":58,"column":17},"end":{"line":58,"column":18}},"loc":{"start":{"line":58,"column":23},"end":{"line":60,"column":5}},"line":58},"3":{"name":"trClick","decl":{"start":{"line":98,"column":9},"end":{"line":98,"column":16}},"loc":{"start":{"line":98,"column":32},"end":{"line":108,"column":1}},"line":98},"4":{"name":"callPrev","decl":{"start":{"line":111,"column":9},"end":{"line":111,"column":17}},"loc":{"start":{"line":111,"column":19},"end":{"line":125,"column":1}},"line":111},"5":{"name":"callNext","decl":{"start":{"line":127,"column":9},"end":{"line":127,"column":17}},"loc":{"start":{"line":127,"column":19},"end":{"line":142,"column":1}},"line":127},"6":{"name":"what","decl":{"start":{"line":145,"column":25},"end":{"line":145,"column":29}},"loc":{"start":{"line":145,"column":31},"end":{"line":147,"column":1}},"line":145},"7":{"name":"(anonymous_7)","decl":{"start":{"line":150,"column":12},"end":{"line":150,"column":13}},"loc":{"start":{"line":150,"column":22},"end":{"line":159,"column":1}},"line":150},"8":{"name":"(anonymous_8)","decl":{"start":{"line":154,"column":17},"end":{"line":154,"column":18}},"loc":{"start":{"line":154,"column":26},"end":{"line":156,"column":5}},"line":154},"9":{"name":"(anonymous_9)","decl":{"start":{"line":161,"column":17},"end":{"line":161,"column":18}},"loc":{"start":{"line":161,"column":27},"end":{"line":164,"column":1}},"line":161},"10":{"name":"(anonymous_10)","decl":{"start":{"line":163,"column":23},"end":{"line":163,"column":24}},"loc":{"start":{"line":163,"column":30},"end":{"line":163,"column":47}},"line":163},"11":{"name":"(anonymous_11)","decl":{"start":{"line":166,"column":17},"end":{"line":166,"column":18}},"loc":{"start":{"line":166,"column":27},"end":{"line":169,"column":1}},"line":166},"12":{"name":"(anonymous_12)","decl":{"start":{"line":168,"column":23},"end":{"line":168,"column":24}},"loc":{"start":{"line":168,"column":30},"end":{"line":168,"column":47}},"line":168}},"branchMap":{"0":{"loc":{"start":{"line":20,"column":4},"end":{"line":29,"column":5}},"type":"if","locations":[{"start":{"line":20,"column":4},"end":{"line":29,"column":5}},{"start":{"line":20,"column":4},"end":{"line":29,"column":5}}],"line":20},"1":{"loc":{"start":{"line":22,"column":6},"end":{"line":22,"column":60}},"type":"if","locations":[{"start":{"line":22,"column":6},"end":{"line":22,"column":60}},{"start":{"line":22,"column":6},"end":{"line":22,"column":60}}],"line":22},"2":{"loc":{"start":{"line":22,"column":9},"end":{"line":22,"column":40}},"type":"binary-expr","locations":[{"start":{"line":22,"column":9},"end":{"line":22,"column":22}},{"start":{"line":22,"column":26},"end":{"line":22,"column":40}}],"line":22},"3":{"loc":{"start":{"line":26,"column":6},"end":{"line":26,"column":60}},"type":"if","locations":[{"start":{"line":26,"column":6},"end":{"line":26,"column":60}},{"start":{"line":26,"column":6},"end":{"line":26,"column":60}}],"line":26},"4":{"loc":{"start":{"line":26,"column":9},"end":{"line":26,"column":41}},"type":"binary-expr","locations":[{"start":{"line":26,"column":9},"end":{"line":26,"column":23}},{"start":{"line":26,"column":27},"end":{"line":26,"column":41}}],"line":26},"5":{"loc":{"start":{"line":73,"column":21},"end":{"line":73,"column":41}},"type":"cond-expr","locations":[{"start":{"line":73,"column":30},"end":{"line":73,"column":37}},{"start":{"line":73,"column":40},"end":{"line":73,"column":41}}],"line":73},"6":{"loc":{"start":{"line":74,"column":8},"end":{"line":86,"column":9}},"type":"if","locations":[{"start":{"line":74,"column":8},"end":{"line":86,"column":9}},{"start":{"line":74,"column":8},"end":{"line":86,"column":9}}],"line":74},"7":{"loc":{"start":{"line":75,"column":10},"end":{"line":80,"column":11}},"type":"if","locations":[{"start":{"line":75,"column":10},"end":{"line":80,"column":11}},{"start":{"line":75,"column":10},"end":{"line":80,"column":11}}],"line":75},"8":{"loc":{"start":{"line":81,"column":15},"end":{"line":86,"column":9}},"type":"if","locations":[{"start":{"line":81,"column":15},"end":{"line":86,"column":9}},{"start":{"line":81,"column":15},"end":{"line":86,"column":9}}],"line":81},"9":{"loc":{"start":{"line":115,"column":2},"end":{"line":123,"column":1}},"type":"if","locations":[{"start":{"line":115,"column":2},"end":{"line":123,"column":1}},{"start":{"line":115,"column":2},"end":{"line":123,"column":1}}],"line":115},"10":{"loc":{"start":{"line":120,"column":2},"end":{"line":122,"column":3}},"type":"if","locations":[{"start":{"line":120,"column":2},"end":{"line":122,"column":3}},{"start":{"line":120,"column":2},"end":{"line":122,"column":3}}],"line":120},"11":{"loc":{"start":{"line":133,"column":4},"end":{"line":141,"column":3}},"type":"if","locations":[{"start":{"line":133,"column":4},"end":{"line":141,"column":3}},{"start":{"line":133,"column":4},"end":{"line":141,"column":3}}],"line":133},"12":{"loc":{"start":{"line":138,"column":4},"end":{"line":140,"column":5}},"type":"if","locations":[{"start":{"line":138,"column":4},"end":{"line":140,"column":5}},{"start":{"line":138,"column":4},"end":{"line":140,"column":5}}],"line":138}},"s":{"0":1,"1":12,"2":12,"3":12,"4":12,"5":1,"6":1,"7":1,"8":1,"9":1,"10":1,"11":13,"12":5,"13":5,"14":5,"15":5,"16":8,"17":8,"18":7,"19":8,"20":1,"21":1,"22":1,"23":1,"24":1,"25":12,"26":12,"27":12,"28":12,"29":12,"30":12,"31":12,"32":84,"33":12,"34":12,"35":12,"36":12,"37":63,"38":63,"39":63,"40":63,"41":63,"42":441,"43":441,"44":49,"45":12,"46":12,"47":37,"48":392,"49":38,"50":354,"51":354,"52":63,"53":12,"54":12,"55":12,"56":1,"57":0,"58":0,"59":0,"60":0,"61":0,"62":0,"63":0,"64":0,"65":0,"66":0,"67":0,"68":0,"69":0,"70":0,"71":0,"72":0,"73":0,"74":0,"75":0,"76":0,"77":0,"78":0,"79":0,"80":0,"81":0,"82":1,"83":1,"84":0,"85":1,"86":1,"87":1,"88":6,"89":1,"90":1,"91":1,"92":6,"93":1,"94":1,"95":6,"96":1},"f":{"0":12,"1":1,"2":84,"3":0,"4":0,"5":0,"6":0,"7":1,"8":6,"9":1,"10":6,"11":1,"12":6},"b":{"0":[5,8],"1":[5,0],"2":[5,5],"3":[7,1],"4":[8,8],"5":[145,296],"6":[49,392],"7":[12,37],"8":[38,354],"9":[0,0],"10":[0,0],"11":[0,0],"12":[0,0]},"_coverageSchema":"1a1c01bbd47fc00a2c39e90264f33305004495a9","hash":"ac4db173199e18a6da01bd844dfdaec154f1c314"}
,"/home/sikhanyiso/Link-Website/Link Website/js/eventUsers.js": {"path":"/home/sikhanyiso/Link-Website/Link Website/js/eventUsers.js","statementMap":{"0":{"start":{"line":1,"column":0},"end":{"line":112,"column":3}},"1":{"start":{"line":3,"column":4},"end":{"line":6,"column":7}},"2":{"start":{"line":4,"column":8},"end":{"line":4,"column":40}},"3":{"start":{"line":9,"column":4},"end":{"line":26,"column":11}},"4":{"start":{"line":12,"column":27},"end":{"line":12,"column":29}},"5":{"start":{"line":14,"column":12},"end":{"line":22,"column":15}},"6":{"start":{"line":16,"column":16},"end":{"line":17,"column":28}},"7":{"start":{"line":18,"column":16},"end":{"line":19,"column":45}},"8":{"start":{"line":20,"column":16},"end":{"line":20,"column":89}},"9":{"start":{"line":21,"column":16},"end":{"line":21,"column":37}},"10":{"start":{"line":25,"column":12},"end":{"line":25,"column":41}},"11":{"start":{"line":28,"column":19},"end":{"line":28,"column":27}},"12":{"start":{"line":32,"column":8},"end":{"line":40,"column":11}},"13":{"start":{"line":34,"column":10},"end":{"line":34,"column":33}},"14":{"start":{"line":35,"column":19},"end":{"line":35,"column":40}},"15":{"start":{"line":36,"column":21},"end":{"line":36,"column":48}},"16":{"start":{"line":38,"column":10},"end":{"line":38,"column":25}},"17":{"start":{"line":39,"column":10},"end":{"line":39,"column":31}},"18":{"start":{"line":47,"column":8},"end":{"line":110,"column":11}},"19":{"start":{"line":55,"column":25},"end":{"line":55,"column":47}},"20":{"start":{"line":57,"column":14},"end":{"line":62,"column":15}},"21":{"start":{"line":57,"column":25},"end":{"line":57,"column":26}},"22":{"start":{"line":58,"column":16},"end":{"line":61,"column":17}},"23":{"start":{"line":60,"column":20},"end":{"line":60,"column":55}},"24":{"start":{"line":64,"column":14},"end":{"line":101,"column":15}},"25":{"start":{"line":64,"column":25},"end":{"line":64,"column":26}},"26":{"start":{"line":65,"column":16},"end":{"line":100,"column":17}},"27":{"start":{"line":66,"column":18},"end":{"line":66,"column":44}},"28":{"start":{"line":68,"column":21},"end":{"line":100,"column":17}},"29":{"start":{"line":69,"column":18},"end":{"line":69,"column":45}},"30":{"start":{"line":71,"column":21},"end":{"line":100,"column":17}},"31":{"start":{"line":72,"column":18},"end":{"line":72,"column":42}},"32":{"start":{"line":74,"column":21},"end":{"line":100,"column":17}},"33":{"start":{"line":75,"column":18},"end":{"line":75,"column":42}},"34":{"start":{"line":77,"column":21},"end":{"line":100,"column":17}},"35":{"start":{"line":78,"column":18},"end":{"line":78,"column":40}},"36":{"start":{"line":80,"column":21},"end":{"line":100,"column":17}},"37":{"start":{"line":81,"column":18},"end":{"line":81,"column":41}},"38":{"start":{"line":83,"column":21},"end":{"line":100,"column":17}},"39":{"start":{"line":84,"column":18},"end":{"line":84,"column":41}},"40":{"start":{"line":86,"column":21},"end":{"line":100,"column":17}},"41":{"start":{"line":87,"column":18},"end":{"line":87,"column":43}},"42":{"start":{"line":89,"column":21},"end":{"line":100,"column":17}},"43":{"start":{"line":90,"column":18},"end":{"line":90,"column":46}},"44":{"start":{"line":92,"column":21},"end":{"line":100,"column":17}},"45":{"start":{"line":93,"column":18},"end":{"line":93,"column":44}},"46":{"start":{"line":95,"column":21},"end":{"line":100,"column":17}},"47":{"start":{"line":96,"column":18},"end":{"line":96,"column":45}},"48":{"start":{"line":98,"column":21},"end":{"line":100,"column":17}},"49":{"start":{"line":99,"column":18},"end":{"line":99,"column":45}},"50":{"start":{"line":103,"column":14},"end":{"line":103,"column":30}},"51":{"start":{"line":104,"column":27},"end":{"line":104,"column":55}},"52":{"start":{"line":105,"column":29},"end":{"line":105,"column":55}},"53":{"start":{"line":106,"column":14},"end":{"line":106,"column":47}},"54":{"start":{"line":114,"column":12},"end":{"line":123,"column":1}},"55":{"start":{"line":116,"column":14},"end":{"line":116,"column":15}},"56":{"start":{"line":118,"column":4},"end":{"line":120,"column":7}},"57":{"start":{"line":119,"column":8},"end":{"line":119,"column":19}},"58":{"start":{"line":122,"column":4},"end":{"line":122,"column":15}},"59":{"start":{"line":125,"column":17},"end":{"line":128,"column":1}},"60":{"start":{"line":127,"column":4},"end":{"line":127,"column":49}},"61":{"start":{"line":127,"column":32},"end":{"line":127,"column":45}},"62":{"start":{"line":130,"column":17},"end":{"line":133,"column":1}},"63":{"start":{"line":132,"column":4},"end":{"line":132,"column":49}},"64":{"start":{"line":132,"column":32},"end":{"line":132,"column":45}},"65":{"start":{"line":134,"column":0},"end":{"line":134,"column":44}}},"fnMap":{"0":{"name":"(anonymous_0)","decl":{"start":{"line":1,"column":18},"end":{"line":1,"column":19}},"loc":{"start":{"line":1,"column":30},"end":{"line":112,"column":1}},"line":1},"1":{"name":"(anonymous_1)","decl":{"start":{"line":3,"column":25},"end":{"line":3,"column":26}},"loc":{"start":{"line":3,"column":36},"end":{"line":6,"column":5}},"line":3},"2":{"name":"(anonymous_2)","decl":{"start":{"line":11,"column":8},"end":{"line":11,"column":9}},"loc":{"start":{"line":11,"column":24},"end":{"line":26,"column":9}},"line":11},"3":{"name":"(anonymous_3)","decl":{"start":{"line":14,"column":25},"end":{"line":14,"column":26}},"loc":{"start":{"line":14,"column":47},"end":{"line":22,"column":13}},"line":14},"4":{"name":"(anonymous_4)","decl":{"start":{"line":32,"column":41},"end":{"line":32,"column":42}},"loc":{"start":{"line":32,"column":51},"end":{"line":40,"column":9}},"line":32},"5":{"name":"getEvent","decl":{"start":{"line":45,"column":17},"end":{"line":45,"column":25}},"loc":{"start":{"line":45,"column":31},"end":{"line":111,"column":7}},"line":45},"6":{"name":"(anonymous_6)","decl":{"start":{"line":53,"column":20},"end":{"line":53,"column":21}},"loc":{"start":{"line":53,"column":43},"end":{"line":108,"column":16}},"line":53},"7":{"name":"(anonymous_7)","decl":{"start":{"line":114,"column":12},"end":{"line":114,"column":13}},"loc":{"start":{"line":114,"column":22},"end":{"line":123,"column":1}},"line":114},"8":{"name":"(anonymous_8)","decl":{"start":{"line":118,"column":17},"end":{"line":118,"column":18}},"loc":{"start":{"line":118,"column":26},"end":{"line":120,"column":5}},"line":118},"9":{"name":"(anonymous_9)","decl":{"start":{"line":125,"column":17},"end":{"line":125,"column":18}},"loc":{"start":{"line":125,"column":27},"end":{"line":128,"column":1}},"line":125},"10":{"name":"(anonymous_10)","decl":{"start":{"line":127,"column":23},"end":{"line":127,"column":24}},"loc":{"start":{"line":127,"column":30},"end":{"line":127,"column":47}},"line":127},"11":{"name":"(anonymous_11)","decl":{"start":{"line":130,"column":17},"end":{"line":130,"column":18}},"loc":{"start":{"line":130,"column":27},"end":{"line":133,"column":1}},"line":130},"12":{"name":"(anonymous_12)","decl":{"start":{"line":132,"column":23},"end":{"line":132,"column":24}},"loc":{"start":{"line":132,"column":30},"end":{"line":132,"column":47}},"line":132}},"branchMap":{"0":{"loc":{"start":{"line":58,"column":16},"end":{"line":61,"column":17}},"type":"if","locations":[{"start":{"line":58,"column":16},"end":{"line":61,"column":17}},{"start":{"line":58,"column":16},"end":{"line":61,"column":17}}],"line":58},"1":{"loc":{"start":{"line":65,"column":16},"end":{"line":100,"column":17}},"type":"if","locations":[{"start":{"line":65,"column":16},"end":{"line":100,"column":17}},{"start":{"line":65,"column":16},"end":{"line":100,"column":17}}],"line":65},"2":{"loc":{"start":{"line":68,"column":21},"end":{"line":100,"column":17}},"type":"if","locations":[{"start":{"line":68,"column":21},"end":{"line":100,"column":17}},{"start":{"line":68,"column":21},"end":{"line":100,"column":17}}],"line":68},"3":{"loc":{"start":{"line":71,"column":21},"end":{"line":100,"column":17}},"type":"if","locations":[{"start":{"line":71,"column":21},"end":{"line":100,"column":17}},{"start":{"line":71,"column":21},"end":{"line":100,"column":17}}],"line":71},"4":{"loc":{"start":{"line":74,"column":21},"end":{"line":100,"column":17}},"type":"if","locations":[{"start":{"line":74,"column":21},"end":{"line":100,"column":17}},{"start":{"line":74,"column":21},"end":{"line":100,"column":17}}],"line":74},"5":{"loc":{"start":{"line":77,"column":21},"end":{"line":100,"column":17}},"type":"if","locations":[{"start":{"line":77,"column":21},"end":{"line":100,"column":17}},{"start":{"line":77,"column":21},"end":{"line":100,"column":17}}],"line":77},"6":{"loc":{"start":{"line":80,"column":21},"end":{"line":100,"column":17}},"type":"if","locations":[{"start":{"line":80,"column":21},"end":{"line":100,"column":17}},{"start":{"line":80,"column":21},"end":{"line":100,"column":17}}],"line":80},"7":{"loc":{"start":{"line":83,"column":21},"end":{"line":100,"column":17}},"type":"if","locations":[{"start":{"line":83,"column":21},"end":{"line":100,"column":17}},{"start":{"line":83,"column":21},"end":{"line":100,"column":17}}],"line":83},"8":{"loc":{"start":{"line":86,"column":21},"end":{"line":100,"column":17}},"type":"if","locations":[{"start":{"line":86,"column":21},"end":{"line":100,"column":17}},{"start":{"line":86,"column":21},"end":{"line":100,"column":17}}],"line":86},"9":{"loc":{"start":{"line":89,"column":21},"end":{"line":100,"column":17}},"type":"if","locations":[{"start":{"line":89,"column":21},"end":{"line":100,"column":17}},{"start":{"line":89,"column":21},"end":{"line":100,"column":17}}],"line":89},"10":{"loc":{"start":{"line":92,"column":21},"end":{"line":100,"column":17}},"type":"if","locations":[{"start":{"line":92,"column":21},"end":{"line":100,"column":17}},{"start":{"line":92,"column":21},"end":{"line":100,"column":17}}],"line":92},"11":{"loc":{"start":{"line":95,"column":21},"end":{"line":100,"column":17}},"type":"if","locations":[{"start":{"line":95,"column":21},"end":{"line":100,"column":17}},{"start":{"line":95,"column":21},"end":{"line":100,"column":17}}],"line":95},"12":{"loc":{"start":{"line":98,"column":21},"end":{"line":100,"column":17}},"type":"if","locations":[{"start":{"line":98,"column":21},"end":{"line":100,"column":17}},{"start":{"line":98,"column":21},"end":{"line":100,"column":17}}],"line":98}},"s":{"0":1,"1":0,"2":0,"3":0,"4":0,"5":0,"6":0,"7":0,"8":0,"9":0,"10":0,"11":0,"12":0,"13":0,"14":0,"15":0,"16":0,"17":0,"18":0,"19":0,"20":0,"21":0,"22":0,"23":0,"24":0,"25":0,"26":0,"27":0,"28":0,"29":0,"30":0,"31":0,"32":0,"33":0,"34":0,"35":0,"36":0,"37":0,"38":0,"39":0,"40":0,"41":0,"42":0,"43":0,"44":0,"45":0,"46":0,"47":0,"48":0,"49":0,"50":0,"51":0,"52":0,"53":0,"54":1,"55":1,"56":1,"57":6,"58":1,"59":1,"60":1,"61":6,"62":1,"63":1,"64":6,"65":1},"f":{"0":0,"1":0,"2":0,"3":0,"4":0,"5":0,"6":0,"7":1,"8":6,"9":1,"10":6,"11":1,"12":6},"b":{"0":[0,0],"1":[0,0],"2":[0,0],"3":[0,0],"4":[0,0],"5":[0,0],"6":[0,0],"7":[0,0],"8":[0,0],"9":[0,0],"10":[0,0],"11":[0,0],"12":[0,0]},"_coverageSchema":"1a1c01bbd47fc00a2c39e90264f33305004495a9","hash":"714bbdf0f790299d07a4bf0a2a18b9d6a730736a"}
,"/home/sikhanyiso/Link-Website/Link Website/js/fetchMessage.js": {"path":"/home/sikhanyiso/Link-Website/Link Website/js/fetchMessage.js","statementMap":{"0":{"start":{"line":2,"column":23},"end":{"line":2,"column":53}},"1":{"start":{"line":3,"column":4},"end":{"line":39,"column":7}},"2":{"start":{"line":13,"column":23},"end":{"line":13,"column":45}},"3":{"start":{"line":14,"column":12},"end":{"line":14,"column":32}},"4":{"start":{"line":15,"column":25},"end":{"line":15,"column":50}},"5":{"start":{"line":16,"column":12},"end":{"line":35,"column":19}},"6":{"start":{"line":17,"column":14},"end":{"line":33,"column":16}},"7":{"start":{"line":19,"column":16},"end":{"line":19,"column":74}},"8":{"start":{"line":20,"column":16},"end":{"line":20,"column":62}},"9":{"start":{"line":21,"column":16},"end":{"line":21,"column":89}},"10":{"start":{"line":22,"column":16},"end":{"line":22,"column":58}},"11":{"start":{"line":23,"column":16},"end":{"line":23,"column":73}},"12":{"start":{"line":24,"column":16},"end":{"line":24,"column":35}},"13":{"start":{"line":25,"column":16},"end":{"line":25,"column":35}},"14":{"start":{"line":26,"column":16},"end":{"line":26,"column":72}},"15":{"start":{"line":27,"column":16},"end":{"line":27,"column":35}},"16":{"start":{"line":30,"column":17},"end":{"line":30,"column":75}},"17":{"start":{"line":31,"column":17},"end":{"line":31,"column":73}},"18":{"start":{"line":32,"column":17},"end":{"line":32,"column":36}},"19":{"start":{"line":36,"column":12},"end":{"line":36,"column":31}},"20":{"start":{"line":37,"column":12},"end":{"line":37,"column":40}},"21":{"start":{"line":47,"column":14},"end":{"line":47,"column":15}},"22":{"start":{"line":49,"column":4},"end":{"line":51,"column":7}},"23":{"start":{"line":50,"column":8},"end":{"line":50,"column":19}},"24":{"start":{"line":53,"column":4},"end":{"line":53,"column":15}},"25":{"start":{"line":58,"column":4},"end":{"line":58,"column":49}},"26":{"start":{"line":58,"column":32},"end":{"line":58,"column":45}},"27":{"start":{"line":63,"column":4},"end":{"line":63,"column":49}},"28":{"start":{"line":63,"column":32},"end":{"line":63,"column":45}},"29":{"start":{"line":65,"column":0},"end":{"line":65,"column":31}}},"fnMap":{"0":{"name":"getDetails","decl":{"start":{"line":1,"column":9},"end":{"line":1,"column":19}},"loc":{"start":{"line":1,"column":47},"end":{"line":42,"column":1}},"line":1},"1":{"name":"(anonymous_1)","decl":{"start":{"line":12,"column":17},"end":{"line":12,"column":18}},"loc":{"start":{"line":12,"column":40},"end":{"line":38,"column":7}},"line":12},"2":{"name":"(anonymous_2)","decl":{"start":{"line":16,"column":25},"end":{"line":16,"column":26}},"loc":{"start":{"line":16,"column":45},"end":{"line":35,"column":17}},"line":16},"3":{"name":"s1","decl":{"start":{"line":45,"column":9},"end":{"line":45,"column":11}},"loc":{"start":{"line":45,"column":17},"end":{"line":54,"column":1}},"line":45},"4":{"name":"(anonymous_4)","decl":{"start":{"line":49,"column":17},"end":{"line":49,"column":18}},"loc":{"start":{"line":49,"column":26},"end":{"line":51,"column":5}},"line":49},"5":{"name":"p1","decl":{"start":{"line":56,"column":9},"end":{"line":56,"column":11}},"loc":{"start":{"line":56,"column":17},"end":{"line":59,"column":1}},"line":56},"6":{"name":"(anonymous_6)","decl":{"start":{"line":58,"column":23},"end":{"line":58,"column":24}},"loc":{"start":{"line":58,"column":30},"end":{"line":58,"column":47}},"line":58},"7":{"name":"n1","decl":{"start":{"line":61,"column":9},"end":{"line":61,"column":11}},"loc":{"start":{"line":61,"column":17},"end":{"line":64,"column":1}},"line":61},"8":{"name":"(anonymous_8)","decl":{"start":{"line":63,"column":23},"end":{"line":63,"column":24}},"loc":{"start":{"line":63,"column":30},"end":{"line":63,"column":47}},"line":63}},"branchMap":{"0":{"loc":{"start":{"line":17,"column":14},"end":{"line":33,"column":16}},"type":"if","locations":[{"start":{"line":17,"column":14},"end":{"line":33,"column":16}},{"start":{"line":17,"column":14},"end":{"line":33,"column":16}}],"line":17}},"s":{"0":0,"1":0,"2":0,"3":0,"4":0,"5":0,"6":0,"7":0,"8":0,"9":0,"10":0,"11":0,"12":0,"13":0,"14":0,"15":0,"16":0,"17":0,"18":0,"19":0,"20":0,"21":1,"22":1,"23":6,"24":1,"25":1,"26":6,"27":1,"28":6,"29":1},"f":{"0":0,"1":0,"2":0,"3":1,"4":6,"5":1,"6":6,"7":1,"8":6},"b":{"0":[0,0]},"_coverageSchema":"1a1c01bbd47fc00a2c39e90264f33305004495a9","hash":"e9533e0d55425425aabf971e6992639b72ef6995"}
,"/home/sikhanyiso/Link-Website/Link Website/js/getUsers.js": {"path":"/home/sikhanyiso/Link-Website/Link Website/js/getUsers.js","statementMap":{},"fnMap":{},"branchMap":{},"s":{},"f":{},"b":{}}
,"/home/sikhanyiso/Link-Website/Link Website/js/logevent.js": {"path":"/home/sikhanyiso/Link-Website/Link Website/js/logevent.js","statementMap":{"0":{"start":{"line":1,"column":17},"end":{"line":98,"column":1}},"1":{"start":{"line":99,"column":0},"end":{"line":101,"column":2}},"2":{"start":{"line":100,"column":2},"end":{"line":100,"column":53}},"3":{"start":{"line":104,"column":4},"end":{"line":139,"column":5}},"4":{"start":{"line":105,"column":6},"end":{"line":105,"column":23}},"5":{"start":{"line":107,"column":9},"end":{"line":139,"column":5}},"6":{"start":{"line":108,"column":6},"end":{"line":108,"column":25}},"7":{"start":{"line":110,"column":9},"end":{"line":139,"column":5}},"8":{"start":{"line":111,"column":6},"end":{"line":111,"column":22}},"9":{"start":{"line":113,"column":9},"end":{"line":139,"column":5}},"10":{"start":{"line":114,"column":6},"end":{"line":114,"column":22}},"11":{"start":{"line":116,"column":9},"end":{"line":139,"column":5}},"12":{"start":{"line":117,"column":6},"end":{"line":117,"column":20}},"13":{"start":{"line":119,"column":9},"end":{"line":139,"column":5}},"14":{"start":{"line":120,"column":6},"end":{"line":120,"column":20}},"15":{"start":{"line":122,"column":9},"end":{"line":139,"column":5}},"16":{"start":{"line":123,"column":6},"end":{"line":123,"column":21}},"17":{"start":{"line":125,"column":9},"end":{"line":139,"column":5}},"18":{"start":{"line":126,"column":6},"end":{"line":126,"column":23}},"19":{"start":{"line":128,"column":9},"end":{"line":139,"column":5}},"20":{"start":{"line":129,"column":6},"end":{"line":129,"column":26}},"21":{"start":{"line":131,"column":9},"end":{"line":139,"column":5}},"22":{"start":{"line":132,"column":6},"end":{"line":132,"column":24}},"23":{"start":{"line":134,"column":9},"end":{"line":139,"column":5}},"24":{"start":{"line":135,"column":6},"end":{"line":135,"column":25}},"25":{"start":{"line":137,"column":9},"end":{"line":139,"column":5}},"26":{"start":{"line":138,"column":6},"end":{"line":138,"column":25}},"27":{"start":{"line":142,"column":15},"end":{"line":142,"column":45}},"28":{"start":{"line":143,"column":17},"end":{"line":143,"column":49}},"29":{"start":{"line":144,"column":16},"end":{"line":144,"column":47}},"30":{"start":{"line":145,"column":22},"end":{"line":145,"column":49}},"31":{"start":{"line":146,"column":18},"end":{"line":146,"column":47}},"32":{"start":{"line":149,"column":14},"end":{"line":149,"column":34}},"33":{"start":{"line":154,"column":2},"end":{"line":154,"column":44}},"34":{"start":{"line":155,"column":2},"end":{"line":155,"column":45}},"35":{"start":{"line":156,"column":2},"end":{"line":156,"column":46}},"36":{"start":{"line":159,"column":2},"end":{"line":188,"column":3}},"37":{"start":{"line":160,"column":18},"end":{"line":160,"column":49}},"38":{"start":{"line":161,"column":17},"end":{"line":161,"column":47}},"39":{"start":{"line":162,"column":13},"end":{"line":162,"column":45}},"40":{"start":{"line":163,"column":4},"end":{"line":165,"column":5}},"41":{"start":{"line":164,"column":6},"end":{"line":164,"column":64}},"42":{"start":{"line":167,"column":4},"end":{"line":175,"column":5}},"43":{"start":{"line":168,"column":6},"end":{"line":171,"column":7}},"44":{"start":{"line":169,"column":8},"end":{"line":169,"column":64}},"45":{"start":{"line":172,"column":20},"end":{"line":172,"column":51}},"46":{"start":{"line":173,"column":6},"end":{"line":173,"column":27}},"47":{"start":{"line":178,"column":4},"end":{"line":187,"column":5}},"48":{"start":{"line":179,"column":14},"end":{"line":179,"column":51}},"49":{"start":{"line":180,"column":6},"end":{"line":182,"column":7}},"50":{"start":{"line":180,"column":16},"end":{"line":180,"column":17}},"51":{"start":{"line":181,"column":8},"end":{"line":181,"column":63}},"52":{"start":{"line":183,"column":20},"end":{"line":183,"column":51}},"53":{"start":{"line":184,"column":6},"end":{"line":184,"column":27}},"54":{"start":{"line":186,"column":6},"end":{"line":186,"column":58}},"55":{"start":{"line":193,"column":4},"end":{"line":212,"column":7}},"56":{"start":{"line":208,"column":8},"end":{"line":208,"column":20}},"57":{"start":{"line":209,"column":8},"end":{"line":209,"column":54}},"58":{"start":{"line":217,"column":14},"end":{"line":226,"column":3}},"59":{"start":{"line":219,"column":16},"end":{"line":219,"column":17}},"60":{"start":{"line":221,"column":6},"end":{"line":223,"column":9}},"61":{"start":{"line":222,"column":10},"end":{"line":222,"column":21}},"62":{"start":{"line":225,"column":6},"end":{"line":225,"column":17}},"63":{"start":{"line":228,"column":19},"end":{"line":231,"column":3}},"64":{"start":{"line":230,"column":6},"end":{"line":230,"column":51}},"65":{"start":{"line":230,"column":34},"end":{"line":230,"column":47}},"66":{"start":{"line":233,"column":19},"end":{"line":236,"column":3}},"67":{"start":{"line":235,"column":6},"end":{"line":235,"column":51}},"68":{"start":{"line":235,"column":34},"end":{"line":235,"column":47}},"69":{"start":{"line":237,"column":2},"end":{"line":237,"column":46}}},"fnMap":{"0":{"name":"what","decl":{"start":{"line":99,"column":25},"end":{"line":99,"column":29}},"loc":{"start":{"line":99,"column":31},"end":{"line":101,"column":1}},"line":99},"1":{"name":"changeForm","decl":{"start":{"line":102,"column":11},"end":{"line":102,"column":21}},"loc":{"start":{"line":102,"column":26},"end":{"line":141,"column":3}},"line":102},"2":{"name":"(anonymous_2)","decl":{"start":{"line":159,"column":18},"end":{"line":159,"column":19}},"loc":{"start":{"line":159,"column":28},"end":{"line":188,"column":3}},"line":159},"3":{"name":"(anonymous_3)","decl":{"start":{"line":167,"column":23},"end":{"line":167,"column":24}},"loc":{"start":{"line":167,"column":33},"end":{"line":175,"column":5}},"line":167},"4":{"name":"(anonymous_4)","decl":{"start":{"line":178,"column":22},"end":{"line":178,"column":23}},"loc":{"start":{"line":178,"column":32},"end":{"line":187,"column":5}},"line":178},"5":{"name":"clickFunction","decl":{"start":{"line":191,"column":11},"end":{"line":191,"column":24}},"loc":{"start":{"line":191,"column":26},"end":{"line":213,"column":3}},"line":191},"6":{"name":"(anonymous_6)","decl":{"start":{"line":207,"column":15},"end":{"line":207,"column":16}},"loc":{"start":{"line":207,"column":30},"end":{"line":210,"column":7}},"line":207},"7":{"name":"(anonymous_7)","decl":{"start":{"line":217,"column":14},"end":{"line":217,"column":15}},"loc":{"start":{"line":217,"column":24},"end":{"line":226,"column":3}},"line":217},"8":{"name":"(anonymous_8)","decl":{"start":{"line":221,"column":19},"end":{"line":221,"column":20}},"loc":{"start":{"line":221,"column":28},"end":{"line":223,"column":7}},"line":221},"9":{"name":"(anonymous_9)","decl":{"start":{"line":228,"column":19},"end":{"line":228,"column":20}},"loc":{"start":{"line":228,"column":29},"end":{"line":231,"column":3}},"line":228},"10":{"name":"(anonymous_10)","decl":{"start":{"line":230,"column":25},"end":{"line":230,"column":26}},"loc":{"start":{"line":230,"column":32},"end":{"line":230,"column":49}},"line":230},"11":{"name":"(anonymous_11)","decl":{"start":{"line":233,"column":19},"end":{"line":233,"column":20}},"loc":{"start":{"line":233,"column":29},"end":{"line":236,"column":3}},"line":233},"12":{"name":"(anonymous_12)","decl":{"start":{"line":235,"column":25},"end":{"line":235,"column":26}},"loc":{"start":{"line":235,"column":32},"end":{"line":235,"column":49}},"line":235}},"branchMap":{"0":{"loc":{"start":{"line":104,"column":4},"end":{"line":139,"column":5}},"type":"if","locations":[{"start":{"line":104,"column":4},"end":{"line":139,"column":5}},{"start":{"line":104,"column":4},"end":{"line":139,"column":5}}],"line":104},"1":{"loc":{"start":{"line":107,"column":9},"end":{"line":139,"column":5}},"type":"if","locations":[{"start":{"line":107,"column":9},"end":{"line":139,"column":5}},{"start":{"line":107,"column":9},"end":{"line":139,"column":5}}],"line":107},"2":{"loc":{"start":{"line":110,"column":9},"end":{"line":139,"column":5}},"type":"if","locations":[{"start":{"line":110,"column":9},"end":{"line":139,"column":5}},{"start":{"line":110,"column":9},"end":{"line":139,"column":5}}],"line":110},"3":{"loc":{"start":{"line":113,"column":9},"end":{"line":139,"column":5}},"type":"if","locations":[{"start":{"line":113,"column":9},"end":{"line":139,"column":5}},{"start":{"line":113,"column":9},"end":{"line":139,"column":5}}],"line":113},"4":{"loc":{"start":{"line":116,"column":9},"end":{"line":139,"column":5}},"type":"if","locations":[{"start":{"line":116,"column":9},"end":{"line":139,"column":5}},{"start":{"line":116,"column":9},"end":{"line":139,"column":5}}],"line":116},"5":{"loc":{"start":{"line":119,"column":9},"end":{"line":139,"column":5}},"type":"if","locations":[{"start":{"line":119,"column":9},"end":{"line":139,"column":5}},{"start":{"line":119,"column":9},"end":{"line":139,"column":5}}],"line":119},"6":{"loc":{"start":{"line":122,"column":9},"end":{"line":139,"column":5}},"type":"if","locations":[{"start":{"line":122,"column":9},"end":{"line":139,"column":5}},{"start":{"line":122,"column":9},"end":{"line":139,"column":5}}],"line":122},"7":{"loc":{"start":{"line":125,"column":9},"end":{"line":139,"column":5}},"type":"if","locations":[{"start":{"line":125,"column":9},"end":{"line":139,"column":5}},{"start":{"line":125,"column":9},"end":{"line":139,"column":5}}],"line":125},"8":{"loc":{"start":{"line":128,"column":9},"end":{"line":139,"column":5}},"type":"if","locations":[{"start":{"line":128,"column":9},"end":{"line":139,"column":5}},{"start":{"line":128,"column":9},"end":{"line":139,"column":5}}],"line":128},"9":{"loc":{"start":{"line":131,"column":9},"end":{"line":139,"column":5}},"type":"if","locations":[{"start":{"line":131,"column":9},"end":{"line":139,"column":5}},{"start":{"line":131,"column":9},"end":{"line":139,"column":5}}],"line":131},"10":{"loc":{"start":{"line":134,"column":9},"end":{"line":139,"column":5}},"type":"if","locations":[{"start":{"line":134,"column":9},"end":{"line":139,"column":5}},{"start":{"line":134,"column":9},"end":{"line":139,"column":5}}],"line":134},"11":{"loc":{"start":{"line":137,"column":9},"end":{"line":139,"column":5}},"type":"if","locations":[{"start":{"line":137,"column":9},"end":{"line":139,"column":5}},{"start":{"line":137,"column":9},"end":{"line":139,"column":5}}],"line":137}},"s":{"0":1,"1":1,"2":0,"3":1,"4":0,"5":1,"6":0,"7":1,"8":0,"9":1,"10":0,"11":1,"12":0,"13":1,"14":0,"15":1,"16":0,"17":1,"18":0,"19":1,"20":0,"21":1,"22":0,"23":1,"24":0,"25":1,"26":0,"27":1,"28":1,"29":1,"30":1,"31":1,"32":1,"33":1,"34":1,"35":1,"36":1,"37":0,"38":0,"39":0,"40":0,"41":0,"42":0,"43":0,"44":0,"45":0,"46":0,"47":0,"48":0,"49":0,"50":0,"51":0,"52":0,"53":0,"54":0,"55":0,"56":0,"57":0,"58":1,"59":1,"60":1,"61":6,"62":1,"63":1,"64":1,"65":6,"66":1,"67":1,"68":6,"69":1},"f":{"0":0,"1":1,"2":0,"3":0,"4":0,"5":0,"6":0,"7":1,"8":6,"9":1,"10":6,"11":1,"12":6},"b":{"0":[0,1],"1":[0,1],"2":[0,1],"3":[0,1],"4":[0,1],"5":[0,1],"6":[0,1],"7":[0,1],"8":[0,1],"9":[0,1],"10":[0,1],"11":[0,1]},"_coverageSchema":"1a1c01bbd47fc00a2c39e90264f33305004495a9","hash":"5438567178b8443d6fc9ec5a6672c9e206933216"}
,"/home/sikhanyiso/Link-Website/Link Website/js/login.js": {"path":"/home/sikhanyiso/Link-Website/Link Website/js/login.js","statementMap":{"0":{"start":{"line":1,"column":0},"end":{"line":60,"column":3}},"1":{"start":{"line":2,"column":4},"end":{"line":59,"column":7}},"2":{"start":{"line":3,"column":8},"end":{"line":3,"column":27}},"3":{"start":{"line":6,"column":24},"end":{"line":6,"column":47}},"4":{"start":{"line":7,"column":23},"end":{"line":7,"column":49}},"5":{"start":{"line":12,"column":8},"end":{"line":12,"column":29}},"6":{"start":{"line":15,"column":8},"end":{"line":17,"column":9}},"7":{"start":{"line":16,"column":12},"end":{"line":16,"column":89}},"8":{"start":{"line":18,"column":8},"end":{"line":20,"column":9}},"9":{"start":{"line":19,"column":12},"end":{"line":19,"column":113}},"10":{"start":{"line":24,"column":15},"end":{"line":57,"column":15}},"11":{"start":{"line":41,"column":31},"end":{"line":41,"column":46}},"12":{"start":{"line":42,"column":35},"end":{"line":42,"column":41}},"13":{"start":{"line":43,"column":35},"end":{"line":43,"column":52}},"14":{"start":{"line":44,"column":20},"end":{"line":44,"column":63}},"15":{"start":{"line":47,"column":20},"end":{"line":47,"column":36}},"16":{"start":{"line":48,"column":20},"end":{"line":51,"column":21}},"17":{"start":{"line":49,"column":24},"end":{"line":49,"column":94}},"18":{"start":{"line":50,"column":24},"end":{"line":50,"column":63}},"19":{"start":{"line":52,"column":20},"end":{"line":54,"column":21}},"20":{"start":{"line":53,"column":24},"end":{"line":53,"column":52}},"21":{"start":{"line":62,"column":12},"end":{"line":71,"column":1}},"22":{"start":{"line":64,"column":14},"end":{"line":64,"column":15}},"23":{"start":{"line":66,"column":4},"end":{"line":68,"column":7}},"24":{"start":{"line":67,"column":8},"end":{"line":67,"column":19}},"25":{"start":{"line":70,"column":4},"end":{"line":70,"column":15}},"26":{"start":{"line":73,"column":17},"end":{"line":76,"column":1}},"27":{"start":{"line":75,"column":4},"end":{"line":75,"column":49}},"28":{"start":{"line":75,"column":32},"end":{"line":75,"column":45}},"29":{"start":{"line":78,"column":17},"end":{"line":81,"column":1}},"30":{"start":{"line":80,"column":4},"end":{"line":80,"column":49}},"31":{"start":{"line":80,"column":32},"end":{"line":80,"column":45}},"32":{"start":{"line":82,"column":0},"end":{"line":82,"column":44}}},"fnMap":{"0":{"name":"(anonymous_0)","decl":{"start":{"line":1,"column":18},"end":{"line":1,"column":19}},"loc":{"start":{"line":1,"column":30},"end":{"line":60,"column":1}},"line":1},"1":{"name":"(anonymous_1)","decl":{"start":{"line":2,"column":28},"end":{"line":2,"column":29}},"loc":{"start":{"line":2,"column":41},"end":{"line":59,"column":5}},"line":2},"2":{"name":"(anonymous_2)","decl":{"start":{"line":33,"column":25},"end":{"line":33,"column":26}},"loc":{"start":{"line":33,"column":41},"end":{"line":56,"column":17}},"line":33},"3":{"name":"(anonymous_3)","decl":{"start":{"line":62,"column":12},"end":{"line":62,"column":13}},"loc":{"start":{"line":62,"column":22},"end":{"line":71,"column":1}},"line":62},"4":{"name":"(anonymous_4)","decl":{"start":{"line":66,"column":17},"end":{"line":66,"column":18}},"loc":{"start":{"line":66,"column":26},"end":{"line":68,"column":5}},"line":66},"5":{"name":"(anonymous_5)","decl":{"start":{"line":73,"column":17},"end":{"line":73,"column":18}},"loc":{"start":{"line":73,"column":27},"end":{"line":76,"column":1}},"line":73},"6":{"name":"(anonymous_6)","decl":{"start":{"line":75,"column":23},"end":{"line":75,"column":24}},"loc":{"start":{"line":75,"column":30},"end":{"line":75,"column":47}},"line":75},"7":{"name":"(anonymous_7)","decl":{"start":{"line":78,"column":17},"end":{"line":78,"column":18}},"loc":{"start":{"line":78,"column":27},"end":{"line":81,"column":1}},"line":78},"8":{"name":"(anonymous_8)","decl":{"start":{"line":80,"column":23},"end":{"line":80,"column":24}},"loc":{"start":{"line":80,"column":30},"end":{"line":80,"column":47}},"line":80}},"branchMap":{"0":{"loc":{"start":{"line":15,"column":8},"end":{"line":17,"column":9}},"type":"if","locations":[{"start":{"line":15,"column":8},"end":{"line":17,"column":9}},{"start":{"line":15,"column":8},"end":{"line":17,"column":9}}],"line":15},"1":{"loc":{"start":{"line":18,"column":8},"end":{"line":20,"column":9}},"type":"if","locations":[{"start":{"line":18,"column":8},"end":{"line":20,"column":9}},{"start":{"line":18,"column":8},"end":{"line":20,"column":9}}],"line":18},"2":{"loc":{"start":{"line":48,"column":20},"end":{"line":51,"column":21}},"type":"if","locations":[{"start":{"line":48,"column":20},"end":{"line":51,"column":21}},{"start":{"line":48,"column":20},"end":{"line":51,"column":21}}],"line":48},"3":{"loc":{"start":{"line":52,"column":20},"end":{"line":54,"column":21}},"type":"if","locations":[{"start":{"line":52,"column":20},"end":{"line":54,"column":21}},{"start":{"line":52,"column":20},"end":{"line":54,"column":21}}],"line":52}},"s":{"0":1,"1":0,"2":0,"3":0,"4":0,"5":0,"6":0,"7":0,"8":0,"9":0,"10":0,"11":0,"12":0,"13":0,"14":0,"15":0,"16":0,"17":0,"18":0,"19":0,"20":0,"21":1,"22":1,"23":1,"24":6,"25":1,"26":1,"27":1,"28":6,"29":1,"30":1,"31":6,"32":1},"f":{"0":0,"1":0,"2":0,"3":1,"4":6,"5":1,"6":6,"7":1,"8":6},"b":{"0":[0,0],"1":[0,0],"2":[0,0],"3":[0,0]},"_coverageSchema":"1a1c01bbd47fc00a2c39e90264f33305004495a9","hash":"828bfc9842279a1697e091c8e7a033524f9c1127"}
,"/home/sikhanyiso/Link-Website/Link Website/js/main.js": {"path":"/home/sikhanyiso/Link-Website/Link Website/js/main.js","statementMap":{"0":{"start":{"line":3,"column":4},"end":{"line":3,"column":17}},"1":{"start":{"line":5,"column":0},"end":{"line":5,"column":21}},"2":{"start":{"line":7,"column":21},"end":{"line":7,"column":78}},"3":{"start":{"line":7,"column":33},"end":{"line":7,"column":78}},"4":{"start":{"line":8,"column":18},"end":{"line":14,"column":1}},"5":{"start":{"line":9,"column":23},"end":{"line":11,"column":5}},"6":{"start":{"line":10,"column":8},"end":{"line":10,"column":67}},"7":{"start":{"line":13,"column":4},"end":{"line":13,"column":45}},"8":{"start":{"line":16,"column":0},"end":{"line":16,"column":43}}},"fnMap":{"0":{"name":"sum","decl":{"start":{"line":2,"column":9},"end":{"line":2,"column":12}},"loc":{"start":{"line":2,"column":19},"end":{"line":4,"column":1}},"line":2},"1":{"name":"(anonymous_1)","decl":{"start":{"line":7,"column":21},"end":{"line":7,"column":22}},"loc":{"start":{"line":7,"column":33},"end":{"line":7,"column":78}},"line":7},"2":{"name":"(anonymous_2)","decl":{"start":{"line":8,"column":18},"end":{"line":8,"column":19}},"loc":{"start":{"line":8,"column":30},"end":{"line":14,"column":1}},"line":8},"3":{"name":"(anonymous_3)","decl":{"start":{"line":9,"column":23},"end":{"line":9,"column":24}},"loc":{"start":{"line":9,"column":33},"end":{"line":11,"column":5}},"line":9}},"branchMap":{},"s":{"0":0,"1":1,"2":1,"3":6,"4":1,"5":3,"6":6,"7":3,"8":1},"f":{"0":0,"1":6,"2":3,"3":6},"b":{},"_coverageSchema":"1a1c01bbd47fc00a2c39e90264f33305004495a9","hash":"904b3e0a3b0f73a6e968349249ef71c10f0ee0e3"}
,"/home/sikhanyiso/Link-Website/Link Website/js/post.js": {"path":"/home/sikhanyiso/Link-Website/Link Website/js/post.js","statementMap":{"0":{"start":{"line":1,"column":0},"end":{"line":50,"column":3}},"1":{"start":{"line":2,"column":4},"end":{"line":49,"column":7}},"2":{"start":{"line":3,"column":8},"end":{"line":3,"column":27}},"3":{"start":{"line":5,"column":21},"end":{"line":5,"column":46}},"4":{"start":{"line":6,"column":23},"end":{"line":6,"column":49}},"5":{"start":{"line":7,"column":19},"end":{"line":7,"column":51}},"6":{"start":{"line":9,"column":8},"end":{"line":9,"column":29}},"7":{"start":{"line":12,"column":8},"end":{"line":46,"column":9}},"8":{"start":{"line":13,"column":12},"end":{"line":13,"column":92}},"9":{"start":{"line":15,"column":13},"end":{"line":46,"column":9}},"10":{"start":{"line":16,"column":12},"end":{"line":16,"column":92}},"11":{"start":{"line":21,"column":12},"end":{"line":43,"column":15}},"12":{"start":{"line":33,"column":20},"end":{"line":33,"column":32}},"13":{"start":{"line":34,"column":20},"end":{"line":39,"column":21}},"14":{"start":{"line":35,"column":24},"end":{"line":35,"column":45}},"15":{"start":{"line":36,"column":24},"end":{"line":36,"column":77}},"16":{"start":{"line":37,"column":24},"end":{"line":37,"column":87}},"17":{"start":{"line":52,"column":12},"end":{"line":61,"column":1}},"18":{"start":{"line":54,"column":14},"end":{"line":54,"column":15}},"19":{"start":{"line":56,"column":4},"end":{"line":58,"column":7}},"20":{"start":{"line":57,"column":8},"end":{"line":57,"column":19}},"21":{"start":{"line":60,"column":4},"end":{"line":60,"column":15}},"22":{"start":{"line":63,"column":17},"end":{"line":66,"column":1}},"23":{"start":{"line":65,"column":4},"end":{"line":65,"column":49}},"24":{"start":{"line":65,"column":32},"end":{"line":65,"column":45}},"25":{"start":{"line":68,"column":17},"end":{"line":71,"column":1}},"26":{"start":{"line":70,"column":4},"end":{"line":70,"column":49}},"27":{"start":{"line":70,"column":32},"end":{"line":70,"column":45}},"28":{"start":{"line":72,"column":0},"end":{"line":72,"column":44}}},"fnMap":{"0":{"name":"(anonymous_0)","decl":{"start":{"line":1,"column":18},"end":{"line":1,"column":19}},"loc":{"start":{"line":1,"column":30},"end":{"line":50,"column":1}},"line":1},"1":{"name":"(anonymous_1)","decl":{"start":{"line":2,"column":30},"end":{"line":2,"column":31}},"loc":{"start":{"line":2,"column":43},"end":{"line":49,"column":5}},"line":2},"2":{"name":"(anonymous_2)","decl":{"start":{"line":31,"column":25},"end":{"line":31,"column":26}},"loc":{"start":{"line":31,"column":41},"end":{"line":42,"column":17}},"line":31},"3":{"name":"(anonymous_3)","decl":{"start":{"line":52,"column":12},"end":{"line":52,"column":13}},"loc":{"start":{"line":52,"column":22},"end":{"line":61,"column":1}},"line":52},"4":{"name":"(anonymous_4)","decl":{"start":{"line":56,"column":17},"end":{"line":56,"column":18}},"loc":{"start":{"line":56,"column":26},"end":{"line":58,"column":5}},"line":56},"5":{"name":"(anonymous_5)","decl":{"start":{"line":63,"column":17},"end":{"line":63,"column":18}},"loc":{"start":{"line":63,"column":27},"end":{"line":66,"column":1}},"line":63},"6":{"name":"(anonymous_6)","decl":{"start":{"line":65,"column":23},"end":{"line":65,"column":24}},"loc":{"start":{"line":65,"column":30},"end":{"line":65,"column":47}},"line":65},"7":{"name":"(anonymous_7)","decl":{"start":{"line":68,"column":17},"end":{"line":68,"column":18}},"loc":{"start":{"line":68,"column":27},"end":{"line":71,"column":1}},"line":68},"8":{"name":"(anonymous_8)","decl":{"start":{"line":70,"column":23},"end":{"line":70,"column":24}},"loc":{"start":{"line":70,"column":30},"end":{"line":70,"column":47}},"line":70}},"branchMap":{"0":{"loc":{"start":{"line":12,"column":8},"end":{"line":46,"column":9}},"type":"if","locations":[{"start":{"line":12,"column":8},"end":{"line":46,"column":9}},{"start":{"line":12,"column":8},"end":{"line":46,"column":9}}],"line":12},"1":{"loc":{"start":{"line":15,"column":13},"end":{"line":46,"column":9}},"type":"if","locations":[{"start":{"line":15,"column":13},"end":{"line":46,"column":9}},{"start":{"line":15,"column":13},"end":{"line":46,"column":9}}],"line":15},"2":{"loc":{"start":{"line":34,"column":20},"end":{"line":39,"column":21}},"type":"if","locations":[{"start":{"line":34,"column":20},"end":{"line":39,"column":21}},{"start":{"line":34,"column":20},"end":{"line":39,"column":21}}],"line":34}},"s":{"0":1,"1":0,"2":0,"3":0,"4":0,"5":0,"6":0,"7":0,"8":0,"9":0,"10":0,"11":0,"12":0,"13":0,"14":0,"15":0,"16":0,"17":1,"18":1,"19":1,"20":6,"21":1,"22":1,"23":1,"24":6,"25":1,"26":1,"27":6,"28":1},"f":{"0":0,"1":0,"2":0,"3":1,"4":6,"5":1,"6":6,"7":1,"8":6},"b":{"0":[0,0],"1":[0,0],"2":[0,0]},"_coverageSchema":"1a1c01bbd47fc00a2c39e90264f33305004495a9","hash":"c37254930c0801b766263fee518dd69c4eb9b259"}
,"/home/sikhanyiso/Link-Website/Link Website/js/profile.js": {"path":"/home/sikhanyiso/Link-Website/Link Website/js/profile.js","statementMap":{"0":{"start":{"line":5,"column":12},"end":{"line":14,"column":1}},"1":{"start":{"line":7,"column":14},"end":{"line":7,"column":15}},"2":{"start":{"line":9,"column":4},"end":{"line":11,"column":7}},"3":{"start":{"line":10,"column":8},"end":{"line":10,"column":19}},"4":{"start":{"line":13,"column":4},"end":{"line":13,"column":15}},"5":{"start":{"line":16,"column":17},"end":{"line":19,"column":1}},"6":{"start":{"line":18,"column":4},"end":{"line":18,"column":49}},"7":{"start":{"line":18,"column":32},"end":{"line":18,"column":45}},"8":{"start":{"line":21,"column":17},"end":{"line":24,"column":1}},"9":{"start":{"line":23,"column":4},"end":{"line":23,"column":49}},"10":{"start":{"line":23,"column":32},"end":{"line":23,"column":45}},"11":{"start":{"line":25,"column":0},"end":{"line":25,"column":44}}},"fnMap":{"0":{"name":"(anonymous_0)","decl":{"start":{"line":5,"column":12},"end":{"line":5,"column":13}},"loc":{"start":{"line":5,"column":22},"end":{"line":14,"column":1}},"line":5},"1":{"name":"(anonymous_1)","decl":{"start":{"line":9,"column":17},"end":{"line":9,"column":18}},"loc":{"start":{"line":9,"column":26},"end":{"line":11,"column":5}},"line":9},"2":{"name":"(anonymous_2)","decl":{"start":{"line":16,"column":17},"end":{"line":16,"column":18}},"loc":{"start":{"line":16,"column":27},"end":{"line":19,"column":1}},"line":16},"3":{"name":"(anonymous_3)","decl":{"start":{"line":18,"column":23},"end":{"line":18,"column":24}},"loc":{"start":{"line":18,"column":30},"end":{"line":18,"column":47}},"line":18},"4":{"name":"(anonymous_4)","decl":{"start":{"line":21,"column":17},"end":{"line":21,"column":18}},"loc":{"start":{"line":21,"column":27},"end":{"line":24,"column":1}},"line":21},"5":{"name":"(anonymous_5)","decl":{"start":{"line":23,"column":23},"end":{"line":23,"column":24}},"loc":{"start":{"line":23,"column":30},"end":{"line":23,"column":47}},"line":23}},"branchMap":{},"s":{"0":1,"1":1,"2":1,"3":6,"4":1,"5":1,"6":1,"7":6,"8":1,"9":1,"10":6,"11":1},"f":{"0":1,"1":6,"2":1,"3":6,"4":1,"5":6},"b":{},"_coverageSchema":"1a1c01bbd47fc00a2c39e90264f33305004495a9","hash":"875c33bc5be5cfec4b40b3965060695991507260"}
,"/home/sikhanyiso/Link-Website/Link Website/js/questions.js": {"path":"/home/sikhanyiso/Link-Website/Link Website/js/questions.js","statementMap":{"0":{"start":{"line":4,"column":15},"end":{"line":23,"column":1}},"1":{"start":{"line":6,"column":5},"end":{"line":20,"column":8}},"2":{"start":{"line":13,"column":22},"end":{"line":13,"column":44}},"3":{"start":{"line":14,"column":11},"end":{"line":14,"column":27}},"4":{"start":{"line":15,"column":24},"end":{"line":15,"column":55}},"5":{"start":{"line":16,"column":26},"end":{"line":16,"column":52}},"6":{"start":{"line":17,"column":11},"end":{"line":17,"column":44}},"7":{"start":{"line":21,"column":5},"end":{"line":21,"column":14}},"8":{"start":{"line":26,"column":15},"end":{"line":52,"column":1}},"9":{"start":{"line":28,"column":4},"end":{"line":49,"column":10}},"10":{"start":{"line":36,"column":20},"end":{"line":36,"column":42}},"11":{"start":{"line":37,"column":22},"end":{"line":37,"column":47}},"12":{"start":{"line":38,"column":9},"end":{"line":42,"column":16}},"13":{"start":{"line":39,"column":12},"end":{"line":39,"column":59}},"14":{"start":{"line":40,"column":12},"end":{"line":40,"column":72}},"15":{"start":{"line":44,"column":7},"end":{"line":44,"column":26}},"16":{"start":{"line":45,"column":7},"end":{"line":45,"column":34}},"17":{"start":{"line":50,"column":7},"end":{"line":50,"column":16}},"18":{"start":{"line":53,"column":0},"end":{"line":109,"column":3}},"19":{"start":{"line":54,"column":18},"end":{"line":54,"column":46}},"20":{"start":{"line":55,"column":17},"end":{"line":55,"column":44}},"21":{"start":{"line":58,"column":2},"end":{"line":58,"column":29}},"22":{"start":{"line":61,"column":4},"end":{"line":67,"column":8}},"23":{"start":{"line":62,"column":22},"end":{"line":62,"column":35}},"24":{"start":{"line":63,"column":7},"end":{"line":65,"column":10}},"25":{"start":{"line":64,"column":7},"end":{"line":64,"column":41}},"26":{"start":{"line":70,"column":2},"end":{"line":75,"column":6}},"27":{"start":{"line":71,"column":14},"end":{"line":71,"column":30}},"28":{"start":{"line":72,"column":18},"end":{"line":72,"column":26}},"29":{"start":{"line":73,"column":49},"end":{"line":73,"column":69}},"30":{"start":{"line":74,"column":4},"end":{"line":74,"column":31}},"31":{"start":{"line":79,"column":2},"end":{"line":93,"column":7}},"32":{"start":{"line":81,"column":22},"end":{"line":81,"column":47}},"33":{"start":{"line":82,"column":5},"end":{"line":82,"column":49}},"34":{"start":{"line":83,"column":5},"end":{"line":83,"column":28}},"35":{"start":{"line":85,"column":5},"end":{"line":90,"column":10}},"36":{"start":{"line":86,"column":8},"end":{"line":89,"column":12}},"37":{"start":{"line":87,"column":11},"end":{"line":87,"column":39}},"38":{"start":{"line":91,"column":18},"end":{"line":91,"column":56}},"39":{"start":{"line":92,"column":8},"end":{"line":92,"column":60}},"40":{"start":{"line":96,"column":4},"end":{"line":107,"column":11}},"41":{"start":{"line":98,"column":7},"end":{"line":98,"column":30}},"42":{"start":{"line":99,"column":22},"end":{"line":99,"column":29}},"43":{"start":{"line":100,"column":7},"end":{"line":100,"column":47}},"44":{"start":{"line":101,"column":7},"end":{"line":101,"column":69}},"45":{"start":{"line":102,"column":7},"end":{"line":102,"column":81}},"46":{"start":{"line":103,"column":7},"end":{"line":103,"column":65}},"47":{"start":{"line":104,"column":7},"end":{"line":104,"column":73}},"48":{"start":{"line":105,"column":7},"end":{"line":105,"column":45}},"49":{"start":{"line":106,"column":8},"end":{"line":106,"column":46}},"50":{"start":{"line":114,"column":12},"end":{"line":123,"column":1}},"51":{"start":{"line":116,"column":14},"end":{"line":116,"column":15}},"52":{"start":{"line":118,"column":4},"end":{"line":120,"column":7}},"53":{"start":{"line":119,"column":8},"end":{"line":119,"column":19}},"54":{"start":{"line":122,"column":4},"end":{"line":122,"column":15}},"55":{"start":{"line":125,"column":17},"end":{"line":128,"column":1}},"56":{"start":{"line":127,"column":4},"end":{"line":127,"column":49}},"57":{"start":{"line":127,"column":32},"end":{"line":127,"column":45}},"58":{"start":{"line":130,"column":17},"end":{"line":133,"column":1}},"59":{"start":{"line":132,"column":4},"end":{"line":132,"column":49}},"60":{"start":{"line":132,"column":32},"end":{"line":132,"column":45}},"61":{"start":{"line":135,"column":0},"end":{"line":135,"column":59}}},"fnMap":{"0":{"name":"(anonymous_0)","decl":{"start":{"line":5,"column":3},"end":{"line":5,"column":4}},"loc":{"start":{"line":5,"column":22},"end":{"line":22,"column":4}},"line":5},"1":{"name":"(anonymous_1)","decl":{"start":{"line":12,"column":17},"end":{"line":12,"column":18}},"loc":{"start":{"line":12,"column":40},"end":{"line":18,"column":13}},"line":12},"2":{"name":"(anonymous_2)","decl":{"start":{"line":27,"column":2},"end":{"line":27,"column":3}},"loc":{"start":{"line":27,"column":28},"end":{"line":51,"column":3}},"line":27},"3":{"name":"(anonymous_3)","decl":{"start":{"line":34,"column":56},"end":{"line":34,"column":57}},"loc":{"start":{"line":34,"column":70},"end":{"line":47,"column":11}},"line":34},"4":{"name":"(anonymous_4)","decl":{"start":{"line":38,"column":22},"end":{"line":38,"column":23}},"loc":{"start":{"line":38,"column":42},"end":{"line":42,"column":14}},"line":38},"5":{"name":"(anonymous_5)","decl":{"start":{"line":53,"column":18},"end":{"line":53,"column":19}},"loc":{"start":{"line":53,"column":28},"end":{"line":109,"column":1}},"line":53},"6":{"name":"(anonymous_6)","decl":{"start":{"line":61,"column":39},"end":{"line":61,"column":40}},"loc":{"start":{"line":61,"column":49},"end":{"line":67,"column":6}},"line":61},"7":{"name":"(anonymous_7)","decl":{"start":{"line":70,"column":27},"end":{"line":70,"column":28}},"loc":{"start":{"line":70,"column":38},"end":{"line":75,"column":4}},"line":70},"8":{"name":"(anonymous_8)","decl":{"start":{"line":79,"column":33},"end":{"line":79,"column":34}},"loc":{"start":{"line":79,"column":44},"end":{"line":93,"column":5}},"line":79},"9":{"name":"(anonymous_9)","decl":{"start":{"line":85,"column":22},"end":{"line":85,"column":23}},"loc":{"start":{"line":85,"column":42},"end":{"line":90,"column":8}},"line":85},"10":{"name":"(anonymous_10)","decl":{"start":{"line":96,"column":44},"end":{"line":96,"column":45}},"loc":{"start":{"line":96,"column":55},"end":{"line":107,"column":9}},"line":96},"11":{"name":"(anonymous_11)","decl":{"start":{"line":114,"column":12},"end":{"line":114,"column":13}},"loc":{"start":{"line":114,"column":22},"end":{"line":123,"column":1}},"line":114},"12":{"name":"(anonymous_12)","decl":{"start":{"line":118,"column":17},"end":{"line":118,"column":18}},"loc":{"start":{"line":118,"column":26},"end":{"line":120,"column":5}},"line":118},"13":{"name":"(anonymous_13)","decl":{"start":{"line":125,"column":17},"end":{"line":125,"column":18}},"loc":{"start":{"line":125,"column":27},"end":{"line":128,"column":1}},"line":125},"14":{"name":"(anonymous_14)","decl":{"start":{"line":127,"column":23},"end":{"line":127,"column":24}},"loc":{"start":{"line":127,"column":30},"end":{"line":127,"column":47}},"line":127},"15":{"name":"(anonymous_15)","decl":{"start":{"line":130,"column":17},"end":{"line":130,"column":18}},"loc":{"start":{"line":130,"column":27},"end":{"line":133,"column":1}},"line":130},"16":{"name":"(anonymous_16)","decl":{"start":{"line":132,"column":23},"end":{"line":132,"column":24}},"loc":{"start":{"line":132,"column":30},"end":{"line":132,"column":47}},"line":132}},"branchMap":{"0":{"loc":{"start":{"line":63,"column":7},"end":{"line":65,"column":10}},"type":"if","locations":[{"start":{"line":63,"column":7},"end":{"line":65,"column":10}},{"start":{"line":63,"column":7},"end":{"line":65,"column":10}}],"line":63},"1":{"loc":{"start":{"line":86,"column":8},"end":{"line":89,"column":12}},"type":"if","locations":[{"start":{"line":86,"column":8},"end":{"line":89,"column":12}},{"start":{"line":86,"column":8},"end":{"line":89,"column":12}}],"line":86}},"s":{"0":1,"1":1,"2":0,"3":0,"4":0,"5":0,"6":0,"7":1,"8":1,"9":1,"10":0,"11":0,"12":0,"13":0,"14":0,"15":0,"16":0,"17":1,"18":1,"19":0,"20":0,"21":0,"22":0,"23":0,"24":0,"25":0,"26":0,"27":0,"28":0,"29":0,"30":0,"31":0,"32":0,"33":0,"34":0,"35":0,"36":0,"37":0,"38":0,"39":0,"40":0,"41":0,"42":0,"43":0,"44":0,"45":0,"46":0,"47":0,"48":0,"49":0,"50":1,"51":1,"52":1,"53":6,"54":1,"55":1,"56":1,"57":6,"58":1,"59":1,"60":6,"61":1},"f":{"0":1,"1":0,"2":1,"3":0,"4":0,"5":0,"6":0,"7":0,"8":0,"9":0,"10":0,"11":1,"12":6,"13":1,"14":6,"15":1,"16":6},"b":{"0":[0,0],"1":[0,0]},"_coverageSchema":"1a1c01bbd47fc00a2c39e90264f33305004495a9","hash":"974bc2ee63d5dcd02ec36bd7e5619f6989dda5ae"}
,"/home/sikhanyiso/Link-Website/Link Website/js/register.js": {"path":"/home/sikhanyiso/Link-Website/Link Website/js/register.js","statementMap":{"0":{"start":{"line":1,"column":0},"end":{"line":74,"column":3}},"1":{"start":{"line":2,"column":4},"end":{"line":72,"column":7}},"2":{"start":{"line":3,"column":8},"end":{"line":3,"column":27}},"3":{"start":{"line":5,"column":23},"end":{"line":5,"column":43}},"4":{"start":{"line":6,"column":25},"end":{"line":6,"column":47}},"5":{"start":{"line":7,"column":24},"end":{"line":7,"column":45}},"6":{"start":{"line":8,"column":20},"end":{"line":8,"column":37}},"7":{"start":{"line":9,"column":24},"end":{"line":9,"column":52}},"8":{"start":{"line":10,"column":23},"end":{"line":10,"column":50}},"9":{"start":{"line":14,"column":8},"end":{"line":14,"column":29}},"10":{"start":{"line":18,"column":8},"end":{"line":21,"column":9}},"11":{"start":{"line":19,"column":12},"end":{"line":19,"column":86}},"12":{"start":{"line":22,"column":8},"end":{"line":24,"column":9}},"13":{"start":{"line":23,"column":12},"end":{"line":23,"column":88}},"14":{"start":{"line":25,"column":8},"end":{"line":27,"column":9}},"15":{"start":{"line":26,"column":12},"end":{"line":26,"column":87}},"16":{"start":{"line":28,"column":8},"end":{"line":37,"column":9}},"17":{"start":{"line":29,"column":12},"end":{"line":29,"column":83}},"18":{"start":{"line":31,"column":24},"end":{"line":31,"column":84}},"19":{"start":{"line":32,"column":29},"end":{"line":32,"column":46}},"20":{"start":{"line":33,"column":12},"end":{"line":35,"column":13}},"21":{"start":{"line":34,"column":16},"end":{"line":34,"column":84}},"22":{"start":{"line":38,"column":8},"end":{"line":40,"column":9}},"23":{"start":{"line":39,"column":12},"end":{"line":39,"column":94}},"24":{"start":{"line":41,"column":8},"end":{"line":43,"column":9}},"25":{"start":{"line":42,"column":12},"end":{"line":42,"column":114}},"26":{"start":{"line":46,"column":8},"end":{"line":70,"column":11}},"27":{"start":{"line":61,"column":16},"end":{"line":61,"column":28}},"28":{"start":{"line":62,"column":16},"end":{"line":64,"column":17}},"29":{"start":{"line":63,"column":20},"end":{"line":63,"column":51}},"30":{"start":{"line":65,"column":16},"end":{"line":67,"column":17}},"31":{"start":{"line":66,"column":20},"end":{"line":66,"column":49}},"32":{"start":{"line":76,"column":12},"end":{"line":85,"column":1}},"33":{"start":{"line":78,"column":14},"end":{"line":78,"column":15}},"34":{"start":{"line":80,"column":4},"end":{"line":82,"column":7}},"35":{"start":{"line":81,"column":8},"end":{"line":81,"column":19}},"36":{"start":{"line":84,"column":4},"end":{"line":84,"column":15}},"37":{"start":{"line":87,"column":17},"end":{"line":90,"column":1}},"38":{"start":{"line":89,"column":4},"end":{"line":89,"column":49}},"39":{"start":{"line":89,"column":32},"end":{"line":89,"column":45}},"40":{"start":{"line":92,"column":17},"end":{"line":95,"column":1}},"41":{"start":{"line":94,"column":4},"end":{"line":94,"column":49}},"42":{"start":{"line":94,"column":32},"end":{"line":94,"column":45}},"43":{"start":{"line":96,"column":0},"end":{"line":96,"column":44}}},"fnMap":{"0":{"name":"(anonymous_0)","decl":{"start":{"line":1,"column":18},"end":{"line":1,"column":19}},"loc":{"start":{"line":1,"column":29},"end":{"line":74,"column":1}},"line":1},"1":{"name":"(anonymous_1)","decl":{"start":{"line":2,"column":29},"end":{"line":2,"column":30}},"loc":{"start":{"line":2,"column":41},"end":{"line":72,"column":5}},"line":2},"2":{"name":"(anonymous_2)","decl":{"start":{"line":59,"column":21},"end":{"line":59,"column":22}},"loc":{"start":{"line":59,"column":37},"end":{"line":69,"column":13}},"line":59},"3":{"name":"(anonymous_3)","decl":{"start":{"line":76,"column":12},"end":{"line":76,"column":13}},"loc":{"start":{"line":76,"column":22},"end":{"line":85,"column":1}},"line":76},"4":{"name":"(anonymous_4)","decl":{"start":{"line":80,"column":17},"end":{"line":80,"column":18}},"loc":{"start":{"line":80,"column":26},"end":{"line":82,"column":5}},"line":80},"5":{"name":"(anonymous_5)","decl":{"start":{"line":87,"column":17},"end":{"line":87,"column":18}},"loc":{"start":{"line":87,"column":27},"end":{"line":90,"column":1}},"line":87},"6":{"name":"(anonymous_6)","decl":{"start":{"line":89,"column":23},"end":{"line":89,"column":24}},"loc":{"start":{"line":89,"column":30},"end":{"line":89,"column":47}},"line":89},"7":{"name":"(anonymous_7)","decl":{"start":{"line":92,"column":17},"end":{"line":92,"column":18}},"loc":{"start":{"line":92,"column":27},"end":{"line":95,"column":1}},"line":92},"8":{"name":"(anonymous_8)","decl":{"start":{"line":94,"column":23},"end":{"line":94,"column":24}},"loc":{"start":{"line":94,"column":30},"end":{"line":94,"column":47}},"line":94}},"branchMap":{"0":{"loc":{"start":{"line":18,"column":8},"end":{"line":21,"column":9}},"type":"if","locations":[{"start":{"line":18,"column":8},"end":{"line":21,"column":9}},{"start":{"line":18,"column":8},"end":{"line":21,"column":9}}],"line":18},"1":{"loc":{"start":{"line":22,"column":8},"end":{"line":24,"column":9}},"type":"if","locations":[{"start":{"line":22,"column":8},"end":{"line":24,"column":9}},{"start":{"line":22,"column":8},"end":{"line":24,"column":9}}],"line":22},"2":{"loc":{"start":{"line":25,"column":8},"end":{"line":27,"column":9}},"type":"if","locations":[{"start":{"line":25,"column":8},"end":{"line":27,"column":9}},{"start":{"line":25,"column":8},"end":{"line":27,"column":9}}],"line":25},"3":{"loc":{"start":{"line":28,"column":8},"end":{"line":37,"column":9}},"type":"if","locations":[{"start":{"line":28,"column":8},"end":{"line":37,"column":9}},{"start":{"line":28,"column":8},"end":{"line":37,"column":9}}],"line":28},"4":{"loc":{"start":{"line":33,"column":12},"end":{"line":35,"column":13}},"type":"if","locations":[{"start":{"line":33,"column":12},"end":{"line":35,"column":13}},{"start":{"line":33,"column":12},"end":{"line":35,"column":13}}],"line":33},"5":{"loc":{"start":{"line":38,"column":8},"end":{"line":40,"column":9}},"type":"if","locations":[{"start":{"line":38,"column":8},"end":{"line":40,"column":9}},{"start":{"line":38,"column":8},"end":{"line":40,"column":9}}],"line":38},"6":{"loc":{"start":{"line":41,"column":8},"end":{"line":
[...]
ne":21,"column":18},"end":{"line":21,"column":39}},"10":{"start":{"line":22,"column":18},"end":{"line":22,"column":39}},"11":{"start":{"line":23,"column":13},"end":{"line":24,"column":41}},"12":{"start":{"line":25,"column":13},"end":{"line":25,"column":35}},"13":{"start":{"line":29,"column":9},"end":{"line":29,"column":38}},"14":{"start":{"line":34,"column":7},"end":{"line":34,"column":16}},"15":{"start":{"line":39,"column":2},"end":{"line":52,"column":8}},"16":{"start":{"line":46,"column":6},"end":{"line":46,"column":18}},"17":{"start":{"line":47,"column":17},"end":{"line":47,"column":39}},"18":{"start":{"line":53,"column":5},"end":{"line":53,"column":14}},"19":{"start":{"line":58,"column":2},"end":{"line":69,"column":8}},"20":{"start":{"line":65,"column":6},"end":{"line":65,"column":18}},"21":{"start":{"line":70,"column":5},"end":{"line":70,"column":14}},"22":{"start":{"line":73,"column":0},"end":{"line":189,"column":3}},"23":{"start":{"line":74,"column":4},"end":{"line":99,"column":11}},"24":{"start":{"line":77,"column":27},"end":{"line":77,"column":29}},"25":{"start":{"line":79,"column":12},"end":{"line":95,"column":15}},"26":{"start":{"line":82,"column":16},"end":{"line":83,"column":53}},"27":{"start":{"line":85,"column":20},"end":{"line":85,"column":69}},"28":{"start":{"line":86,"column":20},"end":{"line":86,"column":102}},"29":{"start":{"line":87,"column":20},"end":{"line":87,"column":66}},"30":{"start":{"line":88,"column":21},"end":{"line":88,"column":81}},"31":{"start":{"line":89,"column":21},"end":{"line":89,"column":42}},"32":{"start":{"line":90,"column":21},"end":{"line":90,"column":42}},"33":{"start":{"line":92,"column":16},"end":{"line":93,"column":44}},"34":{"start":{"line":94,"column":16},"end":{"line":94,"column":38}},"35":{"start":{"line":98,"column":12},"end":{"line":98,"column":41}},"36":{"start":{"line":101,"column":4},"end":{"line":119,"column":7}},"37":{"start":{"line":104,"column":18},"end":{"line":104,"column":32}},"38":{"start":{"line":105,"column":23},"end":{"line":105,"column":41}},"39":{"start":{"line":107,"column":8},"end":{"line":107,"column":60}},"40":{"start":{"line":108,"column":8},"end":{"line":108,"column":43}},"41":{"start":{"line":109,"column":8},"end":{"line":109,"column":49}},"42":{"start":{"line":112,"column":28},"end":{"line":112,"column":58}},"43":{"start":{"line":113,"column":26},"end":{"line":113,"column":53}},"44":{"start":{"line":114,"column":8},"end":{"line":114,"column":46}},"45":{"start":{"line":122,"column":4},"end":{"line":152,"column":7}},"46":{"start":{"line":123,"column":8},"end":{"line":123,"column":27}},"47":{"start":{"line":124,"column":26},"end":{"line":124,"column":58}},"48":{"start":{"line":125,"column":28},"end":{"line":125,"column":57}},"49":{"start":{"line":126,"column":28},"end":{"line":126,"column":58}},"50":{"start":{"line":127,"column":27},"end":{"line":127,"column":54}},"51":{"start":{"line":128,"column":22},"end":{"line":128,"column":68}},"52":{"start":{"line":131,"column":8},"end":{"line":150,"column":9}},"53":{"start":{"line":132,"column":12},"end":{"line":132,"column":52}},"54":{"start":{"line":134,"column":16},"end":{"line":149,"column":19}},"55":{"start":{"line":147,"column":24},"end":{"line":147,"column":52}},"56":{"start":{"line":156,"column":0},"end":{"line":160,"column":3}},"57":{"start":{"line":157,"column":12},"end":{"line":157,"column":46}},"58":{"start":{"line":158,"column":3},"end":{"line":158,"column":13}},"59":{"start":{"line":163,"column":0},"end":{"line":170,"column":4}},"60":{"start":{"line":164,"column":2},"end":{"line":164,"column":23}},"61":{"start":{"line":165,"column":18},"end":{"line":165,"column":31}},"62":{"start":{"line":166,"column":3},"end":{"line":168,"column":6}},"63":{"start":{"line":167,"column":3},"end":{"line":167,"column":20}},"64":{"start":{"line":173,"column":1},"end":{"line":177,"column":5}},"65":{"start":{"line":174,"column":15},"end":{"line":174,"column":38}},"66":{"start":{"line":175,"column":5},"end":{"line":175,"column":50}},"67":{"start":{"line":176,"column":5},"end":{"line":176,"column":20}},"68":{"start":{"line":181,"column":0},"end":{"line":186,"column":4}},"69":{"start":{"line":182,"column":14},"end":{"line":182,"column":37}},"70":{"start":{"line":183,"column":4},"end":{"line":183,"column":58}},"71":{"start":{"line":184,"column":16},"end":{"line":184,"column":43}},"72":{"start":{"line":185,"column":4},"end":{"line":185,"column":32}},"73":{"start":{"line":193,"column":13},"end":{"line":202,"column":1}},"74":{"start":{"line":195,"column":14},"end":{"line":195,"column":15}},"75":{"start":{"line":197,"column":4},"end":{"line":199,"column":7}},"76":{"start":{"line":198,"column":8},"end":{"line":198,"column":19}},"77":{"start":{"line":201,"column":4},"end":{"line":201,"column":15}},"78":{"start":{"line":204,"column":18},"end":{"line":207,"column":1}},"79":{"start":{"line":206,"column":4},"end":{"line":206,"column":49}},"80":{"start":{"line":206,"column":32},"end":{"line":206,"column":45}},"81":{"start":{"line":209,"column":18},"end":{"line":212,"column":1}},"82":{"start":{"line":211,"column":4},"end":{"line":211,"column":49}},"83":{"start":{"line":211,"column":32},"end":{"line":211,"column":45}},"84":{"start":{"line":213,"column":0},"end":{"line":213,"column":72}}},"fnMap":{"0":{"name":"search","decl":{"start":{"line":2,"column":11},"end":{"line":2,"column":17}},"loc":{"start":{"line":2,"column":37},"end":{"line":35,"column":3}},"line":2},"1":{"name":"(anonymous_1)","decl":{"start":{"line":9,"column":37},"end":{"line":9,"column":38}},"loc":{"start":{"line":9,"column":51},"end":{"line":31,"column":11}},"line":9},"2":{"name":"(anonymous_2)","decl":{"start":{"line":13,"column":22},"end":{"line":13,"column":23}},"loc":{"start":{"line":13,"column":44},"end":{"line":26,"column":10}},"line":13},"3":{"name":"delete_q","decl":{"start":{"line":38,"column":9},"end":{"line":38,"column":17}},"loc":{"start":{"line":38,"column":23},"end":{"line":54,"column":1}},"line":38},"4":{"name":"(anonymous_4)","decl":{"start":{"line":45,"column":29},"end":{"line":45,"column":30}},"loc":{"start":{"line":45,"column":43},"end":{"line":50,"column":9}},"line":45},"5":{"name":"clear","decl":{"start":{"line":57,"column":9},"end":{"line":57,"column":14}},"loc":{"start":{"line":57,"column":35},"end":{"line":71,"column":1}},"line":57},"6":{"name":"(anonymous_6)","decl":{"start":{"line":64,"column":64},"end":{"line":64,"column":65}},"loc":{"start":{"line":64,"column":78},"end":{"line":67,"column":9}},"line":64},"7":{"name":"(anonymous_7)","decl":{"start":{"line":73,"column":18},"end":{"line":73,"column":19}},"loc":{"start":{"line":73,"column":30},"end":{"line":189,"column":1}},"line":73},"8":{"name":"(anonymous_8)","decl":{"start":{"line":76,"column":8},"end":{"line":76,"column":9}},"loc":{"start":{"line":76,"column":24},"end":{"line":99,"column":9}},"line":76},"9":{"name":"(anonymous_9)","decl":{"start":{"line":79,"column":25},"end":{"line":79,"column":26}},"loc":{"start":{"line":79,"column":47},"end":{"line":95,"column":13}},"line":79},"10":{"name":"(anonymous_10)","decl":{"start":{"line":101,"column":41},"end":{"line":101,"column":42}},"loc":{"start":{"line":101,"column":51},"end":{"line":119,"column":5}},"line":101},"11":{"name":"(anonymous_11)","decl":{"start":{"line":122,"column":43},"end":{"line":122,"column":44}},"loc":{"start":{"line":122,"column":56},"end":{"line":152,"column":5}},"line":122},"12":{"name":"(anonymous_12)","decl":{"start":{"line":146,"column":29},"end":{"line":146,"column":30}},"loc":{"start":{"line":146,"column":45},"end":{"line":148,"column":21}},"line":146},"13":{"name":"(anonymous_13)","decl":{"start":{"line":156,"column":34},"end":{"line":156,"column":35}},"loc":{"start":{"line":156,"column":44},"end":{"line":160,"column":1}},"line":156},"14":{"name":"(anonymous_14)","decl":{"start":{"line":163,"column":35},"end":{"line":163,"column":36}},"loc":{"start":{"line":163,"column":45},"end":{"line":170,"column":2}},"line":163},"15":{"name":"(anonymous_15)","decl":{"start":{"line":173,"column":33},"end":{"line":173,"column":34}},"loc":{"start":{"line":173,"column":43},"end":{"line":177,"column":3}},"line":173},"16":{"name":"(anonymous_16)","decl":{"start":{"line":181,"column":33},"end":{"line":181,"column":34}},"loc":{"start":{"line":181,"column":43},"end":{"line":186,"column":2}},"line":181},"17":{"name":"(anonymous_17)","decl":{"start":{"line":193,"column":13},"end":{"line":193,"column":14}},"loc":{"start":{"line":193,"column":23},"end":{"line":202,"column":1}},"line":193},"18":{"name":"(anonymous_18)","decl":{"start":{"line":197,"column":17},"end":{"line":197,"column":18}},"loc":{"start":{"line":197,"column":26},"end":{"line":199,"column":5}},"line":197},"19":{"name":"(anonymous_19)","decl":{"start":{"line":204,"column":18},"end":{"line":204,"column":19}},"loc":{"start":{"line":204,"column":28},"end":{"line":207,"column":1}},"line":204},"20":{"name":"(anonymous_20)","decl":{"start":{"line":206,"column":23},"end":{"line":206,"column":24}},"loc":{"start":{"line":206,"column":30},"end":{"line":206,"column":47}},"line":206},"21":{"name":"(anonymous_21)","decl":{"start":{"line":209,"column":18},"end":{"line":209,"column":19}},"loc":{"start":{"line":209,"column":28},"end":{"line":212,"column":1}},"line":209},"22":{"name":"(anonymous_22)","decl":{"start":{"line":211,"column":23},"end":{"line":211,"column":24}},"loc":{"start":{"line":211,"column":30},"end":{"line":211,"column":47}},"line":211}},"branchMap":{"0":{"loc":{"start":{"line":131,"column":8},"end":{"line":150,"column":9}},"type":"if","locations":[{"start":{"line":131,"column":8},"end":{"line":150,"column":9}},{"start":{"line":131,"column":8},"end":{"line":150,"column":9}}],"line":131},"1":{"loc":{"start":{"line":166,"column":3},"end":{"line":168,"column":6}},"type":"if","locations":[{"start":{"line":166,"column":3},"end":{"line":168,"column":6}},{"start":{"line":166,"column":3},"end":{"line":168,"column":6}}],"line":166}},"s":{"0":1,"1":0,"2":0,"3":0,"4":0,"5":0,"6":0,"7":0,"8":0,"9":0,"10":0,"11":0,"12":0,"13":0,"14":1,"15":1,"16":0,"17":0,"18":1,"19":1,"20":0,"21":1,"22":1,"23":0,"24":0,"25":0,"26":0,"27":0,"28":0,"29":0,"30":0,"31":0,"32":0,"33":0,"34":0,"35":0,"36":0,"37":0,"38":0,"39":0,"40":0,"41":0,"42":0,"43":0,"44":0,"45":0,"46":0,"47":0,"48":0,"49":0,"50":0,"51":0,"52":0,"53":0,"54":0,"55":0,"56":0,"57":0,"58":0,"59":0,"60":0,"61":0,"62":0,"63":0,"64":0,"65":0,"66":0,"67":0,"68":0,"69":0,"70":0,"71":0,"72":0,"73":1,"74":1,"75":1,"76":6,"77":1,"78":1,"79":1,"80":6,"81":1,"82":1,"83":6,"84":1},"f":{"0":1,"1":0,"2":0,"3":1,"4":0,"5":1,"6":0,"7":0,"8":0,"9":0,"10":0,"11":0,"12":0,"13":0,"14":0,"15":0,"16":0,"17":1,"18":6,"19":1,"20":6,"21":1,"22":6},"b":{"0":[0,0],"1":[0,0]},"_coverageSchema":"1a1c01bbd47fc00a2c39e90264f33305004495a9","hash":"dc7294197c1f2052a7e43e179d895082b4f5f6fd"}
,"/home/sikhanyiso/Link-Website/Link Website/js/uploadPic.js": {"path":"/home/sikhanyiso/Link-Website/Link Website/js/uploadPic.js","statementMap":{"0":{"start":{"line":3,"column":0},"end":{"line":31,"column":3}},"1":{"start":{"line":5,"column":5},"end":{"line":5,"column":24}},"2":{"start":{"line":10,"column":4},"end":{"line":30,"column":7}},"3":{"start":{"line":27,"column":12},"end":{"line":27,"column":24}},"4":{"start":{"line":34,"column":12},"end":{"line":43,"column":1}},"5":{"start":{"line":36,"column":14},"end":{"line":36,"column":15}},"6":{"start":{"line":38,"column":4},"end":{"line":40,"column":7}},"7":{"start":{"line":39,"column":8},"end":{"line":39,"column":19}},"8":{"start":{"line":42,"column":4},"end":{"line":42,"column":15}},"9":{"start":{"line":45,"column":17},"end":{"line":48,"column":1}},"10":{"start":{"line":47,"column":4},"end":{"line":47,"column":49}},"11":{"start":{"line":47,"column":32},"end":{"line":47,"column":45}},"12":{"start":{"line":50,"column":17},"end":{"line":53,"column":1}},"13":{"start":{"line":52,"column":4},"end":{"line":52,"column":49}},"14":{"start":{"line":52,"column":32},"end":{"line":52,"column":45}},"15":{"start":{"line":54,"column":0},"end":{"line":54,"column":44}}},"fnMap":{"0":{"name":"(anonymous_0)","decl":{"start":{"line":3,"column":20},"end":{"line":3,"column":21}},"loc":{"start":{"line":3,"column":31},"end":{"line":31,"column":1}},"line":3},"1":{"name":"(anonymous_1)","decl":{"start":{"line":24,"column":17},"end":{"line":24,"column":18}},"loc":{"start":{"line":24,"column":31},"end":{"line":28,"column":9}},"line":24},"2":{"name":"(anonymous_2)","decl":{"start":{"line":29,"column":15},"end":{"line":29,"column":16}},"loc":{"start":{"line":29,"column":25},"end":{"line":29,"column":27}},"line":29},"3":{"name":"(anonymous_3)","decl":{"start":{"line":34,"column":12},"end":{"line":34,"column":13}},"loc":{"start":{"line":34,"column":22},"end":{"line":43,"column":1}},"line":34},"4":{"name":"(anonymous_4)","decl":{"start":{"line":38,"column":17},"end":{"line":38,"column":18}},"loc":{"start":{"line":38,"column":26},"end":{"line":40,"column":5}},"line":38},"5":{"name":"(anonymous_5)","decl":{"start":{"line":45,"column":17},"end":{"line":45,"column":18}},"loc":{"start":{"line":45,"column":27},"end":{"line":48,"column":1}},"line":45},"6":{"name":"(anonymous_6)","decl":{"start":{"line":47,"column":23},"end":{"line":47,"column":24}},"loc":{"start":{"line":47,"column":30},"end":{"line":47,"column":47}},"line":47},"7":{"name":"(anonymous_7)","decl":{"start":{"line":50,"column":17},"end":{"line":50,"column":18}},"loc":{"start":{"line":50,"column":27},"end":{"line":53,"column":1}},"line":50},"8":{"name":"(anonymous_8)","decl":{"start":{"line":52,"column":23},"end":{"line":52,"column":24}},"loc":{"start":{"line":52,"column":30},"end":{"line":52,"column":47}},"line":52}},"branchMap":{},"s":{"0":1,"1":0,"2":0,"3":0,"4":1,"5":1,"6":1,"7":6,"8":1,"9":1,"10":1,"11":6,"12":1,"13":1,"14":6,"15":1},"f":{"0":0,"1":0,"2":0,"3":1,"4":6,"5":1,"6":6,"7":1,"8":6},"b":{},"_coverageSchema":"1a1c01bbd47fc00a2c39e90264f33305004495a9","hash":"cc58cfbca7f4e46cebe4d9c32ccce1d826d9744a"}
,"/home/sikhanyiso/Link-Website/Link Website/js/user_profile.js": {"path":"/home/sikhanyiso/Link-Website/Link Website/js/user_profile.js","statementMap":{"0":{"start":{"line":1,"column":0},"end":{"line":34,"column":2}},"1":{"start":{"line":4,"column":23},"end":{"line":4,"column":53}},"2":{"start":{"line":5,"column":20},"end":{"line":5,"column":49}},"3":{"start":{"line":6,"column":8},"end":{"line":31,"column":11}},"4":{"start":{"line":15,"column":26},"end":{"line":15,"column":44}},"5":{"start":{"line":16,"column":16},"end":{"line":16,"column":42}},"6":{"start":{"line":17,"column":16},"end":{"line":17,"column":39}},"7":{"start":{"line":18,"column":16},"end":{"line":18,"column":40}},"8":{"start":{"line":19,"column":16},"end":{"line":19,"column":35}},"9":{"start":{"line":23,"column":16},"end":{"line":23,"column":62}},"10":{"start":{"line":24,"column":16},"end":{"line":24,"column":64}},"11":{"start":{"line":25,"column":16},"end":{"line":25,"column":65}},"12":{"start":{"line":26,"column":16},"end":{"line":26,"column":60}},"13":{"start":{"line":27,"column":16},"end":{"line":27,"column":64}},"14":{"start":{"line":37,"column":12},"end":{"line":46,"column":1}},"15":{"start":{"line":39,"column":14},"end":{"line":39,"column":15}},"16":{"start":{"line":41,"column":4},"end":{"line":43,"column":7}},"17":{"start":{"line":42,"column":8},"end":{"line":42,"column":19}},"18":{"start":{"line":45,"column":4},"end":{"line":45,"column":15}},"19":{"start":{"line":48,"column":17},"end":{"line":51,"column":1}},"20":{"start":{"line":50,"column":4},"end":{"line":50,"column":49}},"21":{"start":{"line":50,"column":32},"end":{"line":50,"column":45}},"22":{"start":{"line":53,"column":17},"end":{"line":56,"column":1}},"23":{"start":{"line":55,"column":4},"end":{"line":55,"column":49}},"24":{"start":{"line":55,"column":32},"end":{"line":55,"column":45}},"25":{"start":{"line":57,"column":0},"end":{"line":57,"column":44}}},"fnMap":{"0":{"name":"(anonymous_0)","decl":{"start":{"line":1,"column":18},"end":{"line":1,"column":19}},"loc":{"start":{"line":1,"column":29},"end":{"line":33,"column":5}},"line":1},"1":{"name":"(anonymous_1)","decl":{"start":{"line":14,"column":22},"end":{"line":14,"column":23}},"loc":{"start":{"line":14,"column":38},"end":{"line":29,"column":13}},"line":14},"2":{"name":"(anonymous_2)","decl":{"start":{"line":37,"column":12},"end":{"line":37,"column":13}},"loc":{"start":{"line":37,"column":22},"end":{"line":46,"column":1}},"line":37},"3":{"name":"(anonymous_3)","decl":{"start":{"line":41,"column":17},"end":{"line":41,"column":18}},"loc":{"start":{"line":41,"column":26},"end":{"line":43,"column":5}},"line":41},"4":{"name":"(anonymous_4)","decl":{"start":{"line":48,"column":17},"end":{"line":48,"column":18}},"loc":{"start":{"line":48,"column":27},"end":{"line":51,"column":1}},"line":48},"5":{"name":"(anonymous_5)","decl":{"start":{"line":50,"column":23},"end":{"line":50,"column":24}},"loc":{"start":{"line":50,"column":30},"end":{"line":50,"column":47}},"line":50},"6":{"name":"(anonymous_6)","decl":{"start":{"line":53,"column":17},"end":{"line":53,"column":18}},"loc":{"start":{"line":53,"column":27},"end":{"line":56,"column":1}},"line":53},"7":{"name":"(anonymous_7)","decl":{"start":{"line":55,"column":23},"end":{"line":55,"column":24}},"loc":{"start":{"line":55,"column":30},"end":{"line":55,"column":47}},"line":55}},"branchMap":{},"s":{"0":1,"1":0,"2":0,"3":0,"4":0,"5":0,"6":0,"7":0,"8":0,"9":0,"10":0,"11":0,"12":0,"13":0,"14":1,"15":1,"16":1,"17":6,"18":1,"19":1,"20":1,"21":6,"22":1,"23":1,"24":6,"25":1},"f":{"0":0,"1":0,"2":1,"3":6,"4":1,"5":6,"6":1,"7":6},"b":{},"_coverageSchema":"1a1c01bbd47fc00a2c39e90264f33305004495a9","hash":"a9c950397e66058cef6a9b1719aa01c6691d283d"}
,"/home/sikhanyiso/Link-Website/Link Website/js/users.js": {"path":"/home/sikhanyiso/Link-Website/Link Website/js/users.js","statementMap":{"0":{"start":{"line":1,"column":12},"end":{"line":10,"column":1}},"1":{"start":{"line":3,"column":14},"end":{"line":3,"column":15}},"2":{"start":{"line":5,"column":4},"end":{"line":7,"column":7}},"3":{"start":{"line":6,"column":8},"end":{"line":6,"column":19}},"4":{"start":{"line":9,"column":4},"end":{"line":9,"column":15}},"5":{"start":{"line":12,"column":17},"end":{"line":15,"column":1}},"6":{"start":{"line":14,"column":4},"end":{"line":14,"column":49}},"7":{"start":{"line":14,"column":32},"end":{"line":14,"column":45}},"8":{"start":{"line":17,"column":17},"end":{"line":20,"column":1}},"9":{"start":{"line":19,"column":4},"end":{"line":19,"column":49}},"10":{"start":{"line":19,"column":32},"end":{"line":19,"column":45}},"11":{"start":{"line":22,"column":0},"end":{"line":22,"column":45}}},"fnMap":{"0":{"name":"(anonymous_0)","decl":{"start":{"line":1,"column":12},"end":{"line":1,"column":13}},"loc":{"start":{"line":1,"column":22},"end":{"line":10,"column":1}},"line":1},"1":{"name":"(anonymous_1)","decl":{"start":{"line":5,"column":17},"end":{"line":5,"column":18}},"loc":{"start":{"line":5,"column":26},"end":{"line":7,"column":5}},"line":5},"2":{"name":"(anonymous_2)","decl":{"start":{"line":12,"column":17},"end":{"line":12,"column":18}},"loc":{"start":{"line":12,"column":27},"end":{"line":15,"column":1}},"line":12},"3":{"name":"(anonymous_3)","decl":{"start":{"line":14,"column":23},"end":{"line":14,"column":24}},"loc":{"start":{"line":14,"column":30},"end":{"line":14,"column":47}},"line":14},"4":{"name":"(anonymous_4)","decl":{"start":{"line":17,"column":17},"end":{"line":17,"column":18}},"loc":{"start":{"line":17,"column":27},"end":{"line":20,"column":1}},"line":17},"5":{"name":"(anonymous_5)","decl":{"start":{"line":19,"column":23},"end":{"line":19,"column":24}},"loc":{"start":{"line":19,"column":30},"end":{"line":19,"column":47}},"line":19}},"branchMap":{},"s":{"0":1,"1":1,"2":1,"3":6,"4":1,"5":1,"6":1,"7":6,"8":1,"9":1,"10":6,"11":1},"f":{"0":1,"1":6,"2":1,"3":6,"4":1,"5":6},"b":{},"_coverageSchema":"1a1c01bbd47fc00a2c39e90264f33305004495a9","hash":"7a68becdf000616fa6c97b3d956898970d9a4b4c"}
}
