TN:
SF:Link Website/js/answers.js
FN:5,(anonymous_0)
FN:12,(anonymous_1)
FN:27,(anonymous_2)
FN:34,(anonymous_3)
FN:36,(anonymous_4)
FN:48,(anonymous_5)
FN:55,(anonymous_6)
FN:68,(anonymous_7)
FN:75,(anonymous_8)
FN:86,(anonymous_9)
FN:93,(anonymous_10)
FN:102,(anonymous_11)
FN:109,(anonymous_12)
FN:120,(anonymous_13)
FN:126,(anonymous_14)
FN:129,(anonymous_15)
FN:145,(anonymous_16)
FN:165,(anonymous_17)
FN:170,(anonymous_18)
FN:177,(anonymous_19)
FN:192,(anonymous_20)
FN:201,(anonymous_21)
FNF:22
FNH:7
FNDA:1,(anonymous_0)
FNDA:0,(anonymous_1)
FNDA:1,(anonymous_2)
FNDA:0,(anonymous_3)
FNDA:0,(anonymous_4)
FNDA:1,(anonymous_5)
FNDA:0,(anonymous_6)
FNDA:1,(anonymous_7)
FNDA:0,(anonymous_8)
FNDA:1,(anonymous_9)
FNDA:0,(anonymous_10)
FNDA:1,(anonymous_11)
FNDA:0,(anonymous_12)
FNDA:1,(anonymous_13)
FNDA:0,(anonymous_14)
FNDA:0,(anonymous_15)
FNDA:0,(anonymous_16)
FNDA:0,(anonymous_17)
FNDA:0,(anonymous_18)
FNDA:0,(anonymous_19)
FNDA:0,(anonymous_20)
FNDA:0,(anonymous_21)
DA:2,1
DA:4,1
DA:6,1
DA:13,0
DA:14,0
DA:15,0
DA:16,0
DA:21,1
DA:26,1
DA:28,1
DA:35,0
DA:36,0
DA:37,0
DA:42,1
DA:47,1
DA:49,1
DA:56,0
DA:57,0
DA:61,1
DA:67,1
DA:69,1
DA:76,0
DA:77,0
DA:81,1
DA:85,1
DA:87,1
DA:94,0
DA:97,1
DA:101,1
DA:103,1
DA:110,0
DA:113,1
DA:118,1
DA:121,1
DA:127,0
DA:128,0
DA:129,0
DA:130,0
DA:131,0
DA:134,0
DA:135,0
DA:137,0
DA:141,1
DA:145,1
DA:146,0
DA:147,0
DA:148,0
DA:149,0
DA:150,0
DA:151,0
DA:152,0
DA:154,0
DA:155,0
DA:156,0
DA:157,0
DA:160,0
DA:162,0
DA:165,0
DA:166,0
DA:170,0
DA:172,0
DA:173,0
DA:177,0
DA:178,0
DA:180,0
DA:181,0
DA:182,0
DA:186,0
DA:192,0
DA:193,0
DA:194,0
DA:195,0
DA:196,0
DA:197,0
DA:201,0
DA:202,0
DA:203,0
DA:204,0
DA:209,1
LF:79
LH:24
BRDA:181,0,0,0
BRDA:181,0,1,0
BRF:2
BRH:0
end_of_record
TN:
SF:Link Website/js/calendar.js
FN:5,settingDate
FN:12,getDatesBetween
FN:58,(anonymous_2)
FN:98,trClick
FN:111,callPrev
FN:127,callNext
FN:145,what
FN:150,(anonymous_7)
FN:154,(anonymous_8)
FN:161,(anonymous_9)
FN:163,(anonymous_10)
FN:166,(anonymous_11)
FN:168,(anonymous_12)
FNF:13
FNH:9
FNDA:12,settingDate
FNDA:1,getDatesBetween
FNDA:84,(anonymous_2)
FNDA:0,trClick
FNDA:0,callPrev
FNDA:0,callNext
FNDA:0,what
FNDA:1,(anonymous_7)
FNDA:6,(anonymous_8)
FNDA:1,(anonymous_9)
FNDA:6,(anonymous_10)
FNDA:1,(anonymous_11)
FNDA:6,(anonymous_12)
DA:4,1
DA:6,12
DA:7,12
DA:8,12
DA:9,12
DA:13,1
DA:14,1
DA:15,1
DA:16,1
DA:18,1
DA:19,1
DA:20,13
DA:21,5
DA:22,5
DA:23,5
DA:25,8
DA:26,8
DA:28,8
DA:32,1
DA:33,1
DA:34,1
DA:45,1
DA:46,12
DA:47,12
DA:48,12
DA:49,12
DA:54,12
DA:55,12
DA:58,12
DA:59,84
DA:61,12
DA:64,12
DA:65,12
DA:68,12
DA:69,63
DA:70,63
DA:71,63
DA:72,63
DA:73,441
DA:74,441
DA:75,49
DA:76,12
DA:77,12
DA:79,37
DA:81,392
DA:82,38
DA:84,354
DA:85,354
DA:88,63
DA:91,12
DA:92,12
DA:93,12
DA:95,1
DA:99,0
DA:101,0
DA:102,0
DA:103,0
DA:105,0
DA:112,0
DA:113,0
DA:114,0
DA:115,0
DA:116,0
DA:117,0
DA:119,0
DA:120,0
DA:121,0
DA:130,0
DA:131,0
DA:132,0
DA:133,0
DA:134,0
DA:135,0
DA:137,0
DA:138,0
DA:139,0
DA:144,1
DA:145,1
DA:146,0
DA:150,1
DA:152,1
DA:154,1
DA:155,6
DA:158,1
DA:161,1
DA:163,6
DA:166,1
DA:168,6
DA:170,1
LF:89
LH:65
BRDA:20,0,0,5
BRDA:20,0,1,8
BRDA:22,1,0,5
BRDA:22,1,1,0
BRDA:22,2,0,5
BRDA:22,2,1,5
BRDA:26,3,0,7
BRDA:26,3,1,1
BRDA:26,4,0,8
BRDA:26,4,1,8
BRDA:73,5,0,145
BRDA:73,5,1,296
BRDA:74,6,0,49
BRDA:74,6,1,392
BRDA:75,7,0,12
BRDA:75,7,1,37
BRDA:81,8,0,38
BRDA:81,8,1,354
BRDA:115,9,0,0
BRDA:115,9,1,0
BRDA:120,10,0,0
BRDA:120,10,1,0
BRDA:133,11,0,0
BRDA:133,11,1,0
BRDA:138,12,0,0
BRDA:138,12,1,0
BRF:26
BRH:17
end_of_record
TN:
SF:Link Website/js/eventUsers.js
FN:1,(anonymous_0)
FN:3,(anonymous_1)
FN:11,(anonymous_2)
FN:14,(anonymous_3)
FN:32,(anonymous_4)
FN:45,getEvent
FN:53,(anonymous_6)
FN:114,(anonymous_7)
FN:118,(anonymous_8)
FN:125,(anonymous_9)
FN:127,(anonymous_10)
FN:130,(anonymous_11)
FN:132,(anonymous_12)
FNF:13
FNH:6
FNDA:0,(anonymous_0)
FNDA:0,(anonymous_1)
FNDA:0,(anonymous_2)
FNDA:0,(anonymous_3)
FNDA:0,(anonymous_4)
FNDA:0,getEvent
FNDA:0,(anonymous_6)
FNDA:1,(anonymous_7)
FNDA:6,(anonymous_8)
FNDA:1,(anonymous_9)
FNDA:6,(anonymous_10)
FNDA:1,(anonymous_11)
FNDA:6,(anonymous_12)
DA:1,1
DA:3,0
DA:4,0
DA:9,0
DA:12,0
DA:14,0
DA:16,0
DA:18,0
DA:20,0
DA:21,0
DA:25,0
DA:28,0
DA:32,0
DA:34,0
DA:35,0
DA:36,0
DA:38,0
DA:39,0
DA:47,0
DA:55,0
DA:57,0
DA:58,0
DA:60,0
DA:64,0
DA:65,0
DA:66,0
DA:68,0
DA:69,0
DA:71,0
DA:72,0
DA:74,0
DA:75,0
DA:77,0
DA:78,0
DA:80,0
DA:81,0
DA:83,0
DA:84,0
DA:86,0
DA:87,0
DA:89,0
DA:90,0
DA:92,0
DA:93,0
DA:95,0
DA:96,0
DA:98,0
DA:99,0
DA:103,0
DA:104,0
DA:105,0
DA:106,0
DA:114,1
DA:116,1
DA:118,1
DA:119,6
DA:122,1
DA:125,1
DA:127,6
DA:130,1
DA:132,6
DA:134,1
LF:62
LH:11
BRDA:58,0,0,0
BRDA:58,0,1,0
BRDA:65,1,0,0
BRDA:65,1,1,0
BRDA:68,2,0,0
BRDA:68,2,1,0
BRDA:71,3,0,0
BRDA:71,3,1,0
BRDA:74,4,0,0
BRDA:74,4,1,0
BRDA:77,5,0,0
BRDA:77,5,1,0
BRDA:80,6,0,0
BRDA:80,6,1,0
BRDA:83,7,0,0
BRDA:83,7,1,0
BRDA:86,8,0,0
BRDA:86,8,1,0
BRDA:89,9,0,0
BRDA:89,9,1,0
BRDA:92,10,0,0
BRDA:92,10,1,0
BRDA:95,11,0,0
BRDA:95,11,1,0
BRDA:98,12,0,0
BRDA:98,12,1,0
BRF:26
BRH:0
end_of_record
TN:
SF:Link Website/js/fetchMessage.js
FN:1,getDetails
FN:12,(anonymous_1)
FN:16,(anonymous_2)
FN:45,s1
FN:49,(anonymous_4)
FN:56,p1
FN:58,(anonymous_6)
FN:61,n1
FN:63,(anonymous_8)
FNF:9
FNH:6
FNDA:0,getDetails
FNDA:0,(anonymous_1)
FNDA:0,(anonymous_2)
FNDA:1,s1
FNDA:6,(anonymous_4)
FNDA:1,p1
FNDA:6,(anonymous_6)
FNDA:1,n1
FNDA:6,(anonymous_8)
DA:2,0
DA:3,0
DA:13,0
DA:14,0
DA:15,0
DA:16,0
DA:17,0
DA:19,0
DA:20,0
DA:21,0
DA:22,0
DA:23,0
DA:24,0
DA:25,0
DA:26,0
DA:27,0
DA:30,0
DA:31,0
DA:32,0
DA:36,0
DA:37,0
DA:47,1
DA:49,1
DA:50,6
DA:53,1
DA:58,6
DA:63,6
DA:65,1
LF:28
LH:7
BRDA:17,0,0,0
BRDA:17,0,1,0
BRF:2
BRH:0
end_of_record
TN:
SF:Link Website/js/getUsers.js
FNF:0
FNH:0
LF:0
LH:0
BRF:0
BRH:0
end_of_record
TN:
SF:Link Website/js/logevent.js
FN:99,what
FN:102,changeForm
FN:159,(anonymous_2)
FN:167,(anonymous_3)
FN:178,(anonymous_4)
FN:191,clickFunction
FN:207,(anonymous_6)
FN:217,(anonymous_7)
FN:221,(anonymous_8)
FN:228,(anonymous_9)
FN:230,(anonymous_10)
FN:233,(anonymous_11)
FN:235,(anonymous_12)
FNF:13
FNH:7
FNDA:0,what
FNDA:1,changeForm
FNDA:0,(anonymous_2)
FNDA:0,(anonymous_3)
FNDA:0,(anonymous_4)
FNDA:0,clickFunction
FNDA:0,(anonymous_6)
FNDA:1,(anonymous_7)
FNDA:6,(anonymous_8)
FNDA:1,(anonymous_9)
FNDA:6,(anonymous_10)
FNDA:1,(anonymous_11)
FNDA:6,(anonymous_12)
DA:1,1
DA:99,1
DA:100,0
DA:104,1
DA:105,0
DA:107,1
DA:108,0
DA:110,1
DA:111,0
DA:113,1
DA:114,0
DA:116,1
DA:117,0
DA:119,1
DA:120,0
DA:122,1
DA:123,0
DA:125,1
DA:126,0
DA:128,1
DA:129,0
DA:131,1
DA:132,0
DA:134,1
DA:135,0
DA:137,1
DA:138,0
DA:142,1
DA:143,1
DA:144,1
DA:145,1
DA:146,1
DA:149,1
DA:154,1
DA:155,1
DA:156,1
DA:159,1
DA:160,0
DA:161,0
DA:162,0
DA:163,0
DA:164,0
DA:167,0
DA:168,0
DA:169,0
DA:172,0
DA:173,0
DA:178,0
DA:179,0
DA:180,0
DA:181,0
DA:183,0
DA:184,0
DA:186,0
DA:193,0
DA:208,0
DA:209,0
DA:217,1
DA:219,1
DA:221,1
DA:222,6
DA:225,1
DA:228,1
DA:230,6
DA:233,1
DA:235,6
DA:237,1
LF:67
LH:34
BRDA:104,0,0,0
BRDA:104,0,1,1
BRDA:107,1,0,0
BRDA:107,1,1,1
BRDA:110,2,0,0
BRDA:110,2,1,1
BRDA:113,3,0,0
BRDA:113,3,1,1
BRDA:116,4,0,0
BRDA:116,4,1,1
BRDA:119,5,0,0
BRDA:119,5,1,1
BRDA:122,6,0,0
BRDA:122,6,1,1
BRDA:125,7,0,0
BRDA:125,7,1,1
BRDA:128,8,0,0
BRDA:128,8,1,1
BRDA:131,9,0,0
BRDA:131,9,1,1
BRDA:134,10,0,0
BRDA:134,10,1,1
BRDA:137,11,0,0
BRDA:137,11,1,1
BRF:24
BRH:12
end_of_record
TN:
SF:Link Website/js/login.js
FN:1,(anonymous_0)
FN:2,(anonymous_1)
FN:33,(anonymous_2)
FN:62,(anonymous_3)
FN:66,(anonymous_4)
FN:73,(anonymous_5)
FN:75,(anonymous_6)
FN:78,(anonymous_7)
FN:80,(anonymous_8)
FNF:9
FNH:6
FNDA:0,(anonymous_0)
FNDA:0,(anonymous_1)
FNDA:0,(anonymous_2)
FNDA:1,(anonymous_3)
FNDA:6,(anonymous_4)
FNDA:1,(anonymous_5)
FNDA:6,(anonymous_6)
FNDA:1,(anonymous_7)
FNDA:6,(anonymous_8)
DA:1,1
DA:2,0
DA:3,0
DA:6,0
DA:7,0
DA:12,0
DA:15,0
DA:16,0
DA:18,0
DA:19,0
DA:24,0
DA:41,0
DA:42,0
DA:43,0
DA:44,0
DA:47,0
DA:48,0
DA:49,0
DA:50,0
DA:52,0
DA:53,0
DA:62,1
DA:64,1
DA:66,1
DA:67,6
DA:70,1
DA:73,1
DA:75,6
DA:78,1
DA:80,6
DA:82,1
LF:31
LH:11
BRDA:15,0,0,0
BRDA:15,0,1,0
BRDA:18,1,0,0
BRDA:18,1,1,0
BRDA:48,2,0,0
BRDA:48,2,1,0
BRDA:52,3,0,0
BRDA:52,3,1,0
BRF:8
BRH:0
end_of_record
TN:
SF:Link Website/js/main.js
FN:2,sum
FN:7,(anonymous_1)
FN:8,(anonymous_2)
FN:9,(anonymous_3)
FNF:4
FNH:3
FNDA:0,sum
FNDA:6,(anonymous_1)
FNDA:3,(anonymous_2)
FNDA:6,(anonymous_3)
DA:3,0
DA:5,1
DA:7,6
DA:8,1
DA:9,3
DA:10,6
DA:13,3
DA:16,1
LF:8
LH:7
BRF:0
BRH:0
end_of_record
TN:
SF:Link Website/js/post.js
FN:1,(anonymous_0)
FN:2,(anonymous_1)
FN:31,(anonymous_2)
FN:52,(anonymous_3)
FN:56,(anonymous_4)
FN:63,(anonymous_5)
FN:65,(anonymous_6)
FN:68,(anonymous_7)
FN:70,(anonymous_8)
FNF:9
FNH:6
FNDA:0,(anonymous_0)
FNDA:0,(anonymous_1)
FNDA:0,(anonymous_2)
FNDA:1,(anonymous_3)
FNDA:6,(anonymous_4)
FNDA:1,(anonymous_5)
FNDA:6,(anonymous_6)
FNDA:1,(anonymous_7)
FNDA:6,(anonymous_8)
DA:1,1
DA:2,0
DA:3,0
DA:5,0
DA:6,0
DA:7,0
DA:9,0
DA:12,0
DA:13,0
DA:15,0
DA:16,0
DA:21,0
DA:33,0
DA:34,0
DA:35,0
DA:36,0
DA:37,0
DA:52,1
DA:54,1
DA:56,1
DA:57,6
DA:60,1
DA:63,1
DA:65,6
DA:68,1
DA:70,6
DA:72,1
LF:27
LH:11
BRDA:12,0,0,0
BRDA:12,0,1,0
BRDA:15,1,0,0
BRDA:15,1,1,0
BRDA:34,2,0,0
BRDA:34,2,1,0
BRF:6
BRH:0
end_of_record
TN:
SF:Link Website/js/profile.js
FN:5,(anonymous_0)
FN:9,(anonymous_1)
FN:16,(anonymous_2)
FN:18,(anonymous_3)
FN:21,(anonymous_4)
FN:23,(anonymous_5)
FNF:6
FNH:6
FNDA:1,(anonymous_0)
FNDA:6,(anonymous_1)
FNDA:1,(anonymous_2)
FNDA:6,(anonymous_3)
FNDA:1,(anonymous_4)
FNDA:6,(anonymous_5)
DA:5,1
DA:7,1
DA:9,1
DA:10,6
DA:13,1
DA:16,1
DA:18,6
DA:21,1
DA:23,6
DA:25,1
LF:10
LH:10
BRF:0
BRH:0
end_of_record
TN:
SF:Link Website/js/questions.js
FN:5,(anonymous_0)
FN:12,(anonymous_1)
FN:27,(anonymous_2)
FN:34,(anonymous_3)
FN:38,(anonymous_4)
FN:53,(anonymous_5)
FN:61,(anonymous_6)
FN:70,(anonymous_7)
FN:79,(anonymous_8)
FN:85,(anonymous_9)
FN:96,(anonymous_10)
FN:114,(anonymous_11)
FN:118,(anonymous_12)
FN:125,(anonymous_13)
FN:127,(anonymous_14)
FN:130,(anonymous_15)
FN:132,(anonymous_16)
FNF:17
FNH:8
FNDA:1,(anonymous_0)
FNDA:0,(anonymous_1)
FNDA:1,(anonymous_2)
FNDA:0,(anonymous_3)
FNDA:0,(anonymous_4)
FNDA:0,(anonymous_5)
FNDA:0,(anonymous_6)
FNDA:0,(anonymous_7)
FNDA:0,(anonymous_8)
FNDA:0,(anonymous_9)
FNDA:0,(anonymous_10)
FNDA:1,(anonymous_11)
FNDA:6,(anonymous_12)
FNDA:1,(anonymous_13)
FNDA:6,(anonymous_14)
FNDA:1,(anonymous_15)
FNDA:6,(anonymous_16)
DA:4,1
DA:6,1
DA:13,0
DA:14,0
DA:15,0
DA:16,0
DA:17,0
DA:21,1
DA:26,1
DA:28,1
DA:36,0
DA:37,0
DA:38,0
DA:39,0
DA:40,0
DA:44,0
DA:45,0
DA:50,1
DA:53,1
DA:54,0
DA:55,0
DA:58,0
DA:61,0
DA:62,0
DA:63,0
DA:64,0
DA:70,0
DA:71,0
DA:72,0
DA:73,0
DA:74,0
DA:79,0
DA:81,0
DA:82,0
DA:83,0
DA:85,0
DA:86,0
DA:87,0
DA:91,0
DA:92,0
DA:96,0
DA:98,0
DA:99,0
DA:100,0
DA:101,0
DA:102,0
DA:103,0
DA:104,0
DA:105,0
DA:106,0
DA:114,1
DA:116,1
DA:118,1
DA:119,6
DA:122,1
DA:125,1
DA:127,6
DA:130,1
DA:132,6
DA:135,1
LF:60
LH:17
BRDA:63,0,0,0
BRDA:63,0,1,0
BRDA:86,1,0,0
BRDA:86,1,1,0
BRF:4
BRH:0
end_of_record
TN:
SF:Link Website/js/register.js
FN:1,(anonymous_0)
FN:2,(anonymous_1)
FN:59,(anonymous_2)
FN:76,(anonymous_3)
FN:80,(anonymous_4)
FN:87,(anonymous_5)
FN:89,(anonymous_6)
FN:92,(anonymous_7)
FN:94,(anonymous_8)
FNF:9
FNH:6
FNDA:0,(anonymous_0)
FNDA:0,(anonymous_1)
FNDA:0,(anonymous_2)
FNDA:1,(anonymous_3)
FNDA:6,(anonymous_4)
FNDA:1,(anonymous_5)
FNDA:6,(anonymous_6)
FNDA:1,(anonymous_7)
FNDA:6,(anonymous_8)
DA:1,1
DA:2,0
DA:3,0
DA:5,0
DA:6,0
DA:7,0
DA:8,0
DA:9,0
DA:10,0
DA:14,0
DA:18,0
DA:19,0
DA:22,0
DA:23,0
DA:25,0
DA:26,0
DA:28,0
DA:29,0
DA:31,0
DA:32,0
DA:33,0
DA:34,0
DA:38,0
DA:39,0
DA:41,0
DA:42,0
DA:46,0
DA:61,0
DA:62,0
DA:63,0
DA:65,0
DA:66,0
DA:76,1
DA:78,1
DA:80,1
DA:81,6
DA:84,1
DA:87,1
DA:89,6
DA:92,1
DA:94,6
DA:96,1
LF:42
LH:11
BRDA:18,0,0,0
BRDA:18,0,1,0
BRDA:22,1,0,0
BRDA:22,1,1,0
BRDA:25,2,0,0
BRDA:25,2,1,0
BRDA:28,3,0,0
BRDA:28,3,1,0
BRDA:33,4,0,0
BRDA:33,4,1,0
BRDA:38,5,0,0
BRDA:38,5,1,0
BRDA:41,6,0,0
BRDA:41,6,1,0
BRDA:62,7,0,0
BRDA:62,7,1,0
BRDA:65,8,0,0
BRDA:65,8,1,0
BRF:18
BRH:0
end_of_record
TN:
SF:Link Website/js/sendMessages.js
FN:2,search
FN:9,(anonymous_1)
FN:13,(anonymous_2)
FN:38,delete_q
FN:45,(anonymous_4)
FN:57,clear
FN:64,(anonymous_6)
FN:73,(anonymous_7)
FN:76,(anonymous_8)
FN:79,(anonymous_9)
FN:101,(anonymous_10)
FN:122,(anonymous_11)
FN:146,(anonymous_12)
FN:156,(anonymous_13)
FN:163,(anonymous_14)
FN:173,(anonymous_15)
FN:181,(anonymous_16)
FN:193,(anonymous_17)
FN:197,(anonymous_18)
FN:204,(anonymous_19)
FN:206,(anonymous_20)
FN:209,(anonymous_21)
FN:211,(anonymous_22)
FNF:23
FNH:9
FNDA:1,search
FNDA:0,(anonymous_1)
FNDA:0,(anonymous_2)
FNDA:1,delete_q
FNDA:0,(anonymous_4)
FNDA:1,clear
FNDA:0,(anonymous_6)
FNDA:0,(anonymous_7)
FNDA:0,(anonymous_8)
FNDA:0,(anonymous_9)
FNDA:0,(anonymous_10)
FNDA:0,(anonymous_11)
FNDA:0,(anonymous_12)
FNDA:0,(anonymous_13)
FNDA:0,(anonymous_14)
FNDA:0,(anonymous_15)
FNDA:0,(anonymous_16)
FNDA:1,(anonymous_17)
FNDA:6,(anonymous_18)
FNDA:1,(anonymous_19)
FNDA:6,(anonymous_20)
FNDA:1,(anonymous_21)
FNDA:6,(anonymous_22)
DA:3,1
DA:10,0
DA:12,0
DA:13,0
DA:14,0
DA:17,0
DA:18,0
DA:19,0
DA:20,0
DA:21,0
DA:22,0
DA:23,0
DA:25,0
DA:29,0
DA:34,1
DA:39,1
DA:46,0
DA:47,0
DA:53,1
DA:58,1
DA:65,0
DA:70,1
DA:73,1
DA:74,0
DA:77,0
DA:79,0
DA:82,0
DA:85,0
DA:86,0
DA:87,0
DA:88,0
DA:89,0
DA:90,0
DA:92,0
DA:94,0
DA:98,0
DA:101,0
DA:104,0
DA:105,0
DA:107,0
DA:108,0
DA:109,0
DA:112,0
DA:113,0
DA:114,0
DA:122,0
DA:123,0
DA:124,0
DA:125,0
DA:126,0
DA:127,0
DA:128,0
DA:131,0
DA:132,0
DA:134,0
DA:147,0
DA:156,0
DA:157,0
DA:158,0
DA:163,0
DA:164,0
DA:165,0
DA:166,0
DA:167,0
DA:173,0
DA:174,0
DA:175,0
DA:176,0
DA:181,0
DA:182,0
DA:183,0
DA:184,0
DA:185,0
DA:193,1
DA:195,1
DA:197,1
DA:198,6
DA:201,1
DA:204,1
DA:206,6
DA:209,1
DA:211,6
DA:213,1
LF:83
LH:17
BRDA:131,0,0,0
BRDA:131,0,1,0
BRDA:166,1,0,0
BRDA:166,1,1,0
BRF:4
BRH:0
end_of_record
TN:
SF:Link Website/js/uploadPic.js
FN:3,(anonymous_0)
FN:24,(anonymous_1)
FN:29,(anonymous_2)
FN:34,(anonymous_3)
FN:38,(anonymous_4)
FN:45,(anonymous_5)
FN:47,(anonymous_6)
FN:50,(anonymous_7)
FN:52,(anonymous_8)
FNF:9
FNH:6
FNDA:0,(anonymous_0)
FNDA:0,(anonymous_1)
FNDA:0,(anonymous_2)
FNDA:1,(anonymous_3)
FNDA:6,(anonymous_4)
FNDA:1,(anonymous_5)
FNDA:6,(anonymous_6)
FNDA:1,(anonymous_7)
FNDA:6,(anonymous_8)
DA:3,1
DA:5,0
DA:10,0
DA:27,0
DA:34,1
DA:36,1
DA:38,1
DA:39,6
DA:42,1
DA:45,1
DA:47,6
DA:50,1
DA:52,6
DA:54,1
LF:14
LH:11
BRF:0
BRH:0
end_of_record
TN:
SF:Link Website/js/user_profile.js
FN:1,(anonymous_0)
FN:14,(anonymous_1)
FN:37,(anonymous_2)
FN:41,(anonymous_3)
FN:48,(anonymous_4)
FN:50,(anonymous_5)
FN:53,(anonymous_6)
FN:55,(anonymous_7)
FNF:8
FNH:6
FNDA:0,(anonymous_0)
FNDA:0,(anonymous_1)
FNDA:1,(anonymous_2)
FNDA:6,(anonymous_3)
FNDA:1,(anonymous_4)
FNDA:6,(anonymous_5)
FNDA:1,(anonymous_6)
FNDA:6,(anonymous_7)
DA:1,1
DA:4,0
DA:5,0
DA:6,0
DA:15,0
DA:16,0
DA:17,0
DA:18,0
DA:19,0
DA:23,0
DA:24,0
DA:25,0
DA:26,0
DA:27,0
DA:37,1
DA:39,1
DA:41,1
DA:42,6
DA:45,1
DA:48,1
DA:50,6
DA:53,1
DA:55,6
DA:57,1
LF:24
LH:11
BRF:0
BRH:0
end_of_record
TN:
SF:Link Website/js/users.js
FN:1,(anonymous_0)
FN:5,(anonymous_1)
FN:12,(anonymous_2)
FN:14,(anonymous_3)
FN:17,(anonymous_4)
FN:19,(anonymous_5)
FNF:6
FNH:6
FNDA:1,(anonymous_0)
FNDA:6,(anonymous_1)
FNDA:1,(anonymous_2)
FNDA:6,(anonymous_3)
FNDA:1,(anonymous_4)
FNDA:6,(anonymous_5)
DA:1,1
DA:3,1
DA:5,1
DA:6,6
DA:9,1
DA:12,1
DA:14,6
DA:17,1
DA:19,6
DA:22,1
LF:10
LH:10
BRF:0
BRH:0
end_of_record
