TN:
SF:Link Website/js/answers.js
FN:3,(anonymous_0)
FN:10,(anonymous_1)
FN:25,(anonymous_2)
FN:32,(anonymous_3)
FN:34,(anonymous_4)
FN:46,(anonymous_5)
FN:53,(anonymous_6)
FN:66,(anonymous_7)
FN:73,(anonymous_8)
FN:84,(anonymous_9)
FN:91,(anonymous_10)
FN:100,(anonymous_11)
FN:107,(anonymous_12)
FN:118,(anonymous_13)
FN:124,(anonymous_14)
FN:127,(anonymous_15)
FN:143,(anonymous_16)
FN:164,(anonymous_17)
FN:169,(anonymous_18)
FN:176,(anonymous_19)
FN:191,(anonymous_20)
FN:200,(anonymous_21)
FNF:22
FNH:7
FNDA:1,(anonymous_0)
FNDA:0,(anonymous_1)
FNDA:1,(anonymous_2)
FNDA:0,(anonymous_3)
FNDA:0,(anonymous_4)
FNDA:1,(anonymous_5)
FNDA:0,(anonymous_6)
FNDA:1,(anonymous_7)
FNDA:0,(anonymous_8)
FNDA:1,(anonymous_9)
FNDA:0,(anonymous_10)
FNDA:1,(anonymous_11)
FNDA:0,(anonymous_12)
FNDA:1,(anonymous_13)
FNDA:0,(anonymous_14)
FNDA:0,(anonymous_15)
FNDA:0,(anonymous_16)
FNDA:0,(anonymous_17)
FNDA:0,(anonymous_18)
FNDA:0,(anonymous_19)
FNDA:0,(anonymous_20)
FNDA:0,(anonymous_21)
DA:2,1
DA:4,1
DA:11,0
DA:12,0
DA:13,0
DA:14,0
DA:19,1
DA:24,1
DA:26,1
DA:33,0
DA:34,0
DA:35,0
DA:40,1
DA:45,1
DA:47,1
DA:54,0
DA:55,0
DA:59,1
DA:65,1
DA:67,1
DA:74,0
DA:75,0
DA:79,1
DA:83,1
DA:85,1
DA:92,0
DA:95,1
DA:99,1
DA:101,1
DA:108,0
DA:111,1
DA:116,1
DA:119,1
DA:125,0
DA:126,0
DA:127,0
DA:128,0
DA:129,0
DA:132,0
DA:133,0
DA:135,0
DA:139,1
DA:143,1
DA:144,0
DA:145,0
DA:146,0
DA:147,0
DA:148,0
DA:149,0
DA:150,0
DA:151,0
DA:153,0
DA:154,0
DA:155,0
DA:156,0
DA:159,0
DA:161,0
DA:164,0
DA:165,0
DA:169,0
DA:171,0
DA:172,0
DA:176,0
DA:177,0
DA:179,0
DA:180,0
DA:181,0
DA:185,0
DA:191,0
DA:192,0
DA:193,0
DA:194,0
DA:195,0
DA:196,0
DA:200,0
DA:201,0
DA:202,0
DA:203,0
DA:208,1
LF:79
LH:23
BRDA:180,0,0,0
BRDA:180,0,1,0
BRF:2
BRH:0
end_of_record
TN:
SF:Link Website/js/calendar.js
FN:5,settingDate
FN:12,getDatesBetween
FN:58,(anonymous_2)
FN:98,trClick
FN:111,callPrev
FN:127,callNext
FN:149,(anonymous_6)
FN:153,(anonymous_7)
FN:160,(anonymous_8)
FN:162,(anonymous_9)
FN:165,(anonymous_10)
FN:167,(anonymous_11)
FNF:12
FNH:3
FNDA:12,settingDate
FNDA:1,getDatesBetween
FNDA:84,(anonymous_2)
FNDA:0,trClick
FNDA:0,callPrev
FNDA:0,callNext
FNDA:0,(anonymous_6)
FNDA:0,(anonymous_7)
FNDA:0,(anonymous_8)
FNDA:0,(anonymous_9)
FNDA:0,(anonymous_10)
FNDA:0,(anonymous_11)
DA:4,1
DA:6,12
DA:7,12
DA:8,12
DA:9,12
DA:13,1
DA:14,1
DA:15,1
DA:16,1
DA:18,1
DA:19,1
DA:20,13
DA:21,5
DA:22,5
DA:23,5
DA:25,8
DA:26,8
DA:28,8
DA:32,1
DA:33,1
DA:34,1
DA:45,1
DA:46,12
DA:47,12
DA:48,12
DA:49,12
DA:54,12
DA:55,12
DA:58,12
DA:59,84
DA:61,12
DA:64,12
DA:65,12
DA:68,12
DA:69,63
DA:70,63
DA:71,63
DA:72,63
DA:73,441
DA:74,441
DA:75,49
DA:76,12
DA:77,12
DA:79,37
DA:81,392
DA:82,38
DA:84,354
DA:85,354
DA:88,63
DA:91,12
DA:92,12
DA:93,12
DA:95,1
DA:99,0
DA:101,0
DA:102,0
DA:103,0
DA:105,0
DA:112,0
DA:113,0
DA:114,0
DA:115,0
DA:116,0
DA:117,0
DA:119,0
DA:120,0
DA:121,0
DA:130,0
DA:131,0
DA:132,0
DA:133,0
DA:134,0
DA:135,0
DA:137,0
DA:138,0
DA:139,0
DA:144,1
DA:145,1
DA:149,0
DA:151,0
DA:153,0
DA:154,0
DA:157,0
DA:160,0
DA:162,0
DA:165,0
DA:167,0
DA:169,0
LF:88
LH:55
BRDA:20,0,0,5
BRDA:20,0,1,8
BRDA:22,1,0,5
BRDA:22,1,1,0
BRDA:22,2,0,5
BRDA:22,2,1,5
BRDA:26,3,0,7
BRDA:26,3,1,1
BRDA:26,4,0,8
BRDA:26,4,1,8
BRDA:73,5,0,145
BRDA:73,5,1,296
BRDA:74,6,0,49
BRDA:74,6,1,392
BRDA:75,7,0,12
BRDA:75,7,1,37
BRDA:81,8,0,38
BRDA:81,8,1,354
BRDA:115,9,0,0
BRDA:115,9,1,0
BRDA:120,10,0,0
BRDA:120,10,1,0
BRDA:133,11,0,0
BRDA:133,11,1,0
BRDA:138,12,0,0
BRDA:138,12,1,0
BRF:26
BRH:17
end_of_record
TN:
SF:Link Website/js/eventUsers.js
FN:1,(anonymous_0)
FN:3,(anonymous_1)
FN:11,(anonymous_2)
FN:14,(anonymous_3)
FN:32,(anonymous_4)
FN:45,getEvent
FN:53,(anonymous_6)
FN:114,(anonymous_7)
FN:118,(anonymous_8)
FN:125,(anonymous_9)
FN:127,(anonymous_10)
FN:130,(anonymous_11)
FN:132,(anonymous_12)
FNF:13
FNH:6
FNDA:0,(anonymous_0)
FNDA:0,(anonymous_1)
FNDA:0,(anonymous_2)
FNDA:0,(anonymous_3)
FNDA:0,(anonymous_4)
FNDA:0,getEvent
FNDA:0,(anonymous_6)
FNDA:1,(anonymous_7)
FNDA:6,(anonymous_8)
FNDA:1,(anonymous_9)
FNDA:6,(anonymous_10)
FNDA:1,(anonymous_11)
FNDA:6,(anonymous_12)
DA:1,1
DA:3,0
DA:4,0
DA:9,0
DA:12,0
DA:14,0
DA:16,0
DA:18,0
DA:20,0
DA:21,0
DA:25,0
DA:28,0
DA:32,0
DA:34,0
DA:35,0
DA:36,0
DA:38,0
DA:39,0
DA:47,0
DA:55,0
DA:57,0
DA:58,0
DA:60,0
DA:64,0
DA:65,0
DA:66,0
DA:68,0
DA:69,0
DA:71,0
DA:72,0
DA:74,0
DA:75,0
DA:77,0
DA:78,0
DA:80,0
DA:81,0
DA:83,0
DA:84,0
DA:86,0
DA:87,0
DA:89,0
DA:90,0
DA:92,0
DA:93,0
DA:95,0
DA:96,0
DA:98,0
DA:99,0
DA:103,0
DA:104,0
DA:105,0
DA:106,0
DA:114,1
DA:116,1
DA:118,1
DA:119,6
DA:122,1
DA:125,1
DA:127,6
DA:130,1
DA:132,6
DA:134,1
LF:62
LH:11
BRDA:58,0,0,0
BRDA:58,0,1,0
BRDA:65,1,0,0
BRDA:65,1,1,0
BRDA:68,2,0,0
BRDA:68,2,1,0
BRDA:71,3,0,0
BRDA:71,3,1,0
BRDA:74,4,0,0
BRDA:74,4,1,0
BRDA:77,5,0,0
BRDA:77,5,1,0
BRDA:80,6,0,0
BRDA:80,6,1,0
BRDA:83,7,0,0
BRDA:83,7,1,0
BRDA:86,8,0,0
BRDA:86,8,1,0
BRDA:89,9,0,0
BRDA:89,9,1,0
BRDA:92,10,0,0
BRDA:92,10,1,0
BRDA:95,11,0,0
BRDA:95,11,1,0
BRDA:98,12,0,0
BRDA:98,12,1,0
BRF:26
BRH:0
end_of_record
TN:
SF:Link Website/js/fetchMessage.js
FN:1,getDetails
FN:11,(anonymous_1)
FN:28,(anonymous_2)
FN:32,(anonymous_3)
FN:39,(anonymous_4)
FN:41,(anonymous_5)
FN:44,(anonymous_6)
FN:46,(anonymous_7)
FNF:8
FNH:6
FNDA:0,getDetails
FNDA:0,(anonymous_1)
FNDA:1,(anonymous_2)
FNDA:6,(anonymous_3)
FNDA:1,(anonymous_4)
FNDA:6,(anonymous_5)
FNDA:1,(anonymous_6)
FNDA:6,(anonymous_7)
DA:2,0
DA:14,0
DA:15,0
DA:16,0
DA:17,0
DA:28,1
DA:30,1
DA:32,1
DA:33,6
DA:36,1
DA:39,1
DA:41,6
DA:44,1
DA:46,6
DA:48,1
LF:15
LH:10
BRF:0
BRH:0
end_of_record
TN:
SF:Link Website/js/getUsers.js
FNF:0
FNH:0
LF:0
LH:0
BRF:0
BRH:0
end_of_record
TN:
SF:Link Website/js/logevent.js
FN:101,changeForm
FN:158,(anonymous_1)
FN:166,(anonymous_2)
FN:177,(anonymous_3)
FN:194,clickFunction
FN:210,(anonymous_5)
FN:223,(anonymous_6)
FN:227,(anonymous_7)
FN:234,(anonymous_8)
FN:236,(anonymous_9)
FN:239,(anonymous_10)
FN:241,(anonymous_11)
FNF:12
FNH:0
FNDA:0,changeForm
FNDA:0,(anonymous_1)
FNDA:0,(anonymous_2)
FNDA:0,(anonymous_3)
FNDA:0,clickFunction
FNDA:0,(anonymous_5)
FNDA:0,(anonymous_6)
FNDA:0,(anonymous_7)
FNDA:0,(anonymous_8)
FNDA:0,(anonymous_9)
FNDA:0,(anonymous_10)
FNDA:0,(anonymous_11)
DA:1,1
DA:99,1
DA:103,0
DA:104,0
DA:106,0
DA:107,0
DA:109,0
DA:110,0
DA:112,0
DA:113,0
DA:115,0
DA:116,0
DA:118,0
DA:119,0
DA:121,0
DA:122,0
DA:124,0
DA:125,0
DA:127,0
DA:128,0
DA:130,0
DA:131,0
DA:133,0
DA:134,0
DA:136,0
DA:137,0
DA:141,0
DA:142,0
DA:143,0
DA:144,0
DA:145,0
DA:148,0
DA:153,0
DA:154,0
DA:155,0
DA:158,0
DA:159,0
DA:160,0
DA:161,0
DA:162,0
DA:163,0
DA:166,0
DA:167,0
DA:168,0
DA:171,0
DA:172,0
DA:177,0
DA:178,0
DA:179,0
DA:180,0
DA:182,0
DA:183,0
DA:185,0
DA:196,0
DA:211,0
DA:212,0
DA:223,0
DA:225,0
DA:227,0
DA:228,0
DA:231,0
DA:234,0
DA:236,0
DA:239,0
DA:241,0
DA:243,0
LF:66
LH:2
BRDA:103,0,0,0
BRDA:103,0,1,0
BRDA:106,1,0,0
BRDA:106,1,1,0
BRDA:109,2,0,0
BRDA:109,2,1,0
BRDA:112,3,0,0
BRDA:112,3,1,0
BRDA:115,4,0,0
BRDA:115,4,1,0
BRDA:118,5,0,0
BRDA:118,5,1,0
BRDA:121,6,0,0
BRDA:121,6,1,0
BRDA:124,7,0,0
BRDA:124,7,1,0
BRDA:127,8,0,0
BRDA:127,8,1,0
BRDA:130,9,0,0
BRDA:130,9,1,0
BRDA:133,10,0,0
BRDA:133,10,1,0
BRDA:136,11,0,0
BRDA:136,11,1,0
BRF:24
BRH:0
end_of_record
TN:
SF:Link Website/js/login.js
FN:1,(anonymous_0)
FN:2,(anonymous_1)
FN:32,(anonymous_2)
FN:61,(anonymous_3)
FN:65,(anonymous_4)
FN:72,(anonymous_5)
FN:74,(anonymous_6)
FN:77,(anonymous_7)
FN:79,(anonymous_8)
FNF:9
FNH:6
FNDA:0,(anonymous_0)
FNDA:0,(anonymous_1)
FNDA:0,(anonymous_2)
FNDA:1,(anonymous_3)
FNDA:6,(anonymous_4)
FNDA:1,(anonymous_5)
FNDA:6,(anonymous_6)
FNDA:1,(anonymous_7)
FNDA:6,(anonymous_8)
DA:1,1
DA:2,0
DA:3,0
DA:6,0
DA:7,0
DA:11,0
DA:14,0
DA:15,0
DA:17,0
DA:18,0
DA:23,0
DA:40,0
DA:41,0
DA:42,0
DA:43,0
DA:46,0
DA:47,0
DA:48,0
DA:49,0
DA:51,0
DA:52,0
DA:61,1
DA:63,1
DA:65,1
DA:66,6
DA:69,1
DA:72,1
DA:74,6
DA:77,1
DA:79,6
DA:81,1
LF:31
LH:11
BRDA:14,0,0,0
BRDA:14,0,1,0
BRDA:17,1,0,0
BRDA:17,1,1,0
BRDA:47,2,0,0
BRDA:47,2,1,0
BRDA:51,3,0,0
BRDA:51,3,1,0
BRF:8
BRH:0
end_of_record
TN:
SF:Link Website/js/main.js
FN:2,sum
FN:7,(anonymous_1)
FN:8,(anonymous_2)
FN:9,(anonymous_3)
FNF:4
FNH:3
FNDA:0,sum
FNDA:6,(anonymous_1)
FNDA:3,(anonymous_2)
FNDA:6,(anonymous_3)
DA:3,0
DA:5,1
DA:7,6
DA:8,1
DA:9,3
DA:10,6
DA:13,3
DA:16,1
LF:8
LH:7
BRF:0
BRH:0
end_of_record
TN:
SF:Link Website/js/post.js
FN:1,(anonymous_0)
FN:2,(anonymous_1)
FN:31,(anonymous_2)
FN:52,(anonymous_3)
FN:56,(anonymous_4)
FN:63,(anonymous_5)
FN:65,(anonymous_6)
FN:68,(anonymous_7)
FN:70,(anonymous_8)
FNF:9
FNH:6
FNDA:0,(anonymous_0)
FNDA:0,(anonymous_1)
FNDA:0,(anonymous_2)
FNDA:1,(anonymous_3)
FNDA:6,(anonymous_4)
FNDA:1,(anonymous_5)
FNDA:6,(anonymous_6)
FNDA:1,(anonymous_7)
FNDA:6,(anonymous_8)
DA:1,1
DA:2,0
DA:3,0
DA:5,0
DA:6,0
DA:7,0
DA:9,0
DA:12,0
DA:13,0
DA:15,0
DA:16,0
DA:21,0
DA:33,0
DA:34,0
DA:35,0
DA:36,0
DA:37,0
DA:52,1
DA:54,1
DA:56,1
DA:57,6
DA:60,1
DA:63,1
DA:65,6
DA:68,1
DA:70,6
DA:72,1
LF:27
LH:11
BRDA:12,0,0,0
BRDA:12,0,1,0
BRDA:15,1,0,0
BRDA:15,1,1,0
BRDA:34,2,0,0
BRDA:34,2,1,0
BRF:6
BRH:0
end_of_record
TN:
SF:Link Website/js/profile.js
FN:1,(anonymous_0)
FN:18,(anonymous_1)
FN:39,(anonymous_2)
FN:43,(anonymous_3)
FN:50,(anonymous_4)
FN:52,(anonymous_5)
FN:55,(anonymous_6)
FN:57,(anonymous_7)
FNF:8
FNH:6
FNDA:0,(anonymous_0)
FNDA:0,(anonymous_1)
FNDA:1,(anonymous_2)
FNDA:6,(anonymous_3)
FNDA:1,(anonymous_4)
FNDA:6,(anonymous_5)
FNDA:1,(anonymous_6)
FNDA:6,(anonymous_7)
DA:1,1
DA:3,0
DA:6,0
DA:7,0
DA:10,0
DA:19,0
DA:20,0
DA:21,0
DA:22,0
DA:23,0
DA:24,0
DA:26,0
DA:27,0
DA:28,0
DA:29,0
DA:39,1
DA:41,1
DA:43,1
DA:44,6
DA:47,1
DA:50,1
DA:52,6
DA:55,1
DA:57,6
DA:59,1
LF:25
LH:11
BRF:0
BRH:0
end_of_record
TN:
SF:Link Website/js/questions.js
FN:1,(anonymous_0)
FN:5,(anonymous_1)
FN:12,(anonymous_2)
FN:14,(anonymous_3)
FN:17,(anonymous_4)
FN:19,(anonymous_5)
FN:24,(anonymous_6)
FN:31,(anonymous_7)
FN:46,(anonymous_8)
FN:53,(anonymous_9)
FN:57,(anonymous_10)
FN:72,(anonymous_11)
FN:81,(anonymous_12)
FN:90,(anonymous_13)
FN:99,(anonymous_14)
FN:105,(anonymous_15)
FN:116,(anonymous_16)
FNF:17
FNH:8
FNDA:1,(anonymous_0)
FNDA:6,(anonymous_1)
FNDA:1,(anonymous_2)
FNDA:6,(anonymous_3)
FNDA:1,(anonymous_4)
FNDA:6,(anonymous_5)
FNDA:1,(anonymous_6)
FNDA:0,(anonymous_7)
FNDA:1,(anonymous_8)
FNDA:0,(anonymous_9)
FNDA:0,(anonymous_10)
FNDA:0,(anonymous_11)
FNDA:0,(anonymous_12)
FNDA:0,(anonymous_13)
FNDA:0,(anonymous_14)
FNDA:0,(anonymous_15)
FNDA:0,(anonymous_16)
DA:1,1
DA:3,1
DA:5,1
DA:6,6
DA:9,1
DA:12,1
DA:14,6
DA:17,1
DA:19,6
DA:23,1
DA:25,1
DA:32,0
DA:33,0
DA:34,0
DA:35,0
DA:36,0
DA:40,1
DA:45,1
DA:47,1
DA:55,0
DA:56,0
DA:57,0
DA:58,0
DA:59,0
DA:63,0
DA:64,0
DA:69,1
DA:72,1
DA:73,0
DA:75,0
DA:78,0
DA:81,0
DA:82,0
DA:83,0
DA:84,0
DA:90,0
DA:91,0
DA:92,0
DA:93,0
DA:94,0
DA:99,0
DA:101,0
DA:102,0
DA:103,0
DA:105,0
DA:106,0
DA:107,0
DA:111,0
DA:112,0
DA:116,0
DA:118,0
DA:119,0
DA:120,0
DA:121,0
DA:122,0
DA:123,0
DA:124,0
DA:125,0
DA:126,0
DA:130,1
LF:60
LH:17
BRDA:83,0,0,0
BRDA:83,0,1,0
BRDA:106,1,0,0
BRDA:106,1,1,0
BRF:4
BRH:0
end_of_record
TN:
SF:Link Website/js/register.js
FN:1,(anonymous_0)
FN:2,(anonymous_1)
FN:59,(anonymous_2)
FN:76,(anonymous_3)
FN:80,(anonymous_4)
FN:87,(anonymous_5)
FN:89,(anonymous_6)
FN:92,(anonymous_7)
FN:94,(anonymous_8)
FNF:9
FNH:6
FNDA:0,(anonymous_0)
FNDA:0,(anonymous_1)
FNDA:0,(anonymous_2)
FNDA:1,(anonymous_3)
FNDA:6,(anonymous_4)
FNDA:1,(anonymous_5)
FNDA:6,(anonymous_6)
FNDA:1,(anonymous_7)
FNDA:6,(anonymous_8)
DA:1,1
DA:2,0
DA:3,0
DA:5,0
DA:6,0
DA:7,0
DA:8,0
DA:9,0
DA:10,0
DA:14,0
DA:18,0
DA:19,0
DA:22,0
DA:23,0
DA:25,0
DA:26,0
DA:28,0
DA:29,0
DA:31,0
DA:32,0
DA:33,0
DA:34,0
DA:38,0
DA:39,0
DA:41,0
DA:42,0
DA:46,0
DA:61,0
DA:62,0
DA:63,0
DA:65,0
DA:66,0
DA:76,1
DA:78,1
DA:80,1
DA:81,6
DA:84,1
DA:87,1
DA:89,6
DA:92,1
DA:94,6
DA:96,1
LF:42
LH:11
BRDA:18,0,0,0
BRDA:18,0,1,0
BRDA:22,1,0,0
BRDA:22,1,1,0
BRDA:25,2,0,0
BRDA:25,2,1,0
BRDA:28,3,0,0
BRDA:28,3,1,0
BRDA:33,4,0,0
BRDA:33,4,1,0
BRDA:38,5,0,0
BRDA:38,5,1,0
BRDA:41,6,0,0
BRDA:41,6,1,0
BRDA:62,7,0,0
BRDA:62,7,1,0
BRDA:65,8,0,0
BRDA:65,8,1,0
BRF:18
BRH:0
end_of_record
TN:
SF:Link Website/js/sendMessages.js
FN:1,(anonymous_0)
FN:8,(anonymous_1)
FN:11,(anonymous_2)
FN:27,(anonymous_3)
FN:49,(anonymous_4)
FN:85,(anonymous_5)
FN:94,(anonymous_6)
FN:98,(anonymous_7)
FN:105,(anonymous_8)
FN:107,(anonymous_9)
FN:110,(anonymous_10)
FN:112,(anonymous_11)
FNF:12
FNH:6
FNDA:0,(anonymous_0)
FNDA:0,(anonymous_1)
FNDA:0,(anonymous_2)
FNDA:0,(anonymous_3)
FNDA:0,(anonymous_4)
FNDA:0,(anonymous_5)
FNDA:1,(anonymous_6)
FNDA:6,(anonymous_7)
FNDA:1,(anonymous_8)
FNDA:6,(anonymous_9)
FNDA:1,(anonymous_10)
FNDA:6,(anonymous_11)
DA:1,1
DA:6,0
DA:9,0
DA:11,0
DA:14,0
DA:16,0
DA:18,0
DA:19,0
DA:20,0
DA:24,0
DA:27,0
DA:29,0
DA:30,0
DA:31,0
DA:32,0
DA:34,0
DA:35,0
DA:36,0
DA:39,0
DA:40,0
DA:41,0
DA:49,0
DA:50,0
DA:55,0
DA:56,0
DA:57,0
DA:58,0
DA:59,0
DA:67,0
DA:68,0
DA:73,0
DA:86,0
DA:94,1
DA:96,1
DA:98,1
DA:99,6
DA:102,1
DA:105,1
DA:107,6
DA:110,1
DA:112,6
DA:114,1
LF:42
LH:11
BRDA:67,0,0,0
BRDA:67,0,1,0
BRF:2
BRH:0
end_of_record
TN:
SF:Link Website/js/uploadPic.js
FN:3,(anonymous_0)
FN:24,(anonymous_1)
FN:29,(anonymous_2)
FN:34,(anonymous_3)
FN:38,(anonymous_4)
FN:45,(anonymous_5)
FN:47,(anonymous_6)
FN:50,(anonymous_7)
FN:52,(anonymous_8)
FNF:9
FNH:6
FNDA:0,(anonymous_0)
FNDA:0,(anonymous_1)
FNDA:0,(anonymous_2)
FNDA:1,(anonymous_3)
FNDA:6,(anonymous_4)
FNDA:1,(anonymous_5)
FNDA:6,(anonymous_6)
FNDA:1,(anonymous_7)
FNDA:6,(anonymous_8)
DA:3,1
DA:5,0
DA:10,0
DA:27,0
DA:34,1
DA:36,1
DA:38,1
DA:39,6
DA:42,1
DA:45,1
DA:47,6
DA:50,1
DA:52,6
DA:54,1
LF:14
LH:11
BRF:0
BRH:0
end_of_record
TN:
SF:Link Website/js/user_profile.js
FN:1,(anonymous_0)
FN:14,(anonymous_1)
FN:38,(anonymous_2)
FN:42,(anonymous_3)
FN:49,(anonymous_4)
FN:51,(anonymous_5)
FN:54,(anonymous_6)
FN:56,(anonymous_7)
FNF:8
FNH:6
FNDA:0,(anonymous_0)
FNDA:0,(anonymous_1)
FNDA:1,(anonymous_2)
FNDA:6,(anonymous_3)
FNDA:1,(anonymous_4)
FNDA:6,(anonymous_5)
FNDA:1,(anonymous_6)
FNDA:6,(anonymous_7)
DA:1,1
DA:4,0
DA:5,0
DA:6,0
DA:15,0
DA:16,0
DA:17,0
DA:18,0
DA:19,0
DA:22,0
DA:23,0
DA:24,0
DA:25,0
DA:26,0
DA:38,1
DA:40,1
DA:42,1
DA:43,6
DA:46,1
DA:49,1
DA:51,6
DA:54,1
DA:56,6
DA:58,1
LF:24
LH:11
BRF:0
BRH:0
end_of_record
TN:
SF:Link Website/js/users.js
FN:1,(anonymous_0)
FN:5,(anonymous_1)
FN:12,(anonymous_2)
FN:14,(anonymous_3)
FN:17,(anonymous_4)
FN:19,(anonymous_5)
FNF:6
FNH:6
FNDA:1,(anonymous_0)
FNDA:6,(anonymous_1)
FNDA:1,(anonymous_2)
FNDA:6,(anonymous_3)
FNDA:1,(anonymous_4)
FNDA:6,(anonymous_5)
DA:1,1
DA:3,1
DA:5,1
DA:6,6
DA:9,1
DA:12,1
DA:14,6
DA:17,1
DA:19,6
DA:22,1
LF:10
LH:10
BRF:0
BRH:0
end_of_record
